running egg_info
creating ../../build/lidar_reader/lidar_reader.egg-info
writing ../../build/lidar_reader/lidar_reader.egg-info/PKG-INFO
writing dependency_links to ../../build/lidar_reader/lidar_reader.egg-info/dependency_links.txt
writing requirements to ../../build/lidar_reader/lidar_reader.egg-info/requires.txt
writing top-level names to ../../build/lidar_reader/lidar_reader.egg-info/top_level.txt
writing manifest file '../../build/lidar_reader/lidar_reader.egg-info/SOURCES.txt'
reading manifest file '../../build/lidar_reader/lidar_reader.egg-info/SOURCES.txt'
writing manifest file '../../build/lidar_reader/lidar_reader.egg-info/SOURCES.txt'
running build
running install
running install_data
creating /home/arwa/ros2_ws/install/lidar_reader/share/ament_index
creating /home/arwa/ros2_ws/install/lidar_reader/share/ament_index/resource_index
creating /home/arwa/ros2_ws/install/lidar_reader/share/ament_index/resource_index/packages
copying resource/lidar_reader -> /home/arwa/ros2_ws/install/lidar_reader/share/ament_index/resource_index/packages
copying package.xml -> /home/arwa/ros2_ws/install/lidar_reader/share/lidar_reader
running install_egg_info
Copying ../../build/lidar_reader/lidar_reader.egg-info to /home/arwa/ros2_ws/install/lidar_reader/lib/python3.12/site-packages/lidar_reader-0.0.0-py3.12.egg-info
running install_scripts
writing list of installed files to '/home/arwa/ros2_ws/build/lidar_reader/install.log'
