[7.397s] Invoking command in '/home/arwa/ros2_ws/src/lidar_reader': DEBUGINFOD_URLS=https://debuginfod.ubuntu.com PYTHONPATH=/home/arwa/ros2_ws/build/lidar_reader/prefix_override:/usr/lib/python3/dist-packages/colcon_core/task/python/colcon_distutils_commands:/home/arwa/ros2_ws/install/lidar_reader/lib/python3.12/site-packages:${PYTHONPATH} /usr/bin/python3 -W ignore:setup.py install is deprecated -W ignore:easy_install command is deprecated setup.py egg_info --egg-base ../../build/lidar_reader build --build-base /home/arwa/ros2_ws/build/lidar_reader/build install --record /home/arwa/ros2_ws/build/lidar_reader/install.log --single-version-externally-managed install_data
[9.204s] running egg_info
[9.204s] creating ../../build/lidar_reader/lidar_reader.egg-info
[9.262s] writing ../../build/lidar_reader/lidar_reader.egg-info/PKG-INFO
[9.262s] writing dependency_links to ../../build/lidar_reader/lidar_reader.egg-info/dependency_links.txt
[9.265s] writing requirements to ../../build/lidar_reader/lidar_reader.egg-info/requires.txt
[9.269s] writing top-level names to ../../build/lidar_reader/lidar_reader.egg-info/top_level.txt
[9.269s] writing manifest file '../../build/lidar_reader/lidar_reader.egg-info/SOURCES.txt'
[9.332s] reading manifest file '../../build/lidar_reader/lidar_reader.egg-info/SOURCES.txt'
[9.333s] writing manifest file '../../build/lidar_reader/lidar_reader.egg-info/SOURCES.txt'
[9.333s] running build
[9.333s] running install
[9.346s] running install_data
[9.346s] creating /home/arwa/ros2_ws/install/lidar_reader/share/ament_index
[9.348s] creating /home/arwa/ros2_ws/install/lidar_reader/share/ament_index/resource_index
[9.350s] creating /home/arwa/ros2_ws/install/lidar_reader/share/ament_index/resource_index/packages
[9.350s] copying resource/lidar_reader -> /home/arwa/ros2_ws/install/lidar_reader/share/ament_index/resource_index/packages
[9.350s] copying package.xml -> /home/arwa/ros2_ws/install/lidar_reader/share/lidar_reader
[9.356s] running install_egg_info
[9.489s] Copying ../../build/lidar_reader/lidar_reader.egg-info to /home/arwa/ros2_ws/install/lidar_reader/lib/python3.12/site-packages/lidar_reader-0.0.0-py3.12.egg-info
[9.500s] running install_scripts
[10.247s] writing list of installed files to '/home/arwa/ros2_ws/build/lidar_reader/install.log'
[10.553s] Invoked command in '/home/arwa/ros2_ws/src/lidar_reader' returned '0': DEBUGINFOD_URLS=https://debuginfod.ubuntu.com PYTHONPATH=/home/arwa/ros2_ws/build/lidar_reader/prefix_override:/usr/lib/python3/dist-packages/colcon_core/task/python/colcon_distutils_commands:/home/arwa/ros2_ws/install/lidar_reader/lib/python3.12/site-packages:${PYTHONPATH} /usr/bin/python3 -W ignore:setup.py install is deprecated -W ignore:easy_install command is deprecated setup.py egg_info --egg-base ../../build/lidar_reader build --build-base /home/arwa/ros2_ws/build/lidar_reader/build install --record /home/arwa/ros2_ws/build/lidar_reader/install.log --single-version-externally-managed install_data
