/home/arwa/ros2_ws/install/AutonomousProject/lib/python3.12/site-packages/AutonomousProject/pid_controller_node.py
/home/arwa/ros2_ws/install/AutonomousProject/lib/python3.12/site-packages/AutonomousProject/__init__.py
/home/arwa/ros2_ws/install/AutonomousProject/lib/python3.12/site-packages/AutonomousProject/lane_perception_node.py
/home/arwa/ros2_ws/install/AutonomousProject/lib/python3.12/site-packages/AutonomousProject/lidar_obstacle_node.py
/home/arwa/ros2_ws/install/AutonomousProject/lib/python3.12/site-packages/AutonomousProject/__pycache__/pid_controller_node.cpython-312.pyc
/home/arwa/ros2_ws/install/AutonomousProject/lib/python3.12/site-packages/AutonomousProject/__pycache__/__init__.cpython-312.pyc
/home/arwa/ros2_ws/install/AutonomousProject/lib/python3.12/site-packages/AutonomousProject/__pycache__/lane_perception_node.cpython-312.pyc
/home/arwa/ros2_ws/install/AutonomousProject/lib/python3.12/site-packages/AutonomousProject/__pycache__/lidar_obstacle_node.cpython-312.pyc
/home/arwa/ros2_ws/install/AutonomousProject/share/AutonomousProject/launch/simulation.launch.py
/home/arwa/ros2_ws/install/AutonomousProject/share/ament_index/resource_index/packages/AutonomousProject
/home/arwa/ros2_ws/install/AutonomousProject/share/AutonomousProject/package.xml
/home/arwa/ros2_ws/install/AutonomousProject/share/AutonomousProject/worlds/doubleLane.sdf
/home/arwa/ros2_ws/install/AutonomousProject/share/AutonomousProject/worlds/lane_visual.sdf
/home/arwa/ros2_ws/install/AutonomousProject/lib/python3.12/site-packages/AutonomousProject-0.0.0-py3.12.egg-info/zip-safe
/home/arwa/ros2_ws/install/AutonomousProject/lib/python3.12/site-packages/AutonomousProject-0.0.0-py3.12.egg-info/top_level.txt
/home/arwa/ros2_ws/install/AutonomousProject/lib/python3.12/site-packages/AutonomousProject-0.0.0-py3.12.egg-info/SOURCES.txt
/home/arwa/ros2_ws/install/AutonomousProject/lib/python3.12/site-packages/AutonomousProject-0.0.0-py3.12.egg-info/dependency_links.txt
/home/arwa/ros2_ws/install/AutonomousProject/lib/python3.12/site-packages/AutonomousProject-0.0.0-py3.12.egg-info/PKG-INFO
/home/arwa/ros2_ws/install/AutonomousProject/lib/python3.12/site-packages/AutonomousProject-0.0.0-py3.12.egg-info/requires.txt
/home/arwa/ros2_ws/install/AutonomousProject/lib/python3.12/site-packages/AutonomousProject-0.0.0-py3.12.egg-info/entry_points.txt
/home/arwa/ros2_ws/install/AutonomousProject/lib/AutonomousProject/lane_perception
/home/arwa/ros2_ws/install/AutonomousProject/lib/AutonomousProject/lidar_obstacle
/home/arwa/ros2_ws/install/AutonomousProject/lib/AutonomousProject/pid_controller
