[2.380s] Invoking command in '/home/arwa/ros2_ws/src/obstacle_detection': DEBUGINFOD_URLS=https://debuginfod.ubuntu.com PYTHONPATH=/home/arwa/ros2_ws/src/build/obstacle_detection/prefix_override:/usr/lib/python3/dist-packages/colcon_core/task/python/colcon_distutils_commands:/home/arwa/ros2_ws/src/install/obstacle_detection/lib/python3.12/site-packages:${PYTHONPATH} /usr/bin/python3 -W ignore:setup.py install is deprecated -W ignore:easy_install command is deprecated setup.py egg_info --egg-base ../build/obstacle_detection build --build-base /home/arwa/ros2_ws/src/build/obstacle_detection/build install --record /home/arwa/ros2_ws/src/build/obstacle_detection/install.log --single-version-externally-managed install_data
[3.073s] running egg_info
[3.116s] writing ../build/obstacle_detection/obstacle_detection.egg-info/PKG-INFO
[3.117s] writing dependency_links to ../build/obstacle_detection/obstacle_detection.egg-info/dependency_links.txt
[3.117s] writing entry points to ../build/obstacle_detection/obstacle_detection.egg-info/entry_points.txt
[3.118s] writing requirements to ../build/obstacle_detection/obstacle_detection.egg-info/requires.txt
[3.118s] writing top-level names to ../build/obstacle_detection/obstacle_detection.egg-info/top_level.txt
[3.226s] reading manifest file '../build/obstacle_detection/obstacle_detection.egg-info/SOURCES.txt'
[3.228s] writing manifest file '../build/obstacle_detection/obstacle_detection.egg-info/SOURCES.txt'
[3.228s] running build
[3.228s] running build_py
[3.229s] running install
[3.240s] running install_lib
[3.289s] running install_data
[3.289s] running install_egg_info
[3.335s] removing '/home/arwa/ros2_ws/src/install/obstacle_detection/lib/python3.12/site-packages/obstacle_detection-0.0.0-py3.12.egg-info' (and everything under it)
[3.336s] Copying ../build/obstacle_detection/obstacle_detection.egg-info to /home/arwa/ros2_ws/src/install/obstacle_detection/lib/python3.12/site-packages/obstacle_detection-0.0.0-py3.12.egg-info
[3.338s] running install_scripts
[3.761s] Installing obstacle_node script to /home/arwa/ros2_ws/src/install/obstacle_detection/lib/obstacle_detection
[3.761s] writing list of installed files to '/home/arwa/ros2_ws/src/build/obstacle_detection/install.log'
[3.832s] Invoked command in '/home/arwa/ros2_ws/src/obstacle_detection' returned '0': DEBUGINFOD_URLS=https://debuginfod.ubuntu.com PYTHONPATH=/home/arwa/ros2_ws/src/build/obstacle_detection/prefix_override:/usr/lib/python3/dist-packages/colcon_core/task/python/colcon_distutils_commands:/home/arwa/ros2_ws/src/install/obstacle_detection/lib/python3.12/site-packages:${PYTHONPATH} /usr/bin/python3 -W ignore:setup.py install is deprecated -W ignore:easy_install command is deprecated setup.py egg_info --egg-base ../build/obstacle_detection build --build-base /home/arwa/ros2_ws/src/build/obstacle_detection/build install --record /home/arwa/ros2_ws/src/build/obstacle_detection/install.log --single-version-externally-managed install_data
