-- Install configuration: ""
-- Up-to-date: /home/arwa/ros2_ws/install/AutoProject/share/AutoProject/launch
-- Up-to-date: /home/arwa/ros2_ws/install/AutoProject/share/AutoProject/launch/tb4_simulation.launch.py
-- Up-to-date: /home/arwa/ros2_ws/install/AutoProject/share/AutoProject/launch/sim.launch.py
-- Up-to-date: /home/arwa/ros2_ws/install/AutoProject/share/AutoProject/worlds
-- Up-to-date: /home/arwa/ros2_ws/install/AutoProject/share/AutoProject/worlds/doubleLane.sdf
-- Up-to-date: /home/arwa/ros2_ws/install/AutoProject/share/AutoProject/worlds/lane_visual.sdfZone.Identifier
-- Up-to-date: /home/arwa/ros2_ws/install/AutoProject/share/AutoProject/worlds/lane_visual.sdf
-- Up-to-date: /home/arwa/ros2_ws/install/AutoProject/share/ament_index/resource_index/package_run_dependencies/AutoProject
-- Up-to-date: /home/arwa/ros2_ws/install/AutoProject/share/ament_index/resource_index/parent_prefix_path/AutoProject
-- Up-to-date: /home/arwa/ros2_ws/install/AutoProject/share/AutoProject/environment/ament_prefix_path.sh
-- Up-to-date: /home/arwa/ros2_ws/install/AutoProject/share/AutoProject/environment/ament_prefix_path.dsv
-- Up-to-date: /home/arwa/ros2_ws/install/AutoProject/share/AutoProject/environment/path.sh
-- Up-to-date: /home/arwa/ros2_ws/install/AutoProject/share/AutoProject/environment/path.dsv
-- Up-to-date: /home/arwa/ros2_ws/install/AutoProject/share/AutoProject/local_setup.bash
-- Up-to-date: /home/arwa/ros2_ws/install/AutoProject/share/AutoProject/local_setup.sh
-- Up-to-date: /home/arwa/ros2_ws/install/AutoProject/share/AutoProject/local_setup.zsh
-- Up-to-date: /home/arwa/ros2_ws/install/AutoProject/share/AutoProject/local_setup.dsv
-- Installing: /home/arwa/ros2_ws/install/AutoProject/share/AutoProject/package.dsv
-- Up-to-date: /home/arwa/ros2_ws/install/AutoProject/share/ament_index/resource_index/packages/AutoProject
-- Up-to-date: /home/arwa/ros2_ws/install/AutoProject/share/AutoProject/cmake/AutoProjectConfig.cmake
-- Up-to-date: /home/arwa/ros2_ws/install/AutoProject/share/AutoProject/cmake/AutoProjectConfig-version.cmake
-- Up-to-date: /home/arwa/ros2_ws/install/AutoProject/share/AutoProject/package.xml
