[0.132s] Invoking command in '/home/arwa/ros2_ws/build/AutoProject': CMAKE_PREFIX_PATH=${CMAKE_PREFIX_PATH}:/opt/ros/jazzy DEBUGINFOD_URLS=https://debuginfod.ubuntu.com /usr/bin/cmake --build /home/arwa/ros2_ws/build/AutoProject -- -j4 -l4
[1.576s] Invoked command in '/home/arwa/ros2_ws/build/AutoProject' returned '0': CMAKE_PREFIX_PATH=${CMAKE_PREFIX_PATH}:/opt/ros/jazzy DEBUGINFOD_URLS=https://debuginfod.ubuntu.com /usr/bin/cmake --build /home/arwa/ros2_ws/build/AutoProject -- -j4 -l4
[1.603s] Invoking command in '/home/arwa/ros2_ws/build/AutoProject': CMAKE_PREFIX_PATH=${CMAKE_PREFIX_PATH}:/opt/ros/jazzy DEBUGINFOD_URLS=https://debuginfod.ubuntu.com /usr/bin/cmake --install /home/arwa/ros2_ws/build/AutoProject
[1.624s] -- Install configuration: ""
[1.625s] -- Up-to-date: /home/arwa/ros2_ws/install/AutoProject/share/AutoProject/launch
[1.625s] -- Up-to-date: /home/arwa/ros2_ws/install/AutoProject/share/AutoProject/launch/tb4_simulation.launch.py
[1.626s] -- Up-to-date: /home/arwa/ros2_ws/install/AutoProject/share/AutoProject/launch/sim.launch.py
[1.626s] -- Up-to-date: /home/arwa/ros2_ws/install/AutoProject/share/AutoProject/worlds
[1.628s] -- Up-to-date: /home/arwa/ros2_ws/install/AutoProject/share/AutoProject/worlds/doubleLane.sdf
[1.628s] -- Up-to-date: /home/arwa/ros2_ws/install/AutoProject/share/AutoProject/worlds/lane_visual.sdfZone.Identifier
[1.628s] -- Up-to-date: /home/arwa/ros2_ws/install/AutoProject/share/AutoProject/worlds/lane_visual.sdf
[1.628s] -- Up-to-date: /home/arwa/ros2_ws/install/AutoProject/share/ament_index/resource_index/package_run_dependencies/AutoProject
[1.629s] -- Up-to-date: /home/arwa/ros2_ws/install/AutoProject/share/ament_index/resource_index/parent_prefix_path/AutoProject
[1.629s] -- Up-to-date: /home/arwa/ros2_ws/install/AutoProject/share/AutoProject/environment/ament_prefix_path.sh
[1.633s] -- Up-to-date: /home/arwa/ros2_ws/install/AutoProject/share/AutoProject/environment/ament_prefix_path.dsv
[1.633s] -- Up-to-date: /home/arwa/ros2_ws/install/AutoProject/share/AutoProject/environment/path.sh
[1.633s] -- Up-to-date: /home/arwa/ros2_ws/install/AutoProject/share/AutoProject/environment/path.dsv
[1.633s] -- Up-to-date: /home/arwa/ros2_ws/install/AutoProject/share/AutoProject/local_setup.bash
[1.633s] -- Up-to-date: /home/arwa/ros2_ws/install/AutoProject/share/AutoProject/local_setup.sh
[1.633s] -- Up-to-date: /home/arwa/ros2_ws/install/AutoProject/share/AutoProject/local_setup.zsh
[1.633s] -- Up-to-date: /home/arwa/ros2_ws/install/AutoProject/share/AutoProject/local_setup.dsv
[1.633s] -- Installing: /home/arwa/ros2_ws/install/AutoProject/share/AutoProject/package.dsv
[1.634s] -- Up-to-date: /home/arwa/ros2_ws/install/AutoProject/share/ament_index/resource_index/packages/AutoProject
[1.634s] -- Up-to-date: /home/arwa/ros2_ws/install/AutoProject/share/AutoProject/cmake/AutoProjectConfig.cmake
[1.634s] -- Up-to-date: /home/arwa/ros2_ws/install/AutoProject/share/AutoProject/cmake/AutoProjectConfig-version.cmake
[1.634s] -- Up-to-date: /home/arwa/ros2_ws/install/AutoProject/share/AutoProject/package.xml
[1.641s] Invoked command in '/home/arwa/ros2_ws/build/AutoProject' returned '0': CMAKE_PREFIX_PATH=${CMAKE_PREFIX_PATH}:/opt/ros/jazzy DEBUGINFOD_URLS=https://debuginfod.ubuntu.com /usr/bin/cmake --install /home/arwa/ros2_ws/build/AutoProject
