[4.794s] Invoking command in '/home/arwa/ros2_ws/src/obstacle_detection': DEBUGINFOD_URLS=https://debuginfod.ubuntu.com PYTHONPATH=/home/arwa/ros2_ws/build/obstacle_detection/prefix_override:/usr/lib/python3/dist-packages/colcon_core/task/python/colcon_distutils_commands:/home/arwa/ros2_ws/install/obstacle_detection/lib/python3.12/site-packages:${PYTHONPATH} /usr/bin/python3 -W ignore:setup.py install is deprecated -W ignore:easy_install command is deprecated setup.py egg_info --egg-base ../../build/obstacle_detection build --build-base /home/arwa/ros2_ws/build/obstacle_detection/build install --record /home/arwa/ros2_ws/build/obstacle_detection/install.log --single-version-externally-managed install_data
[5.682s] running egg_info
[5.762s] writing ../../build/obstacle_detection/obstacle_detection.egg-info/PKG-INFO
[5.764s] writing dependency_links to ../../build/obstacle_detection/obstacle_detection.egg-info/dependency_links.txt
[5.765s] writing entry points to ../../build/obstacle_detection/obstacle_detection.egg-info/entry_points.txt
[5.766s] writing requirements to ../../build/obstacle_detection/obstacle_detection.egg-info/requires.txt
[5.770s] writing top-level names to ../../build/obstacle_detection/obstacle_detection.egg-info/top_level.txt
[5.917s] reading manifest file '../../build/obstacle_detection/obstacle_detection.egg-info/SOURCES.txt'
[5.918s] writing manifest file '../../build/obstacle_detection/obstacle_detection.egg-info/SOURCES.txt'
[5.920s] running build
[5.920s] running build_py
[5.921s] running install
[5.936s] running install_lib
[6.008s] running install_data
[6.009s] running install_egg_info
[6.068s] removing '/home/arwa/ros2_ws/install/obstacle_detection/lib/python3.12/site-packages/obstacle_detection-0.0.0-py3.12.egg-info' (and everything under it)
[6.077s] Copying ../../build/obstacle_detection/obstacle_detection.egg-info to /home/arwa/ros2_ws/install/obstacle_detection/lib/python3.12/site-packages/obstacle_detection-0.0.0-py3.12.egg-info
[6.077s] running install_scripts
[6.628s] Installing obstacle_node script to /home/arwa/ros2_ws/install/obstacle_detection/lib/obstacle_detection
[6.629s] writing list of installed files to '/home/arwa/ros2_ws/build/obstacle_detection/install.log'
[6.688s] Invoked command in '/home/arwa/ros2_ws/src/obstacle_detection' returned '0': DEBUGINFOD_URLS=https://debuginfod.ubuntu.com PYTHONPATH=/home/arwa/ros2_ws/build/obstacle_detection/prefix_override:/usr/lib/python3/dist-packages/colcon_core/task/python/colcon_distutils_commands:/home/arwa/ros2_ws/install/obstacle_detection/lib/python3.12/site-packages:${PYTHONPATH} /usr/bin/python3 -W ignore:setup.py install is deprecated -W ignore:easy_install command is deprecated setup.py egg_info --egg-base ../../build/obstacle_detection build --build-base /home/arwa/ros2_ws/build/obstacle_detection/build install --record /home/arwa/ros2_ws/build/obstacle_detection/install.log --single-version-externally-managed install_data
