[0.168s] DEBUG:colcon:Command line arguments: ['/usr/bin/colcon', 'build']
[0.168s] DEBUG:colcon:Parsed command line arguments: Namespace(log_base=None, log_level=None, verb_name='build', build_base='build', install_base='install', merge_install=False, symlink_install=False, test_result_base=None, continue_on_error=False, executor='parallel', parallel_workers=4, event_handlers=None, ignore_user_meta=False, metas=['./colcon.meta'], base_paths=['.'], packages_ignore=None, packages_ignore_regex=None, paths=None, packages_up_to=None, packages_up_to_regex=None, packages_above=None, packages_above_and_dependencies=None, packages_above_depth=None, packages_select_by_dep=None, packages_skip_by_dep=None, packages_skip_up_to=None, packages_select_build_failed=False, packages_skip_build_finished=False, packages_select_test_failures=False, packages_skip_test_passed=False, packages_select=None, packages_skip=None, packages_select_regex=None, packages_skip_regex=None, packages_start=None, packages_end=None, allow_overriding=[], cmake_args=None, cmake_target=None, cmake_target_skip_unavailable=False, cmake_clean_cache=False, cmake_clean_first=False, cmake_force_configure=False, ament_cmake_args=None, catkin_cmake_args=None, catkin_skip_building_tests=False, mixin_files=None, mixin=None, verb_parser=<colcon_mixin.mixin.mixin_argument.MixinArgumentDecorator object at 0x7d26435a1340>, verb_extension=<colcon_core.verb.build.BuildVerb object at 0x7d26435a0f50>, main=<bound method BuildVerb.main of <colcon_core.verb.build.BuildVerb object at 0x7d26435a0f50>>, mixin_verb=('build',))
[0.233s] Level 1:colcon.colcon_core.package_discovery:discover_packages(colcon_meta) check parameters
[0.233s] Level 1:colcon.colcon_core.package_discovery:discover_packages(recursive) check parameters
[0.233s] Level 1:colcon.colcon_core.package_discovery:discover_packages(ignore) check parameters
[0.233s] Level 1:colcon.colcon_core.package_discovery:discover_packages(path) check parameters
[0.233s] Level 1:colcon.colcon_core.package_discovery:discover_packages(colcon_meta) discover
[0.233s] Level 1:colcon.colcon_core.package_discovery:discover_packages(recursive) discover
[0.233s] INFO:colcon.colcon_core.package_discovery:Crawling recursively for packages in '/home/arwa/ros2_ws'
[0.233s] Level 1:colcon.colcon_core.package_identification:_identify(.) by extensions ['ignore', 'ignore_ament_install']
[0.233s] Level 1:colcon.colcon_core.package_identification:_identify(.) by extension 'ignore'
[0.234s] Level 1:colcon.colcon_core.package_identification:_identify(.) by extension 'ignore_ament_install'
[0.234s] Level 1:colcon.colcon_core.package_identification:_identify(.) by extensions ['colcon_pkg']
[0.234s] Level 1:colcon.colcon_core.package_identification:_identify(.) by extension 'colcon_pkg'
[0.234s] Level 1:colcon.colcon_core.package_identification:_identify(.) by extensions ['colcon_meta']
[0.234s] Level 1:colcon.colcon_core.package_identification:_identify(.) by extension 'colcon_meta'
[0.234s] Level 1:colcon.colcon_core.package_identification:_identify(.) by extensions ['ros']
[0.234s] Level 1:colcon.colcon_core.package_identification:_identify(.) by extension 'ros'
[0.270s] Level 1:colcon.colcon_core.package_identification:_identify(.) by extensions ['cmake', 'python']
[0.270s] Level 1:colcon.colcon_core.package_identification:_identify(.) by extension 'cmake'
[0.270s] Level 1:colcon.colcon_core.package_identification:_identify(.) by extension 'python'
[0.270s] Level 1:colcon.colcon_core.package_identification:_identify(.) by extensions ['python_setup_py']
[0.270s] Level 1:colcon.colcon_core.package_identification:_identify(.) by extension 'python_setup_py'
[0.270s] Level 1:colcon.colcon_core.package_identification:_identify(build) by extensions ['ignore', 'ignore_ament_install']
[0.270s] Level 1:colcon.colcon_core.package_identification:_identify(build) by extension 'ignore'
[0.270s] Level 1:colcon.colcon_core.package_identification:_identify(build) ignored
[0.271s] Level 1:colcon.colcon_core.package_identification:_identify(install) by extensions ['ignore', 'ignore_ament_install']
[0.271s] Level 1:colcon.colcon_core.package_identification:_identify(install) by extension 'ignore'
[0.271s] Level 1:colcon.colcon_core.package_identification:_identify(install) ignored
[0.271s] Level 1:colcon.colcon_core.package_identification:_identify(log) by extensions ['ignore', 'ignore_ament_install']
[0.271s] Level 1:colcon.colcon_core.package_identification:_identify(log) by extension 'ignore'
[0.271s] Level 1:colcon.colcon_core.package_identification:_identify(log) ignored
[0.271s] Level 1:colcon.colcon_core.package_identification:_identify(src) by extensions ['ignore', 'ignore_ament_install']
[0.271s] Level 1:colcon.colcon_core.package_identification:_identify(src) by extension 'ignore'
[0.272s] Level 1:colcon.colcon_core.package_identification:_identify(src) by extension 'ignore_ament_install'
[0.272s] Level 1:colcon.colcon_core.package_identification:_identify(src) by extensions ['colcon_pkg']
[0.272s] Level 1:colcon.colcon_core.package_identification:_identify(src) by extension 'colcon_pkg'
[0.272s] Level 1:colcon.colcon_core.package_identification:_identify(src) by extensions ['colcon_meta']
[0.272s] Level 1:colcon.colcon_core.package_identification:_identify(src) by extension 'colcon_meta'
[0.272s] Level 1:colcon.colcon_core.package_identification:_identify(src) by extensions ['ros']
[0.272s] Level 1:colcon.colcon_core.package_identification:_identify(src) by extension 'ros'
[0.272s] Level 1:colcon.colcon_core.package_identification:_identify(src) by extensions ['cmake', 'python']
[0.272s] Level 1:colcon.colcon_core.package_identification:_identify(src) by extension 'cmake'
[0.272s] Level 1:colcon.colcon_core.package_identification:_identify(src) by extension 'python'
[0.272s] Level 1:colcon.colcon_core.package_identification:_identify(src) by extensions ['python_setup_py']
[0.272s] Level 1:colcon.colcon_core.package_identification:_identify(src) by extension 'python_setup_py'
[0.273s] Level 1:colcon.colcon_core.package_identification:_identify(src/lidar_reader) by extensions ['ignore', 'ignore_ament_install']
[0.273s] Level 1:colcon.colcon_core.package_identification:_identify(src/lidar_reader) by extension 'ignore'
[0.273s] Level 1:colcon.colcon_core.package_identification:_identify(src/lidar_reader) by extension 'ignore_ament_install'
[0.273s] Level 1:colcon.colcon_core.package_identification:_identify(src/lidar_reader) by extensions ['colcon_pkg']
[0.273s] Level 1:colcon.colcon_core.package_identification:_identify(src/lidar_reader) by extension 'colcon_pkg'
[0.273s] Level 1:colcon.colcon_core.package_identification:_identify(src/lidar_reader) by extensions ['colcon_meta']
[0.273s] Level 1:colcon.colcon_core.package_identification:_identify(src/lidar_reader) by extension 'colcon_meta'
[0.273s] Level 1:colcon.colcon_core.package_identification:_identify(src/lidar_reader) by extensions ['ros']
[0.273s] Level 1:colcon.colcon_core.package_identification:_identify(src/lidar_reader) by extension 'ros'
[0.276s] DEBUG:colcon.colcon_core.package_identification:Package 'src/lidar_reader' with type 'ros.ament_python' and name 'lidar_reader'
[0.276s] Level 1:colcon.colcon_core.package_identification:_identify(src/obstacle_detection) by extensions ['ignore', 'ignore_ament_install']
[0.276s] Level 1:colcon.colcon_core.package_identification:_identify(src/obstacle_detection) by extension 'ignore'
[0.276s] Level 1:colcon.colcon_core.package_identification:_identify(src/obstacle_detection) by extension 'ignore_ament_install'
[0.276s] Level 1:colcon.colcon_core.package_identification:_identify(src/obstacle_detection) by extensions ['colcon_pkg']
[0.276s] Level 1:colcon.colcon_core.package_identification:_identify(src/obstacle_detection) by extension 'colcon_pkg'
[0.276s] Level 1:colcon.colcon_core.package_identification:_identify(src/obstacle_detection) by extensions ['colcon_meta']
[0.276s] Level 1:colcon.colcon_core.package_identification:_identify(src/obstacle_detection) by extension 'colcon_meta'
[0.277s] Level 1:colcon.colcon_core.package_identification:_identify(src/obstacle_detection) by extensions ['ros']
[0.277s] Level 1:colcon.colcon_core.package_identification:_identify(src/obstacle_detection) by extension 'ros'
[0.277s] DEBUG:colcon.colcon_core.package_identification:Package 'src/obstacle_detection' with type 'ros.ament_python' and name 'obstacle_detection'
[0.277s] Level 1:colcon.colcon_core.package_discovery:discover_packages(recursive) using defaults
[0.277s] Level 1:colcon.colcon_core.package_discovery:discover_packages(ignore) discover
[0.277s] Level 1:colcon.colcon_core.package_discovery:discover_packages(ignore) using defaults
[0.278s] Level 1:colcon.colcon_core.package_discovery:discover_packages(path) discover
[0.278s] Level 1:colcon.colcon_core.package_discovery:discover_packages(path) using defaults
[0.301s] Level 1:colcon.colcon_core.package_discovery:discover_packages(prefix_path) check parameters
[0.301s] Level 1:colcon.colcon_core.package_discovery:discover_packages(prefix_path) discover
[0.306s] DEBUG:colcon.colcon_installed_package_information.package_discovery:Found 483 installed packages in /opt/ros/jazzy
[0.308s] Level 1:colcon.colcon_core.package_discovery:discover_packages(prefix_path) using defaults
[0.404s] Level 5:colcon.colcon_core.verb:set package 'lidar_reader' build argument 'cmake_args' from command line to 'None'
[0.404s] Level 5:colcon.colcon_core.verb:set package 'lidar_reader' build argument 'cmake_target' from command line to 'None'
[0.404s] Level 5:colcon.colcon_core.verb:set package 'lidar_reader' build argument 'cmake_target_skip_unavailable' from command line to 'False'
[0.405s] Level 5:colcon.colcon_core.verb:set package 'lidar_reader' build argument 'cmake_clean_cache' from command line to 'False'
[0.405s] Level 5:colcon.colcon_core.verb:set package 'lidar_reader' build argument 'cmake_clean_first' from command line to 'False'
[0.405s] Level 5:colcon.colcon_core.verb:set package 'lidar_reader' build argument 'cmake_force_configure' from command line to 'False'
[0.405s] Level 5:colcon.colcon_core.verb:set package 'lidar_reader' build argument 'ament_cmake_args' from command line to 'None'
[0.405s] Level 5:colcon.colcon_core.verb:set package 'lidar_reader' build argument 'catkin_cmake_args' from command line to 'None'
[0.405s] Level 5:colcon.colcon_core.verb:set package 'lidar_reader' build argument 'catkin_skip_building_tests' from command line to 'False'
[0.405s] DEBUG:colcon.colcon_core.verb:Building package 'lidar_reader' with the following arguments: {'ament_cmake_args': None, 'build_base': '/home/arwa/ros2_ws/build/lidar_reader', 'catkin_cmake_args': None, 'catkin_skip_building_tests': False, 'cmake_args': None, 'cmake_clean_cache': False, 'cmake_clean_first': False, 'cmake_force_configure': False, 'cmake_target': None, 'cmake_target_skip_unavailable': False, 'install_base': '/home/arwa/ros2_ws/install/lidar_reader', 'merge_install': False, 'path': '/home/arwa/ros2_ws/src/lidar_reader', 'symlink_install': False, 'test_result_base': None}
[0.405s] Level 5:colcon.colcon_core.verb:set package 'obstacle_detection' build argument 'cmake_args' from command line to 'None'
[0.405s] Level 5:colcon.colcon_core.verb:set package 'obstacle_detection' build argument 'cmake_target' from command line to 'None'
[0.405s] Level 5:colcon.colcon_core.verb:set package 'obstacle_detection' build argument 'cmake_target_skip_unavailable' from command line to 'False'
[0.405s] Level 5:colcon.colcon_core.verb:set package 'obstacle_detection' build argument 'cmake_clean_cache' from command line to 'False'
[0.405s] Level 5:colcon.colcon_core.verb:set package 'obstacle_detection' build argument 'cmake_clean_first' from command line to 'False'
[0.405s] Level 5:colcon.colcon_core.verb:set package 'obstacle_detection' build argument 'cmake_force_configure' from command line to 'False'
[0.405s] Level 5:colcon.colcon_core.verb:set package 'obstacle_detection' build argument 'ament_cmake_args' from command line to 'None'
[0.405s] Level 5:colcon.colcon_core.verb:set package 'obstacle_detection' build argument 'catkin_cmake_args' from command line to 'None'
[0.405s] Level 5:colcon.colcon_core.verb:set package 'obstacle_detection' build argument 'catkin_skip_building_tests' from command line to 'False'
[0.405s] DEBUG:colcon.colcon_core.verb:Building package 'obstacle_detection' with the following arguments: {'ament_cmake_args': None, 'build_base': '/home/arwa/ros2_ws/build/obstacle_detection', 'catkin_cmake_args': None, 'catkin_skip_building_tests': False, 'cmake_args': None, 'cmake_clean_cache': False, 'cmake_clean_first': False, 'cmake_force_configure': False, 'cmake_target': None, 'cmake_target_skip_unavailable': False, 'install_base': '/home/arwa/ros2_ws/install/obstacle_detection', 'merge_install': False, 'path': '/home/arwa/ros2_ws/src/obstacle_detection', 'symlink_install': False, 'test_result_base': None}
[0.406s] INFO:colcon.colcon_core.executor:Executing jobs using 'parallel' executor
[0.407s] DEBUG:colcon.colcon_parallel_executor.executor.parallel:run_until_complete
[0.407s] INFO:colcon.colcon_ros.task.ament_python.build:Building ROS package in '/home/arwa/ros2_ws/src/lidar_reader' with build type 'ament_python'
[0.407s] Level 1:colcon.colcon_core.shell:create_environment_hook('lidar_reader', 'ament_prefix_path')
[0.411s] INFO:colcon.colcon_core.plugin_system:Skipping extension 'colcon_core.shell.bat': Not used on non-Windows systems
[0.411s] INFO:colcon.colcon_core.shell:Creating environment hook '/home/arwa/ros2_ws/install/lidar_reader/share/lidar_reader/hook/ament_prefix_path.ps1'
[0.412s] INFO:colcon.colcon_core.shell:Creating environment descriptor '/home/arwa/ros2_ws/install/lidar_reader/share/lidar_reader/hook/ament_prefix_path.dsv'
[0.413s] INFO:colcon.colcon_core.shell:Creating environment hook '/home/arwa/ros2_ws/install/lidar_reader/share/lidar_reader/hook/ament_prefix_path.sh'
[0.414s] INFO:colcon.colcon_core.shell:Skip shell extension 'powershell' for command environment: Not usable outside of PowerShell
[0.414s] DEBUG:colcon.colcon_core.shell:Skip shell extension 'dsv' for command environment
[0.421s] INFO:colcon.colcon_ros.task.ament_python.build:Building ROS package in '/home/arwa/ros2_ws/src/obstacle_detection' with build type 'ament_python'
[0.421s] Level 1:colcon.colcon_core.shell:create_environment_hook('obstacle_detection', 'ament_prefix_path')
[0.421s] INFO:colcon.colcon_core.shell:Creating environment hook '/home/arwa/ros2_ws/install/obstacle_detection/share/obstacle_detection/hook/ament_prefix_path.ps1'
[0.422s] INFO:colcon.colcon_core.shell:Creating environment descriptor '/home/arwa/ros2_ws/install/obstacle_detection/share/obstacle_detection/hook/ament_prefix_path.dsv'
[0.423s] INFO:colcon.colcon_core.shell:Creating environment hook '/home/arwa/ros2_ws/install/obstacle_detection/share/obstacle_detection/hook/ament_prefix_path.sh'
[0.423s] INFO:colcon.colcon_core.shell:Skip shell extension 'powershell' for command environment: Not usable outside of PowerShell
[0.423s] DEBUG:colcon.colcon_core.shell:Skip shell extension 'dsv' for command environment
[0.846s] INFO:colcon.colcon_core.task.python.build:Building Python package in '/home/arwa/ros2_ws/src/lidar_reader'
[0.846s] INFO:colcon.colcon_core.shell:Skip shell extension 'powershell' for command environment: Not usable outside of PowerShell
[0.846s] DEBUG:colcon.colcon_core.shell:Skip shell extension 'dsv' for command environment
[1.241s] INFO:colcon.colcon_core.task.python.build:Building Python package in '/home/arwa/ros2_ws/src/obstacle_detection'
[1.242s] INFO:colcon.colcon_core.shell:Skip shell extension 'powershell' for command environment: Not usable outside of PowerShell
[1.242s] DEBUG:colcon.colcon_core.shell:Skip shell extension 'dsv' for command environment
[2.436s] DEBUG:colcon.colcon_core.event_handler.log_command:Invoking command in '/home/arwa/ros2_ws/src/obstacle_detection': DEBUGINFOD_URLS=https://debuginfod.ubuntu.com PYTHONPATH=/home/arwa/ros2_ws/build/obstacle_detection/prefix_override:/usr/lib/python3/dist-packages/colcon_core/task/python/colcon_distutils_commands:/home/arwa/ros2_ws/install/obstacle_detection/lib/python3.12/site-packages:${PYTHONPATH} /usr/bin/python3 -W ignore:setup.py install is deprecated -W ignore:easy_install command is deprecated setup.py egg_info --egg-base ../../build/obstacle_detection build --build-base /home/arwa/ros2_ws/build/obstacle_detection/build install --record /home/arwa/ros2_ws/build/obstacle_detection/install.log --single-version-externally-managed install_data
[2.447s] DEBUG:colcon.colcon_core.event_handler.log_command:Invoking command in '/home/arwa/ros2_ws/src/lidar_reader': DEBUGINFOD_URLS=https://debuginfod.ubuntu.com PYTHONPATH=/home/arwa/ros2_ws/build/lidar_reader/prefix_override:/usr/lib/python3/dist-packages/colcon_core/task/python/colcon_distutils_commands:/home/arwa/ros2_ws/install/lidar_reader/lib/python3.12/site-packages:${PYTHONPATH} /usr/bin/python3 -W ignore:setup.py install is deprecated -W ignore:easy_install command is deprecated setup.py egg_info --egg-base ../../build/lidar_reader build --build-base /home/arwa/ros2_ws/build/lidar_reader/build install --record /home/arwa/ros2_ws/build/lidar_reader/install.log --single-version-externally-managed install_data
[3.589s] DEBUG:colcon.colcon_core.event_handler.log_command:Invoked command in '/home/arwa/ros2_ws/src/lidar_reader' returned '0': DEBUGINFOD_URLS=https://debuginfod.ubuntu.com PYTHONPATH=/home/arwa/ros2_ws/build/lidar_reader/prefix_override:/usr/lib/python3/dist-packages/colcon_core/task/python/colcon_distutils_commands:/home/arwa/ros2_ws/install/lidar_reader/lib/python3.12/site-packages:${PYTHONPATH} /usr/bin/python3 -W ignore:setup.py install is deprecated -W ignore:easy_install command is deprecated setup.py egg_info --egg-base ../../build/lidar_reader build --build-base /home/arwa/ros2_ws/build/lidar_reader/build install --record /home/arwa/ros2_ws/build/lidar_reader/install.log --single-version-externally-managed install_data
[3.593s] Level 1:colcon.colcon_core.environment:checking '/home/arwa/ros2_ws/install/lidar_reader' for CMake module files
[3.594s] Level 1:colcon.colcon_core.environment:checking '/home/arwa/ros2_ws/install/lidar_reader' for CMake config files
[3.595s] Level 1:colcon.colcon_core.environment:checking '/home/arwa/ros2_ws/install/lidar_reader/lib'
[3.595s] Level 1:colcon.colcon_core.environment:checking '/home/arwa/ros2_ws/install/lidar_reader/bin'
[3.595s] Level 1:colcon.colcon_core.environment:checking '/home/arwa/ros2_ws/install/lidar_reader/lib/pkgconfig/lidar_reader.pc'
[3.596s] Level 1:colcon.colcon_core.environment:checking '/home/arwa/ros2_ws/install/lidar_reader/lib/python3.12/site-packages'
[3.596s] Level 1:colcon.colcon_core.shell:create_environment_hook('lidar_reader', 'pythonpath')
[3.596s] INFO:colcon.colcon_core.shell:Creating environment hook '/home/arwa/ros2_ws/install/lidar_reader/share/lidar_reader/hook/pythonpath.ps1'
[3.597s] INFO:colcon.colcon_core.shell:Creating environment descriptor '/home/arwa/ros2_ws/install/lidar_reader/share/lidar_reader/hook/pythonpath.dsv'
[3.598s] INFO:colcon.colcon_core.shell:Creating environment hook '/home/arwa/ros2_ws/install/lidar_reader/share/lidar_reader/hook/pythonpath.sh'
[3.599s] Level 1:colcon.colcon_core.environment:checking '/home/arwa/ros2_ws/install/lidar_reader/bin'
[3.600s] Level 1:colcon.colcon_core.environment:create_environment_scripts_only(lidar_reader)
[3.600s] INFO:colcon.colcon_core.shell:Creating package script '/home/arwa/ros2_ws/install/lidar_reader/share/lidar_reader/package.ps1'
[3.601s] INFO:colcon.colcon_core.shell:Creating package descriptor '/home/arwa/ros2_ws/install/lidar_reader/share/lidar_reader/package.dsv'
[3.602s] INFO:colcon.colcon_core.shell:Creating package script '/home/arwa/ros2_ws/install/lidar_reader/share/lidar_reader/package.sh'
[3.603s] INFO:colcon.colcon_core.shell:Creating package script '/home/arwa/ros2_ws/install/lidar_reader/share/lidar_reader/package.bash'
[3.604s] INFO:colcon.colcon_core.shell:Creating package script '/home/arwa/ros2_ws/install/lidar_reader/share/lidar_reader/package.zsh'
[3.605s] Level 1:colcon.colcon_core.environment:create_file_with_runtime_dependencies(/home/arwa/ros2_ws/install/lidar_reader/share/colcon-core/packages/lidar_reader)
[3.613s] Level 1:colcon.colcon_core.environment:checking '/home/arwa/ros2_ws/install/obstacle_detection' for CMake module files
[3.614s] DEBUG:colcon.colcon_core.event_handler.log_command:Invoked command in '/home/arwa/ros2_ws/src/obstacle_detection' returned '0': DEBUGINFOD_URLS=https://debuginfod.ubuntu.com PYTHONPATH=/home/arwa/ros2_ws/build/obstacle_detection/prefix_override:/usr/lib/python3/dist-packages/colcon_core/task/python/colcon_distutils_commands:/home/arwa/ros2_ws/install/obstacle_detection/lib/python3.12/site-packages:${PYTHONPATH} /usr/bin/python3 -W ignore:setup.py install is deprecated -W ignore:easy_install command is deprecated setup.py egg_info --egg-base ../../build/obstacle_detection build --build-base /home/arwa/ros2_ws/build/obstacle_detection/build install --record /home/arwa/ros2_ws/build/obstacle_detection/install.log --single-version-externally-managed install_data
[3.615s] Level 1:colcon.colcon_core.environment:checking '/home/arwa/ros2_ws/install/obstacle_detection' for CMake config files
[3.615s] Level 1:colcon.colcon_core.environment:checking '/home/arwa/ros2_ws/install/obstacle_detection/lib'
[3.616s] Level 1:colcon.colcon_core.environment:checking '/home/arwa/ros2_ws/install/obstacle_detection/bin'
[3.616s] Level 1:colcon.colcon_core.environment:checking '/home/arwa/ros2_ws/install/obstacle_detection/lib/pkgconfig/obstacle_detection.pc'
[3.616s] Level 1:colcon.colcon_core.environment:checking '/home/arwa/ros2_ws/install/obstacle_detection/lib/python3.12/site-packages'
[3.616s] Level 1:colcon.colcon_core.shell:create_environment_hook('obstacle_detection', 'pythonpath')
[3.616s] INFO:colcon.colcon_core.shell:Creating environment hook '/home/arwa/ros2_ws/install/obstacle_detection/share/obstacle_detection/hook/pythonpath.ps1'
[3.617s] INFO:colcon.colcon_core.shell:Creating environment descriptor '/home/arwa/ros2_ws/install/obstacle_detection/share/obstacle_detection/hook/pythonpath.dsv'
[3.618s] INFO:colcon.colcon_core.shell:Creating environment hook '/home/arwa/ros2_ws/install/obstacle_detection/share/obstacle_detection/hook/pythonpath.sh'
[3.619s] Level 1:colcon.colcon_core.environment:checking '/home/arwa/ros2_ws/install/obstacle_detection/bin'
[3.619s] Level 1:colcon.colcon_core.environment:create_environment_scripts_only(obstacle_detection)
[3.619s] INFO:colcon.colcon_core.shell:Creating package script '/home/arwa/ros2_ws/install/obstacle_detection/share/obstacle_detection/package.ps1'
[3.620s] INFO:colcon.colcon_core.shell:Creating package descriptor '/home/arwa/ros2_ws/install/obstacle_detection/share/obstacle_detection/package.dsv'
[3.621s] INFO:colcon.colcon_core.shell:Creating package script '/home/arwa/ros2_ws/install/obstacle_detection/share/obstacle_detection/package.sh'
[3.622s] INFO:colcon.colcon_core.shell:Creating package script '/home/arwa/ros2_ws/install/obstacle_detection/share/obstacle_detection/package.bash'
[3.622s] INFO:colcon.colcon_core.shell:Creating package script '/home/arwa/ros2_ws/install/obstacle_detection/share/obstacle_detection/package.zsh'
[3.623s] Level 1:colcon.colcon_core.environment:create_file_with_runtime_dependencies(/home/arwa/ros2_ws/install/obstacle_detection/share/colcon-core/packages/obstacle_detection)
[3.623s] DEBUG:colcon.colcon_parallel_executor.executor.parallel:closing loop
[3.624s] DEBUG:colcon.colcon_parallel_executor.executor.parallel:loop closed
[3.624s] DEBUG:colcon.colcon_parallel_executor.executor.parallel:run_until_complete finished with '0'
[3.624s] DEBUG:colcon.colcon_core.event_reactor:joining thread
[3.664s] INFO:colcon.colcon_core.plugin_system:Skipping extension 'colcon_notification.desktop_notification.terminal_notifier': Not used on non-Darwin systems
[3.665s] INFO:colcon.colcon_core.plugin_system:Skipping extension 'colcon_notification.desktop_notification.win32': Not used on non-Windows systems
[3.665s] INFO:colcon.colcon_notification.desktop_notification:Sending desktop notification using 'notify2'
[3.686s] DEBUG:colcon.colcon_core.event_reactor:joined thread
[3.687s] INFO:colcon.colcon_core.shell:Creating prefix script '/home/arwa/ros2_ws/install/local_setup.ps1'
[3.689s] INFO:colcon.colcon_core.shell:Creating prefix util module '/home/arwa/ros2_ws/install/_local_setup_util_ps1.py'
[3.694s] INFO:colcon.colcon_core.shell:Creating prefix chain script '/home/arwa/ros2_ws/install/setup.ps1'
[3.699s] INFO:colcon.colcon_core.shell:Creating prefix script '/home/arwa/ros2_ws/install/local_setup.sh'
[3.700s] INFO:colcon.colcon_core.shell:Creating prefix util module '/home/arwa/ros2_ws/install/_local_setup_util_sh.py'
[3.703s] INFO:colcon.colcon_core.shell:Creating prefix chain script '/home/arwa/ros2_ws/install/setup.sh'
[3.706s] INFO:colcon.colcon_core.shell:Creating prefix script '/home/arwa/ros2_ws/install/local_setup.bash'
[3.707s] INFO:colcon.colcon_core.shell:Creating prefix chain script '/home/arwa/ros2_ws/install/setup.bash'
[3.710s] INFO:colcon.colcon_core.shell:Creating prefix script '/home/arwa/ros2_ws/install/local_setup.zsh'
[3.712s] INFO:colcon.colcon_core.shell:Creating prefix chain script '/home/arwa/ros2_ws/install/setup.zsh'
