[3.483s] Invoking command in '/home/arwa/ros2_ws/src/obstacle_detection': DEBUGINFOD_URLS=https://debuginfod.ubuntu.com PYTHONPATH=/home/arwa/ros2_ws/build/obstacle_detection/prefix_override:/usr/lib/python3/dist-packages/colcon_core/task/python/colcon_distutils_commands:/home/arwa/ros2_ws/install/obstacle_detection/lib/python3.12/site-packages:${PYTHONPATH} /usr/bin/python3 -W ignore:setup.py install is deprecated -W ignore:easy_install command is deprecated setup.py egg_info --egg-base ../../build/obstacle_detection build --build-base /home/arwa/ros2_ws/build/obstacle_detection/build install --record /home/arwa/ros2_ws/build/obstacle_detection/install.log --single-version-externally-managed install_data
[4.531s] running egg_info
[4.650s] writing ../../build/obstacle_detection/obstacle_detection.egg-info/PKG-INFO
[4.652s] writing dependency_links to ../../build/obstacle_detection/obstacle_detection.egg-info/dependency_links.txt
[4.654s] writing entry points to ../../build/obstacle_detection/obstacle_detection.egg-info/entry_points.txt
[4.660s] writing requirements to ../../build/obstacle_detection/obstacle_detection.egg-info/requires.txt
[4.661s] writing top-level names to ../../build/obstacle_detection/obstacle_detection.egg-info/top_level.txt
[4.876s] reading manifest file '../../build/obstacle_detection/obstacle_detection.egg-info/SOURCES.txt'
[4.879s] writing manifest file '../../build/obstacle_detection/obstacle_detection.egg-info/SOURCES.txt'
[4.879s] running build
[4.879s] running build_py
[4.883s] running install
[4.909s] running install_lib
[4.984s] running install_data
[4.987s] running install_egg_info
[5.070s] removing '/home/arwa/ros2_ws/install/obstacle_detection/lib/python3.12/site-packages/obstacle_detection-0.0.0-py3.12.egg-info' (and everything under it)
[5.071s] Copying ../../build/obstacle_detection/obstacle_detection.egg-info to /home/arwa/ros2_ws/install/obstacle_detection/lib/python3.12/site-packages/obstacle_detection-0.0.0-py3.12.egg-info
[5.074s] running install_scripts
[5.596s] Installing obstacle_node script to /home/arwa/ros2_ws/install/obstacle_detection/lib/obstacle_detection
[5.597s] writing list of installed files to '/home/arwa/ros2_ws/build/obstacle_detection/install.log'
[5.650s] Invoked command in '/home/arwa/ros2_ws/src/obstacle_detection' returned '0': DEBUGINFOD_URLS=https://debuginfod.ubuntu.com PYTHONPATH=/home/arwa/ros2_ws/build/obstacle_detection/prefix_override:/usr/lib/python3/dist-packages/colcon_core/task/python/colcon_distutils_commands:/home/arwa/ros2_ws/install/obstacle_detection/lib/python3.12/site-packages:${PYTHONPATH} /usr/bin/python3 -W ignore:setup.py install is deprecated -W ignore:easy_install command is deprecated setup.py egg_info --egg-base ../../build/obstacle_detection build --build-base /home/arwa/ros2_ws/build/obstacle_detection/build install --record /home/arwa/ros2_ws/build/obstacle_detection/install.log --single-version-externally-managed install_data
