[2.707s] Invoking command in '/home/arwa/ros2_ws/src/obstacle_detection': DEBUGINFOD_URLS=https://debuginfod.ubuntu.com PYTHONPATH=/home/arwa/ros2_ws/src/build/obstacle_detection/prefix_override:/usr/lib/python3/dist-packages/colcon_core/task/python/colcon_distutils_commands:/home/arwa/ros2_ws/src/install/obstacle_detection/lib/python3.12/site-packages:${PYTHONPATH} /usr/bin/python3 -W ignore:setup.py install is deprecated -W ignore:easy_install command is deprecated setup.py egg_info --egg-base ../build/obstacle_detection build --build-base /home/arwa/ros2_ws/src/build/obstacle_detection/build install --record /home/arwa/ros2_ws/src/build/obstacle_detection/install.log --single-version-externally-managed install_data
[3.541s] running egg_info
[3.542s] creating ../build/obstacle_detection/obstacle_detection.egg-info
[3.597s] writing ../build/obstacle_detection/obstacle_detection.egg-info/PKG-INFO
[3.597s] writing dependency_links to ../build/obstacle_detection/obstacle_detection.egg-info/dependency_links.txt
[3.598s] writing entry points to ../build/obstacle_detection/obstacle_detection.egg-info/entry_points.txt
[3.598s] writing requirements to ../build/obstacle_detection/obstacle_detection.egg-info/requires.txt
[3.598s] writing top-level names to ../build/obstacle_detection/obstacle_detection.egg-info/top_level.txt
[3.598s] writing manifest file '../build/obstacle_detection/obstacle_detection.egg-info/SOURCES.txt'
[3.686s] reading manifest file '../build/obstacle_detection/obstacle_detection.egg-info/SOURCES.txt'
[3.687s] writing manifest file '../build/obstacle_detection/obstacle_detection.egg-info/SOURCES.txt'
[3.688s] running build
[3.688s] running build_py
[3.688s] creating /home/arwa/ros2_ws/src/build/obstacle_detection/build
[3.688s] creating /home/arwa/ros2_ws/src/build/obstacle_detection/build/lib
[3.688s] creating /home/arwa/ros2_ws/src/build/obstacle_detection/build/lib/obstacle_detection
[3.689s] copying obstacle_detection/__init__.py -> /home/arwa/ros2_ws/src/build/obstacle_detection/build/lib/obstacle_detection
[3.690s] copying obstacle_detection/obstacle_node.py -> /home/arwa/ros2_ws/src/build/obstacle_detection/build/lib/obstacle_detection
[3.695s] running install
[3.708s] running install_lib
[3.757s] creating /home/arwa/ros2_ws/src/install/obstacle_detection/lib/python3.12/site-packages/obstacle_detection
[3.758s] copying /home/arwa/ros2_ws/src/build/obstacle_detection/build/lib/obstacle_detection/__init__.py -> /home/arwa/ros2_ws/src/install/obstacle_detection/lib/python3.12/site-packages/obstacle_detection
[3.758s] copying /home/arwa/ros2_ws/src/build/obstacle_detection/build/lib/obstacle_detection/obstacle_node.py -> /home/arwa/ros2_ws/src/install/obstacle_detection/lib/python3.12/site-packages/obstacle_detection
[3.759s] byte-compiling /home/arwa/ros2_ws/src/install/obstacle_detection/lib/python3.12/site-packages/obstacle_detection/__init__.py to __init__.cpython-312.pyc
[3.760s] byte-compiling /home/arwa/ros2_ws/src/install/obstacle_detection/lib/python3.12/site-packages/obstacle_detection/obstacle_node.py to obstacle_node.cpython-312.pyc
[3.762s] running install_data
[3.762s] creating /home/arwa/ros2_ws/src/install/obstacle_detection/share/ament_index
[3.763s] creating /home/arwa/ros2_ws/src/install/obstacle_detection/share/ament_index/resource_index
[3.763s] creating /home/arwa/ros2_ws/src/install/obstacle_detection/share/ament_index/resource_index/packages
[3.764s] copying resource/obstacle_detection -> /home/arwa/ros2_ws/src/install/obstacle_detection/share/ament_index/resource_index/packages
[3.764s] copying package.xml -> /home/arwa/ros2_ws/src/install/obstacle_detection/share/obstacle_detection
[3.764s] running install_egg_info
[3.817s] Copying ../build/obstacle_detection/obstacle_detection.egg-info to /home/arwa/ros2_ws/src/install/obstacle_detection/lib/python3.12/site-packages/obstacle_detection-0.0.0-py3.12.egg-info
[3.819s] running install_scripts
[4.212s] Installing obstacle_node script to /home/arwa/ros2_ws/src/install/obstacle_detection/lib/obstacle_detection
[4.213s] writing list of installed files to '/home/arwa/ros2_ws/src/build/obstacle_detection/install.log'
[4.281s] Invoked command in '/home/arwa/ros2_ws/src/obstacle_detection' returned '0': DEBUGINFOD_URLS=https://debuginfod.ubuntu.com PYTHONPATH=/home/arwa/ros2_ws/src/build/obstacle_detection/prefix_override:/usr/lib/python3/dist-packages/colcon_core/task/python/colcon_distutils_commands:/home/arwa/ros2_ws/src/install/obstacle_detection/lib/python3.12/site-packages:${PYTHONPATH} /usr/bin/python3 -W ignore:setup.py install is deprecated -W ignore:easy_install command is deprecated setup.py egg_info --egg-base ../build/obstacle_detection build --build-base /home/arwa/ros2_ws/src/build/obstacle_detection/build install --record /home/arwa/ros2_ws/src/build/obstacle_detection/install.log --single-version-externally-managed install_data
