running egg_info
creating ../../build/obstacle_detection/obstacle_detection.egg-info
writing ../../build/obstacle_detection/obstacle_detection.egg-info/PKG-INFO
writing dependency_links to ../../build/obstacle_detection/obstacle_detection.egg-info/dependency_links.txt
writing entry points to ../../build/obstacle_detection/obstacle_detection.egg-info/entry_points.txt
writing requirements to ../../build/obstacle_detection/obstacle_detection.egg-info/requires.txt
writing top-level names to ../../build/obstacle_detection/obstacle_detection.egg-info/top_level.txt
writing manifest file '../../build/obstacle_detection/obstacle_detection.egg-info/SOURCES.txt'
reading manifest file '../../build/obstacle_detection/obstacle_detection.egg-info/SOURCES.txt'
writing manifest file '../../build/obstacle_detection/obstacle_detection.egg-info/SOURCES.txt'
running build
running build_py
creating /home/arwa/ros2_ws/build/obstacle_detection/build
creating /home/arwa/ros2_ws/build/obstacle_detection/build/lib
creating /home/arwa/ros2_ws/build/obstacle_detection/build/lib/obstacle_detection
copying obstacle_detection/__init__.py -> /home/arwa/ros2_ws/build/obstacle_detection/build/lib/obstacle_detection
copying obstacle_detection/obstacle_node.py -> /home/arwa/ros2_ws/build/obstacle_detection/build/lib/obstacle_detection
running install
running install_lib
creating /home/arwa/ros2_ws/install/obstacle_detection/lib/python3.12/site-packages/obstacle_detection
copying /home/arwa/ros2_ws/build/obstacle_detection/build/lib/obstacle_detection/__init__.py -> /home/arwa/ros2_ws/install/obstacle_detection/lib/python3.12/site-packages/obstacle_detection
copying /home/arwa/ros2_ws/build/obstacle_detection/build/lib/obstacle_detection/obstacle_node.py -> /home/arwa/ros2_ws/install/obstacle_detection/lib/python3.12/site-packages/obstacle_detection
byte-compiling /home/arwa/ros2_ws/install/obstacle_detection/lib/python3.12/site-packages/obstacle_detection/__init__.py to __init__.cpython-312.pyc
byte-compiling /home/arwa/ros2_ws/install/obstacle_detection/lib/python3.12/site-packages/obstacle_detection/obstacle_node.py to obstacle_node.cpython-312.pyc
running install_data
creating /home/arwa/ros2_ws/install/obstacle_detection/share/ament_index
creating /home/arwa/ros2_ws/install/obstacle_detection/share/ament_index/resource_index
creating /home/arwa/ros2_ws/install/obstacle_detection/share/ament_index/resource_index/packages
copying resource/obstacle_detection -> /home/arwa/ros2_ws/install/obstacle_detection/share/ament_index/resource_index/packages
copying package.xml -> /home/arwa/ros2_ws/install/obstacle_detection/share/obstacle_detection
running install_egg_info
Copying ../../build/obstacle_detection/obstacle_detection.egg-info to /home/arwa/ros2_ws/install/obstacle_detection/lib/python3.12/site-packages/obstacle_detection-0.0.0-py3.12.egg-info
running install_scripts
Installing obstacle_node script to /home/arwa/ros2_ws/install/obstacle_detection/lib/obstacle_detection
writing list of installed files to '/home/arwa/ros2_ws/build/obstacle_detection/install.log'
