[0.060s] Invoking command in '/home/arwa/ros2_ws/src/build/AutoProject': CMAKE_PREFIX_PATH=${CMAKE_PREFIX_PATH}:/opt/ros/jazzy DEBUGINFOD_URLS=https://debuginfod.ubuntu.com /usr/bin/cmake --build /home/arwa/ros2_ws/src/build/AutoProject -- -j4 -l4
[0.958s] Invoked command in '/home/arwa/ros2_ws/src/build/AutoProject' returned '0': CMAKE_PREFIX_PATH=${CMAKE_PREFIX_PATH}:/opt/ros/jazzy DEBUGINFOD_URLS=https://debuginfod.ubuntu.com /usr/bin/cmake --build /home/arwa/ros2_ws/src/build/AutoProject -- -j4 -l4
[0.976s] Invoking command in '/home/arwa/ros2_ws/src/build/AutoProject': CMAKE_PREFIX_PATH=${CMAKE_PREFIX_PATH}:/opt/ros/jazzy DEBUGINFOD_URLS=https://debuginfod.ubuntu.com /usr/bin/cmake --install /home/arwa/ros2_ws/src/build/AutoProject
[0.999s] -- Install configuration: ""
[0.999s] -- Up-to-date: /home/arwa/ros2_ws/src/install/AutoProject/share/AutoProject/launch
[0.999s] -- Up-to-date: /home/arwa/ros2_ws/src/install/AutoProject/share/AutoProject/launch/tb4_simulation.launch.py
[1.000s] -- Up-to-date: /home/arwa/ros2_ws/src/install/AutoProject/share/AutoProject/launch/sim.launch.py
[1.000s] -- Up-to-date: /home/arwa/ros2_ws/src/install/AutoProject/share/AutoProject/worlds
[1.001s] -- Up-to-date: /home/arwa/ros2_ws/src/install/AutoProject/share/AutoProject/worlds/doubleLane.sdf
[1.001s] -- Up-to-date: /home/arwa/ros2_ws/src/install/AutoProject/share/AutoProject/worlds/lane_visual.sdfZone.Identifier
[1.001s] -- Up-to-date: /home/arwa/ros2_ws/src/install/AutoProject/share/AutoProject/worlds/lane_visual.sdf
[1.002s] -- Up-to-date: /home/arwa/ros2_ws/src/install/AutoProject/share/ament_index/resource_index/package_run_dependencies/AutoProject
[1.002s] -- Up-to-date: /home/arwa/ros2_ws/src/install/AutoProject/share/ament_index/resource_index/parent_prefix_path/AutoProject
[1.003s] -- Up-to-date: /home/arwa/ros2_ws/src/install/AutoProject/share/AutoProject/environment/ament_prefix_path.sh
[1.003s] -- Up-to-date: /home/arwa/ros2_ws/src/install/AutoProject/share/AutoProject/environment/ament_prefix_path.dsv
[1.004s] -- Up-to-date: /home/arwa/ros2_ws/src/install/AutoProject/share/AutoProject/environment/path.sh
[1.004s] -- Up-to-date: /home/arwa/ros2_ws/src/install/AutoProject/share/AutoProject/environment/path.dsv
[1.005s] -- Up-to-date: /home/arwa/ros2_ws/src/install/AutoProject/share/AutoProject/local_setup.bash
[1.005s] -- Up-to-date: /home/arwa/ros2_ws/src/install/AutoProject/share/AutoProject/local_setup.sh
[1.006s] -- Up-to-date: /home/arwa/ros2_ws/src/install/AutoProject/share/AutoProject/local_setup.zsh
[1.006s] -- Up-to-date: /home/arwa/ros2_ws/src/install/AutoProject/share/AutoProject/local_setup.dsv
[1.007s] -- Up-to-date: /home/arwa/ros2_ws/src/install/AutoProject/share/AutoProject/package.dsv
[1.007s] -- Up-to-date: /home/arwa/ros2_ws/src/install/AutoProject/share/ament_index/resource_index/packages/AutoProject
[1.008s] -- Up-to-date: /home/arwa/ros2_ws/src/install/AutoProject/share/AutoProject/cmake/AutoProjectConfig.cmake
[1.008s] -- Up-to-date: /home/arwa/ros2_ws/src/install/AutoProject/share/AutoProject/cmake/AutoProjectConfig-version.cmake
[1.008s] -- Up-to-date: /home/arwa/ros2_ws/src/install/AutoProject/share/AutoProject/package.xml
[1.009s] Invoked command in '/home/arwa/ros2_ws/src/build/AutoProject' returned '0': CMAKE_PREFIX_PATH=${CMAKE_PREFIX_PATH}:/opt/ros/jazzy DEBUGINFOD_URLS=https://debuginfod.ubuntu.com /usr/bin/cmake --install /home/arwa/ros2_ws/src/build/AutoProject
