[0.434s] DEBUG:colcon:Command line arguments: ['/usr/bin/colcon', 'build']
[0.434s] DEBUG:colcon:Parsed command line arguments: Namespace(log_base=None, log_level=None, verb_name='build', build_base='build', install_base='install', merge_install=False, symlink_install=False, test_result_base=None, continue_on_error=False, executor='parallel', parallel_workers=4, event_handlers=None, ignore_user_meta=False, metas=['./colcon.meta'], base_paths=['.'], packages_ignore=None, packages_ignore_regex=None, paths=None, packages_up_to=None, packages_up_to_regex=None, packages_above=None, packages_above_and_dependencies=None, packages_above_depth=None, packages_select_by_dep=None, packages_skip_by_dep=None, packages_skip_up_to=None, packages_select_build_failed=False, packages_skip_build_finished=False, packages_select_test_failures=False, packages_skip_test_passed=False, packages_select=None, packages_skip=None, packages_select_regex=None, packages_skip_regex=None, packages_start=None, packages_end=None, allow_overriding=[], cmake_args=None, cmake_target=None, cmake_target_skip_unavailable=False, cmake_clean_cache=False, cmake_clean_first=False, cmake_force_configure=False, ament_cmake_args=None, catkin_cmake_args=None, catkin_skip_building_tests=False, mixin_files=None, mixin=None, verb_parser=<colcon_mixin.mixin.mixin_argument.MixinArgumentDecorator object at 0x717c0e7a9310>, verb_extension=<colcon_core.verb.build.BuildVerb object at 0x717c0e7a8fb0>, main=<bound method BuildVerb.main of <colcon_core.verb.build.BuildVerb object at 0x717c0e7a8fb0>>, mixin_verb=('build',))
[0.640s] Level 1:colcon.colcon_core.package_discovery:discover_packages(colcon_meta) check parameters
[0.640s] Level 1:colcon.colcon_core.package_discovery:discover_packages(recursive) check parameters
[0.640s] Level 1:colcon.colcon_core.package_discovery:discover_packages(ignore) check parameters
[0.640s] Level 1:colcon.colcon_core.package_discovery:discover_packages(path) check parameters
[0.640s] Level 1:colcon.colcon_core.package_discovery:discover_packages(colcon_meta) discover
[0.640s] Level 1:colcon.colcon_core.package_discovery:discover_packages(recursive) discover
[0.640s] INFO:colcon.colcon_core.package_discovery:Crawling recursively for packages in '/home/arwa/ros2_ws'
[0.640s] Level 1:colcon.colcon_core.package_identification:_identify(.) by extensions ['ignore', 'ignore_ament_install']
[0.640s] Level 1:colcon.colcon_core.package_identification:_identify(.) by extension 'ignore'
[0.641s] Level 1:colcon.colcon_core.package_identification:_identify(.) by extension 'ignore_ament_install'
[0.641s] Level 1:colcon.colcon_core.package_identification:_identify(.) by extensions ['colcon_pkg']
[0.641s] Level 1:colcon.colcon_core.package_identification:_identify(.) by extension 'colcon_pkg'
[0.641s] Level 1:colcon.colcon_core.package_identification:_identify(.) by extensions ['colcon_meta']
[0.641s] Level 1:colcon.colcon_core.package_identification:_identify(.) by extension 'colcon_meta'
[0.641s] Level 1:colcon.colcon_core.package_identification:_identify(.) by extensions ['ros']
[0.641s] Level 1:colcon.colcon_core.package_identification:_identify(.) by extension 'ros'
[0.707s] Level 1:colcon.colcon_core.package_identification:_identify(.) by extensions ['cmake', 'python']
[0.707s] Level 1:colcon.colcon_core.package_identification:_identify(.) by extension 'cmake'
[0.707s] Level 1:colcon.colcon_core.package_identification:_identify(.) by extension 'python'
[0.707s] Level 1:colcon.colcon_core.package_identification:_identify(.) by extensions ['python_setup_py']
[0.707s] Level 1:colcon.colcon_core.package_identification:_identify(.) by extension 'python_setup_py'
[0.707s] Level 1:colcon.colcon_core.package_identification:_identify(build) by extensions ['ignore', 'ignore_ament_install']
[0.707s] Level 1:colcon.colcon_core.package_identification:_identify(build) by extension 'ignore'
[0.708s] Level 1:colcon.colcon_core.package_identification:_identify(build) ignored
[0.708s] Level 1:colcon.colcon_core.package_identification:_identify(install) by extensions ['ignore', 'ignore_ament_install']
[0.708s] Level 1:colcon.colcon_core.package_identification:_identify(install) by extension 'ignore'
[0.708s] Level 1:colcon.colcon_core.package_identification:_identify(install) ignored
[0.708s] Level 1:colcon.colcon_core.package_identification:_identify(log) by extensions ['ignore', 'ignore_ament_install']
[0.708s] Level 1:colcon.colcon_core.package_identification:_identify(log) by extension 'ignore'
[0.708s] Level 1:colcon.colcon_core.package_identification:_identify(log) ignored
[0.709s] Level 1:colcon.colcon_core.package_identification:_identify(src) by extensions ['ignore', 'ignore_ament_install']
[0.709s] Level 1:colcon.colcon_core.package_identification:_identify(src) by extension 'ignore'
[0.709s] Level 1:colcon.colcon_core.package_identification:_identify(src) by extension 'ignore_ament_install'
[0.709s] Level 1:colcon.colcon_core.package_identification:_identify(src) by extensions ['colcon_pkg']
[0.709s] Level 1:colcon.colcon_core.package_identification:_identify(src) by extension 'colcon_pkg'
[0.709s] Level 1:colcon.colcon_core.package_identification:_identify(src) by extensions ['colcon_meta']
[0.709s] Level 1:colcon.colcon_core.package_identification:_identify(src) by extension 'colcon_meta'
[0.709s] Level 1:colcon.colcon_core.package_identification:_identify(src) by extensions ['ros']
[0.709s] Level 1:colcon.colcon_core.package_identification:_identify(src) by extension 'ros'
[0.709s] Level 1:colcon.colcon_core.package_identification:_identify(src) by extensions ['cmake', 'python']
[0.709s] Level 1:colcon.colcon_core.package_identification:_identify(src) by extension 'cmake'
[0.709s] Level 1:colcon.colcon_core.package_identification:_identify(src) by extension 'python'
[0.710s] Level 1:colcon.colcon_core.package_identification:_identify(src) by extensions ['python_setup_py']
[0.710s] Level 1:colcon.colcon_core.package_identification:_identify(src) by extension 'python_setup_py'
[0.711s] Level 1:colcon.colcon_core.package_identification:_identify(src/AutoProjectPackage) by extensions ['ignore', 'ignore_ament_install']
[0.711s] Level 1:colcon.colcon_core.package_identification:_identify(src/AutoProjectPackage) by extension 'ignore'
[0.711s] Level 1:colcon.colcon_core.package_identification:_identify(src/AutoProjectPackage) by extension 'ignore_ament_install'
[0.711s] Level 1:colcon.colcon_core.package_identification:_identify(src/AutoProjectPackage) by extensions ['colcon_pkg']
[0.711s] Level 1:colcon.colcon_core.package_identification:_identify(src/AutoProjectPackage) by extension 'colcon_pkg'
[0.711s] Level 1:colcon.colcon_core.package_identification:_identify(src/AutoProjectPackage) by extensions ['colcon_meta']
[0.711s] Level 1:colcon.colcon_core.package_identification:_identify(src/AutoProjectPackage) by extension 'colcon_meta'
[0.711s] Level 1:colcon.colcon_core.package_identification:_identify(src/AutoProjectPackage) by extensions ['ros']
[0.711s] Level 1:colcon.colcon_core.package_identification:_identify(src/AutoProjectPackage) by extension 'ros'
[0.711s] Level 1:colcon.colcon_core.package_identification:_identify(src/AutoProjectPackage) by extensions ['cmake', 'python']
[0.712s] Level 1:colcon.colcon_core.package_identification:_identify(src/AutoProjectPackage) by extension 'cmake'
[0.712s] Level 1:colcon.colcon_core.package_identification:_identify(src/AutoProjectPackage) by extension 'python'
[0.712s] Level 1:colcon.colcon_core.package_identification:_identify(src/AutoProjectPackage) by extensions ['python_setup_py']
[0.712s] Level 1:colcon.colcon_core.package_identification:_identify(src/AutoProjectPackage) by extension 'python_setup_py'
[0.712s] Level 1:colcon.colcon_core.package_identification:_identify(src/AutoProjectPackage/AutoProject) by extensions ['ignore', 'ignore_ament_install']
[0.712s] Level 1:colcon.colcon_core.package_identification:_identify(src/AutoProjectPackage/AutoProject) by extension 'ignore'
[0.713s] Level 1:colcon.colcon_core.package_identification:_identify(src/AutoProjectPackage/AutoProject) by extension 'ignore_ament_install'
[0.713s] Level 1:colcon.colcon_core.package_identification:_identify(src/AutoProjectPackage/AutoProject) by extensions ['colcon_pkg']
[0.713s] Level 1:colcon.colcon_core.package_identification:_identify(src/AutoProjectPackage/AutoProject) by extension 'colcon_pkg'
[0.713s] Level 1:colcon.colcon_core.package_identification:_identify(src/AutoProjectPackage/AutoProject) by extensions ['colcon_meta']
[0.713s] Level 1:colcon.colcon_core.package_identification:_identify(src/AutoProjectPackage/AutoProject) by extension 'colcon_meta'
[0.713s] Level 1:colcon.colcon_core.package_identification:_identify(src/AutoProjectPackage/AutoProject) by extensions ['ros']
[0.713s] Level 1:colcon.colcon_core.package_identification:_identify(src/AutoProjectPackage/AutoProject) by extension 'ros'
[0.721s] DEBUG:colcon.colcon_core.package_identification:Package 'src/AutoProjectPackage/AutoProject' with type 'ros.ament_cmake' and name 'AutoProject'
[0.721s] Level 1:colcon.colcon_core.package_identification:_identify(src/AutonomousProject) by extensions ['ignore', 'ignore_ament_install']
[0.721s] Level 1:colcon.colcon_core.package_identification:_identify(src/AutonomousProject) by extension 'ignore'
[0.722s] Level 1:colcon.colcon_core.package_identification:_identify(src/AutonomousProject) by extension 'ignore_ament_install'
[0.722s] Level 1:colcon.colcon_core.package_identification:_identify(src/AutonomousProject) by extensions ['colcon_pkg']
[0.722s] Level 1:colcon.colcon_core.package_identification:_identify(src/AutonomousProject) by extension 'colcon_pkg'
[0.722s] Level 1:colcon.colcon_core.package_identification:_identify(src/AutonomousProject) by extensions ['colcon_meta']
[0.722s] Level 1:colcon.colcon_core.package_identification:_identify(src/AutonomousProject) by extension 'colcon_meta'
[0.722s] Level 1:colcon.colcon_core.package_identification:_identify(src/AutonomousProject) by extensions ['ros']
[0.722s] Level 1:colcon.colcon_core.package_identification:_identify(src/AutonomousProject) by extension 'ros'
[0.725s] DEBUG:colcon.colcon_core.package_identification:Package 'src/AutonomousProject' with type 'ros.ament_python' and name 'AutonomousProject'
[0.726s] Level 1:colcon.colcon_core.package_identification:_identify(src/build) by extensions ['ignore', 'ignore_ament_install']
[0.726s] Level 1:colcon.colcon_core.package_identification:_identify(src/build) by extension 'ignore'
[0.727s] Level 1:colcon.colcon_core.package_identification:_identify(src/build) ignored
[0.728s] Level 1:colcon.colcon_core.package_identification:_identify(src/install) by extensions ['ignore', 'ignore_ament_install']
[0.728s] Level 1:colcon.colcon_core.package_identification:_identify(src/install) by extension 'ignore'
[0.729s] Level 1:colcon.colcon_core.package_identification:_identify(src/install) ignored
[0.729s] Level 1:colcon.colcon_core.package_identification:_identify(src/lidar_reader) by extensions ['ignore', 'ignore_ament_install']
[0.729s] Level 1:colcon.colcon_core.package_identification:_identify(src/lidar_reader) by extension 'ignore'
[0.729s] Level 1:colcon.colcon_core.package_identification:_identify(src/lidar_reader) by extension 'ignore_ament_install'
[0.729s] Level 1:colcon.colcon_core.package_identification:_identify(src/lidar_reader) by extensions ['colcon_pkg']
[0.729s] Level 1:colcon.colcon_core.package_identification:_identify(src/lidar_reader) by extension 'colcon_pkg'
[0.729s] Level 1:colcon.colcon_core.package_identification:_identify(src/lidar_reader) by extensions ['colcon_meta']
[0.729s] Level 1:colcon.colcon_core.package_identification:_identify(src/lidar_reader) by extension 'colcon_meta'
[0.729s] Level 1:colcon.colcon_core.package_identification:_identify(src/lidar_reader) by extensions ['ros']
[0.729s] Level 1:colcon.colcon_core.package_identification:_identify(src/lidar_reader) by extension 'ros'
[0.732s] DEBUG:colcon.colcon_core.package_identification:Package 'src/lidar_reader' with type 'ros.ament_python' and name 'lidar_reader'
[0.733s] Level 1:colcon.colcon_core.package_identification:_identify(src/log) by extensions ['ignore', 'ignore_ament_install']
[0.733s] Level 1:colcon.colcon_core.package_identification:_identify(src/log) by extension 'ignore'
[0.733s] Level 1:colcon.colcon_core.package_identification:_identify(src/log) ignored
[0.733s] Level 1:colcon.colcon_core.package_identification:_identify(src/obstacle_detection) by extensions ['ignore', 'ignore_ament_install']
[0.734s] Level 1:colcon.colcon_core.package_identification:_identify(src/obstacle_detection) by extension 'ignore'
[0.734s] Level 1:colcon.colcon_core.package_identification:_identify(src/obstacle_detection) by extension 'ignore_ament_install'
[0.734s] Level 1:colcon.colcon_core.package_identification:_identify(src/obstacle_detection) by extensions ['colcon_pkg']
[0.734s] Level 1:colcon.colcon_core.package_identification:_identify(src/obstacle_detection) by extension 'colcon_pkg'
[0.734s] Level 1:colcon.colcon_core.package_identification:_identify(src/obstacle_detection) by extensions ['colcon_meta']
[0.734s] Level 1:colcon.colcon_core.package_identification:_identify(src/obstacle_detection) by extension 'colcon_meta'
[0.734s] Level 1:colcon.colcon_core.package_identification:_identify(src/obstacle_detection) by extensions ['ros']
[0.734s] Level 1:colcon.colcon_core.package_identification:_identify(src/obstacle_detection) by extension 'ros'
[0.735s] DEBUG:colcon.colcon_core.package_identification:Package 'src/obstacle_detection' with type 'ros.ament_python' and name 'obstacle_detection'
[0.735s] Level 1:colcon.colcon_core.package_discovery:discover_packages(recursive) using defaults
[0.735s] Level 1:colcon.colcon_core.package_discovery:discover_packages(ignore) discover
[0.735s] Level 1:colcon.colcon_core.package_discovery:discover_packages(ignore) using defaults
[0.735s] Level 1:colcon.colcon_core.package_discovery:discover_packages(path) discover
[0.735s] Level 1:colcon.colcon_core.package_discovery:discover_packages(path) using defaults
[0.800s] Level 1:colcon.colcon_core.package_discovery:discover_packages(prefix_path) check parameters
[0.800s] Level 1:colcon.colcon_core.package_discovery:discover_packages(prefix_path) discover
[0.813s] DEBUG:colcon.colcon_installed_package_information.package_discovery:Found 483 installed packages in /opt/ros/jazzy
[0.815s] Level 1:colcon.colcon_core.package_discovery:discover_packages(prefix_path) using defaults
[0.949s] Level 5:colcon.colcon_core.verb:set package 'AutoProject' build argument 'cmake_args' from command line to 'None'
[0.949s] Level 5:colcon.colcon_core.verb:set package 'AutoProject' build argument 'cmake_target' from command line to 'None'
[0.949s] Level 5:colcon.colcon_core.verb:set package 'AutoProject' build argument 'cmake_target_skip_unavailable' from command line to 'False'
[0.949s] Level 5:colcon.colcon_core.verb:set package 'AutoProject' build argument 'cmake_clean_cache' from command line to 'False'
[0.949s] Level 5:colcon.colcon_core.verb:set package 'AutoProject' build argument 'cmake_clean_first' from command line to 'False'
[0.949s] Level 5:colcon.colcon_core.verb:set package 'AutoProject' build argument 'cmake_force_configure' from command line to 'False'
[0.949s] Level 5:colcon.colcon_core.verb:set package 'AutoProject' build argument 'ament_cmake_args' from command line to 'None'
[0.949s] Level 5:colcon.colcon_core.verb:set package 'AutoProject' build argument 'catkin_cmake_args' from command line to 'None'
[0.949s] Level 5:colcon.colcon_core.verb:set package 'AutoProject' build argument 'catkin_skip_building_tests' from command line to 'False'
[0.949s] DEBUG:colcon.colcon_core.verb:Building package 'AutoProject' with the following arguments: {'ament_cmake_args': None, 'build_base': '/home/arwa/ros2_ws/build/AutoProject', 'catkin_cmake_args': None, 'catkin_skip_building_tests': False, 'cmake_args': None, 'cmake_clean_cache': False, 'cmake_clean_first': False, 'cmake_force_configure': False, 'cmake_target': None, 'cmake_target_skip_unavailable': False, 'install_base': '/home/arwa/ros2_ws/install/AutoProject', 'merge_install': False, 'path': '/home/arwa/ros2_ws/src/AutoProjectPackage/AutoProject', 'symlink_install': False, 'test_result_base': None}
[0.950s] Level 5:colcon.colcon_core.verb:set package 'AutonomousProject' build argument 'cmake_args' from command line to 'None'
[0.950s] Level 5:colcon.colcon_core.verb:set package 'AutonomousProject' build argument 'cmake_target' from command line to 'None'
[0.950s] Level 5:colcon.colcon_core.verb:set package 'AutonomousProject' build argument 'cmake_target_skip_unavailable' from command line to 'False'
[0.950s] Level 5:colcon.colcon_core.verb:set package 'AutonomousProject' build argument 'cmake_clean_cache' from command line to 'False'
[0.950s] Level 5:colcon.colcon_core.verb:set package 'AutonomousProject' build argument 'cmake_clean_first' from command line to 'False'
[0.950s] Level 5:colcon.colcon_core.verb:set package 'AutonomousProject' build argument 'cmake_force_configure' from command line to 'False'
[0.950s] Level 5:colcon.colcon_core.verb:set package 'AutonomousProject' build argument 'ament_cmake_args' from command line to 'None'
[0.950s] Level 5:colcon.colcon_core.verb:set package 'AutonomousProject' build argument 'catkin_cmake_args' from command line to 'None'
[0.950s] Level 5:colcon.colcon_core.verb:set package 'AutonomousProject' build argument 'catkin_skip_building_tests' from command line to 'False'
[0.950s] DEBUG:colcon.colcon_core.verb:Building package 'AutonomousProject' with the following arguments: {'ament_cmake_args': None, 'build_base': '/home/arwa/ros2_ws/build/AutonomousProject', 'catkin_cmake_args': None, 'catkin_skip_building_tests': False, 'cmake_args': None, 'cmake_clean_cache': False, 'cmake_clean_first': False, 'cmake_force_configure': False, 'cmake_target': None, 'cmake_target_skip_unavailable': False, 'install_base': '/home/arwa/ros2_ws/install/AutonomousProject', 'merge_install': False, 'path': '/home/arwa/ros2_ws/src/AutonomousProject', 'symlink_install': False, 'test_result_base': None}
[0.951s] Level 5:colcon.colcon_core.verb:set package 'lidar_reader' build argument 'cmake_args' from command line to 'None'
[0.951s] Level 5:colcon.colcon_core.verb:set package 'lidar_reader' build argument 'cmake_target' from command line to 'None'
[0.951s] Level 5:colcon.colcon_core.verb:set package 'lidar_reader' build argument 'cmake_target_skip_unavailable' from command line to 'False'
[0.951s] Level 5:colcon.colcon_core.verb:set package 'lidar_reader' build argument 'cmake_clean_cache' from command line to 'False'
[0.951s] Level 5:colcon.colcon_core.verb:set package 'lidar_reader' build argument 'cmake_clean_first' from command line to 'False'
[0.951s] Level 5:colcon.colcon_core.verb:set package 'lidar_reader' build argument 'cmake_force_configure' from command line to 'False'
[0.951s] Level 5:colcon.colcon_core.verb:set package 'lidar_reader' build argument 'ament_cmake_args' from command line to 'None'
[0.951s] Level 5:colcon.colcon_core.verb:set package 'lidar_reader' build argument 'catkin_cmake_args' from command line to 'None'
[0.951s] Level 5:colcon.colcon_core.verb:set package 'lidar_reader' build argument 'catkin_skip_building_tests' from command line to 'False'
[0.951s] DEBUG:colcon.colcon_core.verb:Building package 'lidar_reader' with the following arguments: {'ament_cmake_args': None, 'build_base': '/home/arwa/ros2_ws/build/lidar_reader', 'catkin_cmake_args': None, 'catkin_skip_building_tests': False, 'cmake_args': None, 'cmake_clean_cache': False, 'cmake_clean_first': False, 'cmake_force_configure': False, 'cmake_target': None, 'cmake_target_skip_unavailable': False, 'install_base': '/home/arwa/ros2_ws/install/lidar_reader', 'merge_install': False, 'path': '/home/arwa/ros2_ws/src/lidar_reader', 'symlink_install': False, 'test_result_base': None}
[0.952s] Level 5:colcon.colcon_core.verb:set package 'obstacle_detection' build argument 'cmake_args' from command line to 'None'
[0.952s] Level 5:colcon.colcon_core.verb:set package 'obstacle_detection' build argument 'cmake_target' from command line to 'None'
[0.952s] Level 5:colcon.colcon_core.verb:set package 'obstacle_detection' build argument 'cmake_target_skip_unavailable' from command line to 'False'
[0.952s] Level 5:colcon.colcon_core.verb:set package 'obstacle_detection' build argument 'cmake_clean_cache' from command line to 'False'
[0.952s] Level 5:colcon.colcon_core.verb:set package 'obstacle_detection' build argument 'cmake_clean_first' from command line to 'False'
[0.952s] Level 5:colcon.colcon_core.verb:set package 'obstacle_detection' build argument 'cmake_force_configure' from command line to 'False'
[0.952s] Level 5:colcon.colcon_core.verb:set package 'obstacle_detection' build argument 'ament_cmake_args' from command line to 'None'
[0.952s] Level 5:colcon.colcon_core.verb:set package 'obstacle_detection' build argument 'catkin_cmake_args' from command line to 'None'
[0.952s] Level 5:colcon.colcon_core.verb:set package 'obstacle_detection' build argument 'catkin_skip_building_tests' from command line to 'False'
[0.952s] DEBUG:colcon.colcon_core.verb:Building package 'obstacle_detection' with the following arguments: {'ament_cmake_args': None, 'build_base': '/home/arwa/ros2_ws/build/obstacle_detection', 'catkin_cmake_args': None, 'catkin_skip_building_tests': False, 'cmake_args': None, 'cmake_clean_cache': False, 'cmake_clean_first': False, 'cmake_force_configure': False, 'cmake_target': None, 'cmake_target_skip_unavailable': False, 'install_base': '/home/arwa/ros2_ws/install/obstacle_detection', 'merge_install': False, 'path': '/home/arwa/ros2_ws/src/obstacle_detection', 'symlink_install': False, 'test_result_base': None}
[0.952s] INFO:colcon.colcon_core.executor:Executing jobs using 'parallel' executor
[0.954s] DEBUG:colcon.colcon_parallel_executor.executor.parallel:run_until_complete
[0.956s] INFO:colcon.colcon_ros.task.ament_cmake.build:Building ROS package in '/home/arwa/ros2_ws/src/AutoProjectPackage/AutoProject' with build type 'ament_cmake'
[0.956s] INFO:colcon.colcon_cmake.task.cmake.build:Building CMake package in '/home/arwa/ros2_ws/src/AutoProjectPackage/AutoProject'
[0.978s] INFO:colcon.colcon_core.plugin_system:Skipping extension 'colcon_core.shell.bat': Not used on non-Windows systems
[0.978s] INFO:colcon.colcon_core.shell:Skip shell extension 'powershell' for command environment: Not usable outside of PowerShell
[0.978s] DEBUG:colcon.colcon_core.shell:Skip shell extension 'dsv' for command environment
[0.987s] INFO:colcon.colcon_ros.task.ament_python.build:Building ROS package in '/home/arwa/ros2_ws/src/AutonomousProject' with build type 'ament_python'
[0.987s] Level 1:colcon.colcon_core.shell:create_environment_hook('AutonomousProject', 'ament_prefix_path')
[0.988s] INFO:colcon.colcon_core.shell:Creating environment hook '/home/arwa/ros2_ws/install/AutonomousProject/share/AutonomousProject/hook/ament_prefix_path.ps1'
[0.996s] INFO:colcon.colcon_core.shell:Creating environment descriptor '/home/arwa/ros2_ws/install/AutonomousProject/share/AutonomousProject/hook/ament_prefix_path.dsv'
[0.998s] INFO:colcon.colcon_core.shell:Creating environment hook '/home/arwa/ros2_ws/install/AutonomousProject/share/AutonomousProject/hook/ament_prefix_path.sh'
[1.001s] INFO:colcon.colcon_core.shell:Skip shell extension 'powershell' for command environment: Not usable outside of PowerShell
[1.001s] DEBUG:colcon.colcon_core.shell:Skip shell extension 'dsv' for command environment
[1.017s] INFO:colcon.colcon_ros.task.ament_python.build:Building ROS package in '/home/arwa/ros2_ws/src/lidar_reader' with build type 'ament_python'
[1.017s] Level 1:colcon.colcon_core.shell:create_environment_hook('lidar_reader', 'ament_prefix_path')
[1.018s] INFO:colcon.colcon_core.shell:Creating environment hook '/home/arwa/ros2_ws/install/lidar_reader/share/lidar_reader/hook/ament_prefix_path.ps1'
[1.019s] INFO:colcon.colcon_core.shell:Creating environment descriptor '/home/arwa/ros2_ws/install/lidar_reader/share/lidar_reader/hook/ament_prefix_path.dsv'
[1.020s] INFO:colcon.colcon_core.shell:Creating environment hook '/home/arwa/ros2_ws/install/lidar_reader/share/lidar_reader/hook/ament_prefix_path.sh'
[1.025s] INFO:colcon.colcon_core.shell:Skip shell extension 'powershell' for command environment: Not usable outside of PowerShell
[1.027s] DEBUG:colcon.colcon_core.shell:Skip shell extension 'dsv' for command environment
[1.046s] INFO:colcon.colcon_ros.task.ament_python.build:Building ROS package in '/home/arwa/ros2_ws/src/obstacle_detection' with build type 'ament_python'
[1.047s] Level 1:colcon.colcon_core.shell:create_environment_hook('obstacle_detection', 'ament_prefix_path')
[1.048s] INFO:colcon.colcon_core.shell:Creating environment hook '/home/arwa/ros2_ws/install/obstacle_detection/share/obstacle_detection/hook/ament_prefix_path.ps1'
[1.049s] INFO:colcon.colcon_core.shell:Creating environment descriptor '/home/arwa/ros2_ws/install/obstacle_detection/share/obstacle_detection/hook/ament_prefix_path.dsv'
[1.050s] INFO:colcon.colcon_core.shell:Creating environment hook '/home/arwa/ros2_ws/install/obstacle_detection/share/obstacle_detection/hook/ament_prefix_path.sh'
[1.051s] INFO:colcon.colcon_core.shell:Skip shell extension 'powershell' for command environment: Not usable outside of PowerShell
[1.051s] DEBUG:colcon.colcon_core.shell:Skip shell extension 'dsv' for command environment
[1.089s] DEBUG:colcon.colcon_core.event_handler.log_command:Invoking command in '/home/arwa/ros2_ws/build/AutoProject': CMAKE_PREFIX_PATH=${CMAKE_PREFIX_PATH}:/opt/ros/jazzy DEBUGINFOD_URLS=https://debuginfod.ubuntu.com /usr/bin/cmake --build /home/arwa/ros2_ws/build/AutoProject -- -j4 -l4
[1.617s] INFO:colcon.colcon_core.task.python.build:Building Python package in '/home/arwa/ros2_ws/src/AutonomousProject'
[1.617s] INFO:colcon.colcon_core.shell:Skip shell extension 'powershell' for command environment: Not usable outside of PowerShell
[1.618s] DEBUG:colcon.colcon_core.shell:Skip shell extension 'dsv' for command environment
[2.084s] INFO:colcon.colcon_core.task.python.build:Building Python package in '/home/arwa/ros2_ws/src/lidar_reader'
[2.084s] INFO:colcon.colcon_core.shell:Skip shell extension 'powershell' for command environment: Not usable outside of PowerShell
[2.084s] DEBUG:colcon.colcon_core.shell:Skip shell extension 'dsv' for command environment
[2.524s] INFO:colcon.colcon_core.task.python.build:Building Python package in '/home/arwa/ros2_ws/src/obstacle_detection'
[2.524s] INFO:colcon.colcon_core.shell:Skip shell extension 'powershell' for command environment: Not usable outside of PowerShell
[2.524s] DEBUG:colcon.colcon_core.shell:Skip shell extension 'dsv' for command environment
[2.533s] DEBUG:colcon.colcon_core.event_handler.log_command:Invoked command in '/home/arwa/ros2_ws/build/AutoProject' returned '0': CMAKE_PREFIX_PATH=${CMAKE_PREFIX_PATH}:/opt/ros/jazzy DEBUGINFOD_URLS=https://debuginfod.ubuntu.com /usr/bin/cmake --build /home/arwa/ros2_ws/build/AutoProject -- -j4 -l4
[2.560s] DEBUG:colcon.colcon_core.event_handler.log_command:Invoking command in '/home/arwa/ros2_ws/build/AutoProject': CMAKE_PREFIX_PATH=${CMAKE_PREFIX_PATH}:/opt/ros/jazzy DEBUGINFOD_URLS=https://debuginfod.ubuntu.com /usr/bin/cmake --install /home/arwa/ros2_ws/build/AutoProject
[2.597s] Level 1:colcon.colcon_core.environment:create_environment_scripts_only(AutoProject)
[2.598s] DEBUG:colcon.colcon_core.event_handler.log_command:Invoked command in '/home/arwa/ros2_ws/build/AutoProject' returned '0': CMAKE_PREFIX_PATH=${CMAKE_PREFIX_PATH}:/opt/ros/jazzy DEBUGINFOD_URLS=https://debuginfod.ubuntu.com /usr/bin/cmake --install /home/arwa/ros2_ws/build/AutoProject
[2.619s] Level 1:colcon.colcon_core.environment:checking '/home/arwa/ros2_ws/install/AutoProject' for CMake module files
[2.621s] Level 1:colcon.colcon_core.environment:checking '/home/arwa/ros2_ws/install/AutoProject' for CMake config files
[2.624s] Level 1:colcon.colcon_core.shell:create_environment_hook('AutoProject', 'cmake_prefix_path')
[2.625s] INFO:colcon.colcon_core.shell:Creating environment hook '/home/arwa/ros2_ws/install/AutoProject/share/AutoProject/hook/cmake_prefix_path.ps1'
[2.627s] INFO:colcon.colcon_core.shell:Creating environment descriptor '/home/arwa/ros2_ws/install/AutoProject/share/AutoProject/hook/cmake_prefix_path.dsv'
[2.628s] INFO:colcon.colcon_core.shell:Creating environment hook '/home/arwa/ros2_ws/install/AutoProject/share/AutoProject/hook/cmake_prefix_path.sh'
[2.630s] Level 1:colcon.colcon_core.environment:checking '/home/arwa/ros2_ws/install/AutoProject/bin'
[2.630s] Level 1:colcon.colcon_core.environment:checking '/home/arwa/ros2_ws/install/AutoProject/lib/pkgconfig/AutoProject.pc'
[2.630s] Level 1:colcon.colcon_core.environment:checking '/home/arwa/ros2_ws/install/AutoProject/lib/python3.12/site-packages'
[2.631s] Level 1:colcon.colcon_core.environment:checking '/home/arwa/ros2_ws/install/AutoProject/bin'
[2.632s] INFO:colcon.colcon_core.shell:Creating package script '/home/arwa/ros2_ws/install/AutoProject/share/AutoProject/package.ps1'
[2.634s] INFO:colcon.colcon_core.shell:Creating package descriptor '/home/arwa/ros2_ws/install/AutoProject/share/AutoProject/package.dsv'
[2.637s] INFO:colcon.colcon_core.shell:Creating package script '/home/arwa/ros2_ws/install/AutoProject/share/AutoProject/package.sh'
[2.639s] INFO:colcon.colcon_core.shell:Creating package script '/home/arwa/ros2_ws/install/AutoProject/share/AutoProject/package.bash'
[2.641s] INFO:colcon.colcon_core.shell:Creating package script '/home/arwa/ros2_ws/install/AutoProject/share/AutoProject/package.zsh'
[2.644s] Level 1:colcon.colcon_core.environment:create_file_with_runtime_dependencies(/home/arwa/ros2_ws/install/AutoProject/share/colcon-core/packages/AutoProject)
[2.644s] Level 1:colcon.colcon_core.environment:create_environment_scripts_only(AutoProject)
[2.645s] Level 1:colcon.colcon_core.environment:checking '/home/arwa/ros2_ws/install/AutoProject' for CMake module files
[2.646s] Level 1:colcon.colcon_core.environment:checking '/home/arwa/ros2_ws/install/AutoProject' for CMake config files
[2.646s] Level 1:colcon.colcon_core.shell:create_environment_hook('AutoProject', 'cmake_prefix_path')
[2.646s] INFO:colcon.colcon_core.shell:Creating environment hook '/home/arwa/ros2_ws/install/AutoProject/share/AutoProject/hook/cmake_prefix_path.ps1'
[2.647s] INFO:colcon.colcon_core.shell:Creating environment descriptor '/home/arwa/ros2_ws/install/AutoProject/share/AutoProject/hook/cmake_prefix_path.dsv'
[2.648s] INFO:colcon.colcon_core.shell:Creating environment hook '/home/arwa/ros2_ws/install/AutoProject/share/AutoProject/hook/cmake_prefix_path.sh'
[2.649s] Level 1:colcon.colcon_core.environment:checking '/home/arwa/ros2_ws/install/AutoProject/bin'
[2.649s] Level 1:colcon.colcon_core.environment:checking '/home/arwa/ros2_ws/install/AutoProject/lib/pkgconfig/AutoProject.pc'
[2.650s] Level 1:colcon.colcon_core.environment:checking '/home/arwa/ros2_ws/install/AutoProject/lib/python3.12/site-packages'
[2.650s] Level 1:colcon.colcon_core.environment:checking '/home/arwa/ros2_ws/install/AutoProject/bin'
[2.676s] INFO:colcon.colcon_core.shell:Creating package script '/home/arwa/ros2_ws/install/AutoProject/share/AutoProject/package.ps1'
[2.678s] INFO:colcon.colcon_core.shell:Creating package descriptor '/home/arwa/ros2_ws/install/AutoProject/share/AutoProject/package.dsv'
[2.680s] INFO:colcon.colcon_core.shell:Creating package script '/home/arwa/ros2_ws/install/AutoProject/share/AutoProject/package.sh'
[2.681s] INFO:colcon.colcon_core.shell:Creating package script '/home/arwa/ros2_ws/install/AutoProject/share/AutoProject/package.bash'
[2.682s] INFO:colcon.colcon_core.shell:Creating package script '/home/arwa/ros2_ws/install/AutoProject/share/AutoProject/package.zsh'
[2.683s] Level 1:colcon.colcon_core.environment:create_file_with_runtime_dependencies(/home/arwa/ros2_ws/install/AutoProject/share/colcon-core/packages/AutoProject)
[4.949s] DEBUG:colcon.colcon_core.event_handler.log_command:Invoking command in '/home/arwa/ros2_ws/src/AutonomousProject': DEBUGINFOD_URLS=https://debuginfod.ubuntu.com PYTHONPATH=/home/arwa/ros2_ws/build/AutonomousProject/prefix_override:/usr/lib/python3/dist-packages/colcon_core/task/python/colcon_distutils_commands:/home/arwa/ros2_ws/install/AutonomousProject/lib/python3.12/site-packages:${PYTHONPATH} /usr/bin/python3 -W ignore:setup.py install is deprecated -W ignore:easy_install command is deprecated setup.py egg_info --egg-base ../../build/AutonomousProject build --build-base /home/arwa/ros2_ws/build/AutonomousProject/build install --record /home/arwa/ros2_ws/build/AutonomousProject/install.log --single-version-externally-managed install_data
[4.964s] DEBUG:colcon.colcon_core.event_handler.log_command:Invoking command in '/home/arwa/ros2_ws/src/obstacle_detection': DEBUGINFOD_URLS=https://debuginfod.ubuntu.com PYTHONPATH=/home/arwa/ros2_ws/build/obstacle_detection/prefix_override:/usr/lib/python3/dist-packages/colcon_core/task/python/colcon_distutils_commands:/home/arwa/ros2_ws/install/obstacle_detection/lib/python3.12/site-packages:${PYTHONPATH} /usr/bin/python3 -W ignore:setup.py install is deprecated -W ignore:easy_install command is deprecated setup.py egg_info --egg-base ../../build/obstacle_detection build --build-base /home/arwa/ros2_ws/build/obstacle_detection/build install --record /home/arwa/ros2_ws/build/obstacle_detection/install.log --single-version-externally-managed install_data
[4.967s] DEBUG:colcon.colcon_core.event_handler.log_command:Invoking command in '/home/arwa/ros2_ws/src/lidar_reader': DEBUGINFOD_URLS=https://debuginfod.ubuntu.com PYTHONPATH=/home/arwa/ros2_ws/build/lidar_reader/prefix_override:/usr/lib/python3/dist-packages/colcon_core/task/python/colcon_distutils_commands:/home/arwa/ros2_ws/install/lidar_reader/lib/python3.12/site-packages:${PYTHONPATH} /usr/bin/python3 -W ignore:setup.py install is deprecated -W ignore:easy_install command is deprecated setup.py egg_info --egg-base ../../build/lidar_reader build --build-base /home/arwa/ros2_ws/build/lidar_reader/build install --record /home/arwa/ros2_ws/build/lidar_reader/install.log --single-version-externally-managed install_data
[6.256s] Level 1:colcon.colcon_core.environment:checking '/home/arwa/ros2_ws/install/lidar_reader' for CMake module files
[6.261s] Level 1:colcon.colcon_core.environment:checking '/home/arwa/ros2_ws/install/lidar_reader' for CMake config files
[6.258s] DEBUG:colcon.colcon_core.event_handler.log_command:Invoked command in '/home/arwa/ros2_ws/src/lidar_reader' returned '0': DEBUGINFOD_URLS=https://debuginfod.ubuntu.com PYTHONPATH=/home/arwa/ros2_ws/build/lidar_reader/prefix_override:/usr/lib/python3/dist-packages/colcon_core/task/python/colcon_distutils_commands:/home/arwa/ros2_ws/install/lidar_reader/lib/python3.12/site-packages:${PYTHONPATH} /usr/bin/python3 -W ignore:setup.py install is deprecated -W ignore:easy_install command is deprecated setup.py egg_info --egg-base ../../build/lidar_reader build --build-base /home/arwa/ros2_ws/build/lidar_reader/build install --record /home/arwa/ros2_ws/build/lidar_reader/install.log --single-version-externally-managed install_data
[6.262s] Level 1:colcon.colcon_core.environment:checking '/home/arwa/ros2_ws/install/lidar_reader/lib'
[6.263s] Level 1:colcon.colcon_core.environment:checking '/home/arwa/ros2_ws/install/lidar_reader/bin'
[6.263s] Level 1:colcon.colcon_core.environment:checking '/home/arwa/ros2_ws/install/lidar_reader/lib/pkgconfig/lidar_reader.pc'
[6.263s] Level 1:colcon.colcon_core.environment:checking '/home/arwa/ros2_ws/install/lidar_reader/lib/python3.12/site-packages'
[6.264s] Level 1:colcon.colcon_core.shell:create_environment_hook('lidar_reader', 'pythonpath')
[6.264s] INFO:colcon.colcon_core.shell:Creating environment hook '/home/arwa/ros2_ws/install/lidar_reader/share/lidar_reader/hook/pythonpath.ps1'
[6.265s] INFO:colcon.colcon_core.shell:Creating environment descriptor '/home/arwa/ros2_ws/install/lidar_reader/share/lidar_reader/hook/pythonpath.dsv'
[6.266s] INFO:colcon.colcon_core.shell:Creating environment hook '/home/arwa/ros2_ws/install/lidar_reader/share/lidar_reader/hook/pythonpath.sh'
[6.268s] Level 1:colcon.colcon_core.environment:checking '/home/arwa/ros2_ws/install/lidar_reader/bin'
[6.268s] Level 1:colcon.colcon_core.environment:create_environment_scripts_only(lidar_reader)
[6.269s] INFO:colcon.colcon_core.shell:Creating package script '/home/arwa/ros2_ws/install/lidar_reader/share/lidar_reader/package.ps1'
[6.270s] INFO:colcon.colcon_core.shell:Creating package descriptor '/home/arwa/ros2_ws/install/lidar_reader/share/lidar_reader/package.dsv'
[6.271s] INFO:colcon.colcon_core.shell:Creating package script '/home/arwa/ros2_ws/install/lidar_reader/share/lidar_reader/package.sh'
[6.272s] INFO:colcon.colcon_core.shell:Creating package script '/home/arwa/ros2_ws/install/lidar_reader/share/lidar_reader/package.bash'
[6.273s] INFO:colcon.colcon_core.shell:Creating package script '/home/arwa/ros2_ws/install/lidar_reader/share/lidar_reader/package.zsh'
[6.274s] Level 1:colcon.colcon_core.environment:create_file_with_runtime_dependencies(/home/arwa/ros2_ws/install/lidar_reader/share/colcon-core/packages/lidar_reader)
[6.283s] Level 1:colcon.colcon_core.environment:checking '/home/arwa/ros2_ws/install/AutonomousProject' for CMake module files
[6.285s] DEBUG:colcon.colcon_core.event_handler.log_command:Invoked command in '/home/arwa/ros2_ws/src/AutonomousProject' returned '0': DEBUGINFOD_URLS=https://debuginfod.ubuntu.com PYTHONPATH=/home/arwa/ros2_ws/build/AutonomousProject/prefix_override:/usr/lib/python3/dist-packages/colcon_core/task/python/colcon_distutils_commands:/home/arwa/ros2_ws/install/AutonomousProject/lib/python3.12/site-packages:${PYTHONPATH} /usr/bin/python3 -W ignore:setup.py install is deprecated -W ignore:easy_install command is deprecated setup.py egg_info --egg-base ../../build/AutonomousProject build --build-base /home/arwa/ros2_ws/build/AutonomousProject/build install --record /home/arwa/ros2_ws/build/AutonomousProject/install.log --single-version-externally-managed install_data
[6.286s] Level 1:colcon.colcon_core.environment:checking '/home/arwa/ros2_ws/install/AutonomousProject' for CMake config files
[6.290s] Level 1:colcon.colcon_core.environment:checking '/home/arwa/ros2_ws/install/AutonomousProject/lib'
[6.290s] Level 1:colcon.colcon_core.environment:checking '/home/arwa/ros2_ws/install/AutonomousProject/bin'
[6.291s] Level 1:colcon.colcon_core.environment:checking '/home/arwa/ros2_ws/install/AutonomousProject/lib/pkgconfig/AutonomousProject.pc'
[6.291s] Level 1:colcon.colcon_core.environment:checking '/home/arwa/ros2_ws/install/AutonomousProject/lib/python3.12/site-packages'
[6.291s] Level 1:colcon.colcon_core.shell:create_environment_hook('AutonomousProject', 'pythonpath')
[6.291s] INFO:colcon.colcon_core.shell:Creating environment hook '/home/arwa/ros2_ws/install/AutonomousProject/share/AutonomousProject/hook/pythonpath.ps1'
[6.294s] INFO:colcon.colcon_core.shell:Creating environment descriptor '/home/arwa/ros2_ws/install/AutonomousProject/share/AutonomousProject/hook/pythonpath.dsv'
[6.295s] INFO:colcon.colcon_core.shell:Creating environment hook '/home/arwa/ros2_ws/install/AutonomousProject/share/AutonomousProject/hook/pythonpath.sh'
[6.296s] Level 1:colcon.colcon_core.environment:checking '/home/arwa/ros2_ws/install/AutonomousProject/bin'
[6.296s] Level 1:colcon.colcon_core.environment:create_environment_scripts_only(AutonomousProject)
[6.297s] INFO:colcon.colcon_core.shell:Creating package script '/home/arwa/ros2_ws/install/AutonomousProject/share/AutonomousProject/package.ps1'
[6.298s] INFO:colcon.colcon_core.shell:Creating package descriptor '/home/arwa/ros2_ws/install/AutonomousProject/share/AutonomousProject/package.dsv'
[6.299s] INFO:colcon.colcon_core.shell:Creating package script '/home/arwa/ros2_ws/install/AutonomousProject/share/AutonomousProject/package.sh'
[6.300s] INFO:colcon.colcon_core.shell:Creating package script '/home/arwa/ros2_ws/install/AutonomousProject/share/AutonomousProject/package.bash'
[6.300s] INFO:colcon.colcon_core.shell:Creating package script '/home/arwa/ros2_ws/install/AutonomousProject/share/AutonomousProject/package.zsh'
[6.301s] Level 1:colcon.colcon_core.environment:create_file_with_runtime_dependencies(/home/arwa/ros2_ws/install/AutonomousProject/share/colcon-core/packages/AutonomousProject)
[6.315s] Level 1:colcon.colcon_core.environment:checking '/home/arwa/ros2_ws/install/obstacle_detection' for CMake module files
[6.316s] DEBUG:colcon.colcon_core.event_handler.log_command:Invoked command in '/home/arwa/ros2_ws/src/obstacle_detection' returned '0': DEBUGINFOD_URLS=https://debuginfod.ubuntu.com PYTHONPATH=/home/arwa/ros2_ws/build/obstacle_detection/prefix_override:/usr/lib/python3/dist-packages/colcon_core/task/python/colcon_distutils_commands:/home/arwa/ros2_ws/install/obstacle_detection/lib/python3.12/site-packages:${PYTHONPATH} /usr/bin/python3 -W ignore:setup.py install is deprecated -W ignore:easy_install command is deprecated setup.py egg_info --egg-base ../../build/obstacle_detection build --build-base /home/arwa/ros2_ws/build/obstacle_detection/build install --record /home/arwa/ros2_ws/build/obstacle_detection/install.log --single-version-externally-managed install_data
[6.317s] Level 1:colcon.colcon_core.environment:checking '/home/arwa/ros2_ws/install/obstacle_detection' for CMake config files
[6.318s] Level 1:colcon.colcon_core.environment:checking '/home/arwa/ros2_ws/install/obstacle_detection/lib'
[6.318s] Level 1:colcon.colcon_core.environment:checking '/home/arwa/ros2_ws/install/obstacle_detection/bin'
[6.318s] Level 1:colcon.colcon_core.environment:checking '/home/arwa/ros2_ws/install/obstacle_detection/lib/pkgconfig/obstacle_detection.pc'
[6.319s] Level 1:colcon.colcon_core.environment:checking '/home/arwa/ros2_ws/install/obstacle_detection/lib/python3.12/site-packages'
[6.319s] Level 1:colcon.colcon_core.shell:create_environment_hook('obstacle_detection', 'pythonpath')
[6.319s] INFO:colcon.colcon_core.shell:Creating environment hook '/home/arwa/ros2_ws/install/obstacle_detection/share/obstacle_detection/hook/pythonpath.ps1'
[6.321s] INFO:colcon.colcon_core.shell:Creating environment descriptor '/home/arwa/ros2_ws/install/obstacle_detection/share/obstacle_detection/hook/pythonpath.dsv'
[6.324s] INFO:colcon.colcon_core.shell:Creating environment hook '/home/arwa/ros2_ws/install/obstacle_detection/share/obstacle_detection/hook/pythonpath.sh'
[6.329s] Level 1:colcon.colcon_core.environment:checking '/home/arwa/ros2_ws/install/obstacle_detection/bin'
[6.329s] Level 1:colcon.colcon_core.environment:create_environment_scripts_only(obstacle_detection)
[6.330s] INFO:colcon.colcon_core.shell:Creating package script '/home/arwa/ros2_ws/install/obstacle_detection/share/obstacle_detection/package.ps1'
[6.331s] INFO:colcon.colcon_core.shell:Creating package descriptor '/home/arwa/ros2_ws/install/obstacle_detection/share/obstacle_detection/package.dsv'
[6.332s] INFO:colcon.colcon_core.shell:Creating package script '/home/arwa/ros2_ws/install/obstacle_detection/share/obstacle_detection/package.sh'
[6.333s] INFO:colcon.colcon_core.shell:Creating package script '/home/arwa/ros2_ws/install/obstacle_detection/share/obstacle_detection/package.bash'
[6.334s] INFO:colcon.colcon_core.shell:Creating package script '/home/arwa/ros2_ws/install/obstacle_detection/share/obstacle_detection/package.zsh'
[6.335s] Level 1:colcon.colcon_core.environment:create_file_with_runtime_dependencies(/home/arwa/ros2_ws/install/obstacle_detection/share/colcon-core/packages/obstacle_detection)
[6.336s] DEBUG:colcon.colcon_parallel_executor.executor.parallel:closing loop
[6.336s] DEBUG:colcon.colcon_parallel_executor.executor.parallel:loop closed
[6.336s] DEBUG:colcon.colcon_parallel_executor.executor.parallel:run_until_complete finished with '0'
[6.337s] DEBUG:colcon.colcon_core.event_reactor:joining thread
[6.368s] INFO:colcon.colcon_core.plugin_system:Skipping extension 'colcon_notification.desktop_notification.terminal_notifier': Not used on non-Darwin systems
[6.368s] INFO:colcon.colcon_core.plugin_system:Skipping extension 'colcon_notification.desktop_notification.win32': Not used on non-Windows systems
[6.368s] INFO:colcon.colcon_notification.desktop_notification:Sending desktop notification using 'notify2'
[6.500s] DEBUG:colcon.colcon_core.event_reactor:joined thread
[6.500s] INFO:colcon.colcon_core.shell:Creating prefix script '/home/arwa/ros2_ws/install/local_setup.ps1'
[6.503s] INFO:colcon.colcon_core.shell:Creating prefix util module '/home/arwa/ros2_ws/install/_local_setup_util_ps1.py'
[6.508s] INFO:colcon.colcon_core.shell:Creating prefix chain script '/home/arwa/ros2_ws/install/setup.ps1'
[6.514s] INFO:colcon.colcon_core.shell:Creating prefix script '/home/arwa/ros2_ws/install/local_setup.sh'
[6.517s] INFO:colcon.colcon_core.shell:Creating prefix util module '/home/arwa/ros2_ws/install/_local_setup_util_sh.py'
[6.518s] INFO:colcon.colcon_core.shell:Creating prefix chain script '/home/arwa/ros2_ws/install/setup.sh'
[6.526s] INFO:colcon.colcon_core.shell:Creating prefix script '/home/arwa/ros2_ws/install/local_setup.bash'
[6.531s] INFO:colcon.colcon_core.shell:Creating prefix chain script '/home/arwa/ros2_ws/install/setup.bash'
[6.536s] INFO:colcon.colcon_core.shell:Creating prefix script '/home/arwa/ros2_ws/install/local_setup.zsh'
[6.540s] INFO:colcon.colcon_core.shell:Creating prefix chain script '/home/arwa/ros2_ws/install/setup.zsh'
