[0.111s] Invoking command in '/home/arwa/ros2_ws/build/AutoProject': CMAKE_PREFIX_PATH=${CMAKE_PREFIX_PATH}:/opt/ros/jazzy DEBUGINFOD_URLS=https://debuginfod.ubuntu.com /usr/bin/cmake --build /home/arwa/ros2_ws/build/AutoProject -- -j4 -l4
[1.997s] Invoked command in '/home/arwa/ros2_ws/build/AutoProject' returned '0': CMAKE_PREFIX_PATH=${CMAKE_PREFIX_PATH}:/opt/ros/jazzy DEBUGINFOD_URLS=https://debuginfod.ubuntu.com /usr/bin/cmake --build /home/arwa/ros2_ws/build/AutoProject -- -j4 -l4
[2.033s] Invoking command in '/home/arwa/ros2_ws/build/AutoProject': CMAKE_PREFIX_PATH=${CMAKE_PREFIX_PATH}:/opt/ros/jazzy DEBUGINFOD_URLS=https://debuginfod.ubuntu.com /usr/bin/cmake --install /home/arwa/ros2_ws/build/AutoProject
[2.088s] -- Install configuration: ""
[2.091s] -- Up-to-date: /home/arwa/ros2_ws/install/AutoProject/share/AutoProject/launch
[2.094s] -- Up-to-date: /home/arwa/ros2_ws/install/AutoProject/share/AutoProject/launch/tb4_simulation.launch.py
[2.095s] -- Up-to-date: /home/arwa/ros2_ws/install/AutoProject/share/AutoProject/launch/sim.launch.py
[2.096s] -- Up-to-date: /home/arwa/ros2_ws/install/AutoProject/share/AutoProject/worlds
[2.096s] -- Up-to-date: /home/arwa/ros2_ws/install/AutoProject/share/AutoProject/worlds/doubleLane.sdf
[2.097s] -- Up-to-date: /home/arwa/ros2_ws/install/AutoProject/share/AutoProject/worlds/lane_visual.sdfZone.Identifier
[2.098s] -- Up-to-date: /home/arwa/ros2_ws/install/AutoProject/share/AutoProject/worlds/lane_visual.sdf
[2.099s] -- Up-to-date: /home/arwa/ros2_ws/install/AutoProject/share/ament_index/resource_index/package_run_dependencies/AutoProject
[2.101s] -- Up-to-date: /home/arwa/ros2_ws/install/AutoProject/share/ament_index/resource_index/parent_prefix_path/AutoProject
[2.101s] -- Up-to-date: /home/arwa/ros2_ws/install/AutoProject/share/AutoProject/environment/ament_prefix_path.sh
[2.101s] -- Up-to-date: /home/arwa/ros2_ws/install/AutoProject/share/AutoProject/environment/ament_prefix_path.dsv
[2.102s] -- Up-to-date: /home/arwa/ros2_ws/install/AutoProject/share/AutoProject/environment/path.sh
[2.102s] -- Up-to-date: /home/arwa/ros2_ws/install/AutoProject/share/AutoProject/environment/path.dsv
[2.103s] -- Up-to-date: /home/arwa/ros2_ws/install/AutoProject/share/AutoProject/local_setup.bash
[2.103s] -- Up-to-date: /home/arwa/ros2_ws/install/AutoProject/share/AutoProject/local_setup.sh
[2.104s] -- Up-to-date: /home/arwa/ros2_ws/install/AutoProject/share/AutoProject/local_setup.zsh
[2.105s] -- Up-to-date: /home/arwa/ros2_ws/install/AutoProject/share/AutoProject/local_setup.dsv
[2.106s] -- Up-to-date: /home/arwa/ros2_ws/install/AutoProject/share/AutoProject/package.dsv
[2.107s] -- Up-to-date: /home/arwa/ros2_ws/install/AutoProject/share/ament_index/resource_index/packages/AutoProject
[2.107s] -- Up-to-date: /home/arwa/ros2_ws/install/AutoProject/share/AutoProject/cmake/AutoProjectConfig.cmake
[2.108s] -- Up-to-date: /home/arwa/ros2_ws/install/AutoProject/share/AutoProject/cmake/AutoProjectConfig-version.cmake
[2.108s] -- Up-to-date: /home/arwa/ros2_ws/install/AutoProject/share/AutoProject/package.xml
[2.112s] Invoked command in '/home/arwa/ros2_ws/build/AutoProject' returned '0': CMAKE_PREFIX_PATH=${CMAKE_PREFIX_PATH}:/opt/ros/jazzy DEBUGINFOD_URLS=https://debuginfod.ubuntu.com /usr/bin/cmake --install /home/arwa/ros2_ws/build/AutoProject
