running egg_info
creating ../../build/AutonomousProject/AutonomousProject.egg-info
writing ../../build/AutonomousProject/AutonomousProject.egg-info/PKG-INFO
writing dependency_links to ../../build/AutonomousProject/AutonomousProject.egg-info/dependency_links.txt
writing requirements to ../../build/AutonomousProject/AutonomousProject.egg-info/requires.txt
writing top-level names to ../../build/AutonomousProject/AutonomousProject.egg-info/top_level.txt
writing manifest file '../../build/AutonomousProject/AutonomousProject.egg-info/SOURCES.txt'
reading manifest file '../../build/AutonomousProject/AutonomousProject.egg-info/SOURCES.txt'
writing manifest file '../../build/AutonomousProject/AutonomousProject.egg-info/SOURCES.txt'
running build
running build_py
creating /home/arwa/ros2_ws/build/AutonomousProject/build
creating /home/arwa/ros2_ws/build/AutonomousProject/build/lib
creating /home/arwa/ros2_ws/build/AutonomousProject/build/lib/AutonomousProject
copying AutonomousProject/__init__.py -> /home/arwa/ros2_ws/build/AutonomousProject/build/lib/AutonomousProject
running install
running install_lib
creating /home/arwa/ros2_ws/install/AutonomousProject/lib/python3.12/site-packages/AutonomousProject
copying /home/arwa/ros2_ws/build/AutonomousProject/build/lib/AutonomousProject/__init__.py -> /home/arwa/ros2_ws/install/AutonomousProject/lib/python3.12/site-packages/AutonomousProject
byte-compiling /home/arwa/ros2_ws/install/AutonomousProject/lib/python3.12/site-packages/AutonomousProject/__init__.py to __init__.cpython-312.pyc
running install_data
creating /home/arwa/ros2_ws/install/AutonomousProject/share/ament_index
creating /home/arwa/ros2_ws/install/AutonomousProject/share/ament_index/resource_index
creating /home/arwa/ros2_ws/install/AutonomousProject/share/ament_index/resource_index/packages
copying resource/AutonomousProject -> /home/arwa/ros2_ws/install/AutonomousProject/share/ament_index/resource_index/packages
copying package.xml -> /home/arwa/ros2_ws/install/AutonomousProject/share/AutonomousProject
creating /home/arwa/ros2_ws/install/AutonomousProject/share/AutonomousProject/worlds
copying worlds/doubleLane.sdf -> /home/arwa/ros2_ws/install/AutonomousProject/share/AutonomousProject/worlds
copying worlds/lane_visual.sdf -> /home/arwa/ros2_ws/install/AutonomousProject/share/AutonomousProject/worlds
running install_egg_info
Copying ../../build/AutonomousProject/AutonomousProject.egg-info to /home/arwa/ros2_ws/install/AutonomousProject/lib/python3.12/site-packages/AutonomousProject-0.0.0-py3.12.egg-info
running install_scripts
writing list of installed files to '/home/arwa/ros2_ws/build/AutonomousProject/install.log'
