[0.327s] DEBUG:colcon:Command line arguments: ['/usr/bin/colcon', 'build']
[0.327s] DEBUG:colcon:Parsed command line arguments: Namespace(log_base=None, log_level=None, verb_name='build', build_base='build', install_base='install', merge_install=False, symlink_install=False, test_result_base=None, continue_on_error=False, executor='parallel', parallel_workers=4, event_handlers=None, ignore_user_meta=False, metas=['./colcon.meta'], base_paths=['.'], packages_ignore=None, packages_ignore_regex=None, paths=None, packages_up_to=None, packages_up_to_regex=None, packages_above=None, packages_above_and_dependencies=None, packages_above_depth=None, packages_select_by_dep=None, packages_skip_by_dep=None, packages_skip_up_to=None, packages_select_build_failed=False, packages_skip_build_finished=False, packages_select_test_failures=False, packages_skip_test_passed=False, packages_select=None, packages_skip=None, packages_select_regex=None, packages_skip_regex=None, packages_start=None, packages_end=None, allow_overriding=[], cmake_args=None, cmake_target=None, cmake_target_skip_unavailable=False, cmake_clean_cache=False, cmake_clean_first=False, cmake_force_configure=False, ament_cmake_args=None, catkin_cmake_args=None, catkin_skip_building_tests=False, mixin_files=None, mixin=None, verb_parser=<colcon_mixin.mixin.mixin_argument.MixinArgumentDecorator object at 0x7179afeb1040>, verb_extension=<colcon_core.verb.build.BuildVerb object at 0x7179afeb0d10>, main=<bound method BuildVerb.main of <colcon_core.verb.build.BuildVerb object at 0x7179afeb0d10>>, mixin_verb=('build',))
[0.470s] Level 1:colcon.colcon_core.package_discovery:discover_packages(colcon_meta) check parameters
[0.470s] Level 1:colcon.colcon_core.package_discovery:discover_packages(recursive) check parameters
[0.470s] Level 1:colcon.colcon_core.package_discovery:discover_packages(ignore) check parameters
[0.470s] Level 1:colcon.colcon_core.package_discovery:discover_packages(path) check parameters
[0.470s] Level 1:colcon.colcon_core.package_discovery:discover_packages(colcon_meta) discover
[0.470s] Level 1:colcon.colcon_core.package_discovery:discover_packages(recursive) discover
[0.471s] INFO:colcon.colcon_core.package_discovery:Crawling recursively for packages in '/home/arwa/ros2_ws'
[0.471s] Level 1:colcon.colcon_core.package_identification:_identify(.) by extensions ['ignore', 'ignore_ament_install']
[0.471s] Level 1:colcon.colcon_core.package_identification:_identify(.) by extension 'ignore'
[0.471s] Level 1:colcon.colcon_core.package_identification:_identify(.) by extension 'ignore_ament_install'
[0.471s] Level 1:colcon.colcon_core.package_identification:_identify(.) by extensions ['colcon_pkg']
[0.471s] Level 1:colcon.colcon_core.package_identification:_identify(.) by extension 'colcon_pkg'
[0.471s] Level 1:colcon.colcon_core.package_identification:_identify(.) by extensions ['colcon_meta']
[0.471s] Level 1:colcon.colcon_core.package_identification:_identify(.) by extension 'colcon_meta'
[0.471s] Level 1:colcon.colcon_core.package_identification:_identify(.) by extensions ['ros']
[0.471s] Level 1:colcon.colcon_core.package_identification:_identify(.) by extension 'ros'
[0.534s] Level 1:colcon.colcon_core.package_identification:_identify(.) by extensions ['cmake', 'python']
[0.535s] Level 1:colcon.colcon_core.package_identification:_identify(.) by extension 'cmake'
[0.535s] Level 1:colcon.colcon_core.package_identification:_identify(.) by extension 'python'
[0.535s] Level 1:colcon.colcon_core.package_identification:_identify(.) by extensions ['python_setup_py']
[0.535s] Level 1:colcon.colcon_core.package_identification:_identify(.) by extension 'python_setup_py'
[0.535s] Level 1:colcon.colcon_core.package_identification:_identify(build) by extensions ['ignore', 'ignore_ament_install']
[0.535s] Level 1:colcon.colcon_core.package_identification:_identify(build) by extension 'ignore'
[0.536s] Level 1:colcon.colcon_core.package_identification:_identify(build) ignored
[0.536s] Level 1:colcon.colcon_core.package_identification:_identify(install) by extensions ['ignore', 'ignore_ament_install']
[0.536s] Level 1:colcon.colcon_core.package_identification:_identify(install) by extension 'ignore'
[0.536s] Level 1:colcon.colcon_core.package_identification:_identify(install) ignored
[0.536s] Level 1:colcon.colcon_core.package_identification:_identify(log) by extensions ['ignore', 'ignore_ament_install']
[0.536s] Level 1:colcon.colcon_core.package_identification:_identify(log) by extension 'ignore'
[0.536s] Level 1:colcon.colcon_core.package_identification:_identify(log) ignored
[0.537s] Level 1:colcon.colcon_core.package_identification:_identify(src) by extensions ['ignore', 'ignore_ament_install']
[0.537s] Level 1:colcon.colcon_core.package_identification:_identify(src) by extension 'ignore'
[0.537s] Level 1:colcon.colcon_core.package_identification:_identify(src) by extension 'ignore_ament_install'
[0.537s] Level 1:colcon.colcon_core.package_identification:_identify(src) by extensions ['colcon_pkg']
[0.537s] Level 1:colcon.colcon_core.package_identification:_identify(src) by extension 'colcon_pkg'
[0.537s] Level 1:colcon.colcon_core.package_identification:_identify(src) by extensions ['colcon_meta']
[0.537s] Level 1:colcon.colcon_core.package_identification:_identify(src) by extension 'colcon_meta'
[0.537s] Level 1:colcon.colcon_core.package_identification:_identify(src) by extensions ['ros']
[0.537s] Level 1:colcon.colcon_core.package_identification:_identify(src) by extension 'ros'
[0.537s] Level 1:colcon.colcon_core.package_identification:_identify(src) by extensions ['cmake', 'python']
[0.537s] Level 1:colcon.colcon_core.package_identification:_identify(src) by extension 'cmake'
[0.537s] Level 1:colcon.colcon_core.package_identification:_identify(src) by extension 'python'
[0.537s] Level 1:colcon.colcon_core.package_identification:_identify(src) by extensions ['python_setup_py']
[0.538s] Level 1:colcon.colcon_core.package_identification:_identify(src) by extension 'python_setup_py'
[0.538s] Level 1:colcon.colcon_core.package_identification:_identify(src/AutoProjectPackage) by extensions ['ignore', 'ignore_ament_install']
[0.538s] Level 1:colcon.colcon_core.package_identification:_identify(src/AutoProjectPackage) by extension 'ignore'
[0.538s] Level 1:colcon.colcon_core.package_identification:_identify(src/AutoProjectPackage) by extension 'ignore_ament_install'
[0.538s] Level 1:colcon.colcon_core.package_identification:_identify(src/AutoProjectPackage) by extensions ['colcon_pkg']
[0.538s] Level 1:colcon.colcon_core.package_identification:_identify(src/AutoProjectPackage) by extension 'colcon_pkg'
[0.538s] Level 1:colcon.colcon_core.package_identification:_identify(src/AutoProjectPackage) by extensions ['colcon_meta']
[0.538s] Level 1:colcon.colcon_core.package_identification:_identify(src/AutoProjectPackage) by extension 'colcon_meta'
[0.538s] Level 1:colcon.colcon_core.package_identification:_identify(src/AutoProjectPackage) by extensions ['ros']
[0.538s] Level 1:colcon.colcon_core.package_identification:_identify(src/AutoProjectPackage) by extension 'ros'
[0.539s] Level 1:colcon.colcon_core.package_identification:_identify(src/AutoProjectPackage) by extensions ['cmake', 'python']
[0.539s] Level 1:colcon.colcon_core.package_identification:_identify(src/AutoProjectPackage) by extension 'cmake'
[0.539s] Level 1:colcon.colcon_core.package_identification:_identify(src/AutoProjectPackage) by extension 'python'
[0.539s] Level 1:colcon.colcon_core.package_identification:_identify(src/AutoProjectPackage) by extensions ['python_setup_py']
[0.539s] Level 1:colcon.colcon_core.package_identification:_identify(src/AutoProjectPackage) by extension 'python_setup_py'
[0.539s] Level 1:colcon.colcon_core.package_identification:_identify(src/AutoProjectPackage/AutoProject) by extensions ['ignore', 'ignore_ament_install']
[0.539s] Level 1:colcon.colcon_core.package_identification:_identify(src/AutoProjectPackage/AutoProject) by extension 'ignore'
[0.539s] Level 1:colcon.colcon_core.package_identification:_identify(src/AutoProjectPackage/AutoProject) by extension 'ignore_ament_install'
[0.539s] Level 1:colcon.colcon_core.package_identification:_identify(src/AutoProjectPackage/AutoProject) by extensions ['colcon_pkg']
[0.539s] Level 1:colcon.colcon_core.package_identification:_identify(src/AutoProjectPackage/AutoProject) by extension 'colcon_pkg'
[0.540s] Level 1:colcon.colcon_core.package_identification:_identify(src/AutoProjectPackage/AutoProject) by extensions ['colcon_meta']
[0.540s] Level 1:colcon.colcon_core.package_identification:_identify(src/AutoProjectPackage/AutoProject) by extension 'colcon_meta'
[0.540s] Level 1:colcon.colcon_core.package_identification:_identify(src/AutoProjectPackage/AutoProject) by extensions ['ros']
[0.540s] Level 1:colcon.colcon_core.package_identification:_identify(src/AutoProjectPackage/AutoProject) by extension 'ros'
[0.545s] DEBUG:colcon.colcon_core.package_identification:Package 'src/AutoProjectPackage/AutoProject' with type 'ros.ament_cmake' and name 'AutoProject'
[0.545s] Level 1:colcon.colcon_core.package_identification:_identify(src/AutonomousProject) by extensions ['ignore', 'ignore_ament_install']
[0.545s] Level 1:colcon.colcon_core.package_identification:_identify(src/AutonomousProject) by extension 'ignore'
[0.545s] Level 1:colcon.colcon_core.package_identification:_identify(src/AutonomousProject) by extension 'ignore_ament_install'
[0.546s] Level 1:colcon.colcon_core.package_identification:_identify(src/AutonomousProject) by extensions ['colcon_pkg']
[0.546s] Level 1:colcon.colcon_core.package_identification:_identify(src/AutonomousProject) by extension 'colcon_pkg'
[0.546s] Level 1:colcon.colcon_core.package_identification:_identify(src/AutonomousProject) by extensions ['colcon_meta']
[0.546s] Level 1:colcon.colcon_core.package_identification:_identify(src/AutonomousProject) by extension 'colcon_meta'
[0.546s] Level 1:colcon.colcon_core.package_identification:_identify(src/AutonomousProject) by extensions ['ros']
[0.546s] Level 1:colcon.colcon_core.package_identification:_identify(src/AutonomousProject) by extension 'ros'
[0.547s] DEBUG:colcon.colcon_core.package_identification:Package 'src/AutonomousProject' with type 'ros.ament_python' and name 'AutonomousProject'
[0.547s] Level 1:colcon.colcon_core.package_identification:_identify(src/build) by extensions ['ignore', 'ignore_ament_install']
[0.548s] Level 1:colcon.colcon_core.package_identification:_identify(src/build) by extension 'ignore'
[0.548s] Level 1:colcon.colcon_core.package_identification:_identify(src/build) ignored
[0.548s] Level 1:colcon.colcon_core.package_identification:_identify(src/install) by extensions ['ignore', 'ignore_ament_install']
[0.548s] Level 1:colcon.colcon_core.package_identification:_identify(src/install) by extension 'ignore'
[0.548s] Level 1:colcon.colcon_core.package_identification:_identify(src/install) ignored
[0.549s] Level 1:colcon.colcon_core.package_identification:_identify(src/lidar_reader) by extensions ['ignore', 'ignore_ament_install']
[0.549s] Level 1:colcon.colcon_core.package_identification:_identify(src/lidar_reader) by extension 'ignore'
[0.549s] Level 1:colcon.colcon_core.package_identification:_identify(src/lidar_reader) by extension 'ignore_ament_install'
[0.549s] Level 1:colcon.colcon_core.package_identification:_identify(src/lidar_reader) by extensions ['colcon_pkg']
[0.550s] Level 1:colcon.colcon_core.package_identification:_identify(src/lidar_reader) by extension 'colcon_pkg'
[0.550s] Level 1:colcon.colcon_core.package_identification:_identify(src/lidar_reader) by extensions ['colcon_meta']
[0.550s] Level 1:colcon.colcon_core.package_identification:_identify(src/lidar_reader) by extension 'colcon_meta'
[0.550s] Level 1:colcon.colcon_core.package_identification:_identify(src/lidar_reader) by extensions ['ros']
[0.550s] Level 1:colcon.colcon_core.package_identification:_identify(src/lidar_reader) by extension 'ros'
[0.552s] DEBUG:colcon.colcon_core.package_identification:Package 'src/lidar_reader' with type 'ros.ament_python' and name 'lidar_reader'
[0.552s] Level 1:colcon.colcon_core.package_identification:_identify(src/log) by extensions ['ignore', 'ignore_ament_install']
[0.552s] Level 1:colcon.colcon_core.package_identification:_identify(src/log) by extension 'ignore'
[0.552s] Level 1:colcon.colcon_core.package_identification:_identify(src/log) ignored
[0.553s] Level 1:colcon.colcon_core.package_identification:_identify(src/obstacle_detection) by extensions ['ignore', 'ignore_ament_install']
[0.553s] Level 1:colcon.colcon_core.package_identification:_identify(src/obstacle_detection) by extension 'ignore'
[0.553s] Level 1:colcon.colcon_core.package_identification:_identify(src/obstacle_detection) by extension 'ignore_ament_install'
[0.553s] Level 1:colcon.colcon_core.package_identification:_identify(src/obstacle_detection) by extensions ['colcon_pkg']
[0.553s] Level 1:colcon.colcon_core.package_identification:_identify(src/obstacle_detection) by extension 'colcon_pkg'
[0.553s] Level 1:colcon.colcon_core.package_identification:_identify(src/obstacle_detection) by extensions ['colcon_meta']
[0.554s] Level 1:colcon.colcon_core.package_identification:_identify(src/obstacle_detection) by extension 'colcon_meta'
[0.554s] Level 1:colcon.colcon_core.package_identification:_identify(src/obstacle_detection) by extensions ['ros']
[0.554s] Level 1:colcon.colcon_core.package_identification:_identify(src/obstacle_detection) by extension 'ros'
[0.556s] DEBUG:colcon.colcon_core.package_identification:Package 'src/obstacle_detection' with type 'ros.ament_python' and name 'obstacle_detection'
[0.557s] Level 1:colcon.colcon_core.package_discovery:discover_packages(recursive) using defaults
[0.557s] Level 1:colcon.colcon_core.package_discovery:discover_packages(ignore) discover
[0.557s] Level 1:colcon.colcon_core.package_discovery:discover_packages(ignore) using defaults
[0.558s] Level 1:colcon.colcon_core.package_discovery:discover_packages(path) discover
[0.558s] Level 1:colcon.colcon_core.package_discovery:discover_packages(path) using defaults
[0.632s] Level 1:colcon.colcon_core.package_discovery:discover_packages(prefix_path) check parameters
[0.632s] Level 1:colcon.colcon_core.package_discovery:discover_packages(prefix_path) discover
[0.640s] DEBUG:colcon.colcon_installed_package_information.package_discovery:Found 483 installed packages in /opt/ros/jazzy
[0.645s] Level 1:colcon.colcon_core.package_discovery:discover_packages(prefix_path) using defaults
[0.845s] Level 5:colcon.colcon_core.verb:set package 'AutoProject' build argument 'cmake_args' from command line to 'None'
[0.845s] Level 5:colcon.colcon_core.verb:set package 'AutoProject' build argument 'cmake_target' from command line to 'None'
[0.845s] Level 5:colcon.colcon_core.verb:set package 'AutoProject' build argument 'cmake_target_skip_unavailable' from command line to 'False'
[0.845s] Level 5:colcon.colcon_core.verb:set package 'AutoProject' build argument 'cmake_clean_cache' from command line to 'False'
[0.845s] Level 5:colcon.colcon_core.verb:set package 'AutoProject' build argument 'cmake_clean_first' from command line to 'False'
[0.845s] Level 5:colcon.colcon_core.verb:set package 'AutoProject' build argument 'cmake_force_configure' from command line to 'False'
[0.845s] Level 5:colcon.colcon_core.verb:set package 'AutoProject' build argument 'ament_cmake_args' from command line to 'None'
[0.845s] Level 5:colcon.colcon_core.verb:set package 'AutoProject' build argument 'catkin_cmake_args' from command line to 'None'
[0.845s] Level 5:colcon.colcon_core.verb:set package 'AutoProject' build argument 'catkin_skip_building_tests' from command line to 'False'
[0.845s] DEBUG:colcon.colcon_core.verb:Building package 'AutoProject' with the following arguments: {'ament_cmake_args': None, 'build_base': '/home/arwa/ros2_ws/build/AutoProject', 'catkin_cmake_args': None, 'catkin_skip_building_tests': False, 'cmake_args': None, 'cmake_clean_cache': False, 'cmake_clean_first': False, 'cmake_force_configure': False, 'cmake_target': None, 'cmake_target_skip_unavailable': False, 'install_base': '/home/arwa/ros2_ws/install/AutoProject', 'merge_install': False, 'path': '/home/arwa/ros2_ws/src/AutoProjectPackage/AutoProject', 'symlink_install': False, 'test_result_base': None}
[0.846s] Level 5:colcon.colcon_core.verb:set package 'AutonomousProject' build argument 'cmake_args' from command line to 'None'
[0.846s] Level 5:colcon.colcon_core.verb:set package 'AutonomousProject' build argument 'cmake_target' from command line to 'None'
[0.846s] Level 5:colcon.colcon_core.verb:set package 'AutonomousProject' build argument 'cmake_target_skip_unavailable' from command line to 'False'
[0.846s] Level 5:colcon.colcon_core.verb:set package 'AutonomousProject' build argument 'cmake_clean_cache' from command line to 'False'
[0.846s] Level 5:colcon.colcon_core.verb:set package 'AutonomousProject' build argument 'cmake_clean_first' from command line to 'False'
[0.846s] Level 5:colcon.colcon_core.verb:set package 'AutonomousProject' build argument 'cmake_force_configure' from command line to 'False'
[0.846s] Level 5:colcon.colcon_core.verb:set package 'AutonomousProject' build argument 'ament_cmake_args' from command line to 'None'
[0.846s] Level 5:colcon.colcon_core.verb:set package 'AutonomousProject' build argument 'catkin_cmake_args' from command line to 'None'
[0.846s] Level 5:colcon.colcon_core.verb:set package 'AutonomousProject' build argument 'catkin_skip_building_tests' from command line to 'False'
[0.846s] DEBUG:colcon.colcon_core.verb:Building package 'AutonomousProject' with the following arguments: {'ament_cmake_args': None, 'build_base': '/home/arwa/ros2_ws/build/AutonomousProject', 'catkin_cmake_args': None, 'catkin_skip_building_tests': False, 'cmake_args': None, 'cmake_clean_cache': False, 'cmake_clean_first': False, 'cmake_force_configure': False, 'cmake_target': None, 'cmake_target_skip_unavailable': False, 'install_base': '/home/arwa/ros2_ws/install/AutonomousProject', 'merge_install': False, 'path': '/home/arwa/ros2_ws/src/AutonomousProject', 'symlink_install': False, 'test_result_base': None}
[0.846s] Level 5:colcon.colcon_core.verb:set package 'lidar_reader' build argument 'cmake_args' from command line to 'None'
[0.846s] Level 5:colcon.colcon_core.verb:set package 'lidar_reader' build argument 'cmake_target' from command line to 'None'
[0.847s] Level 5:colcon.colcon_core.verb:set package 'lidar_reader' build argument 'cmake_target_skip_unavailable' from command line to 'False'
[0.847s] Level 5:colcon.colcon_core.verb:set package 'lidar_reader' build argument 'cmake_clean_cache' from command line to 'False'
[0.847s] Level 5:colcon.colcon_core.verb:set package 'lidar_reader' build argument 'cmake_clean_first' from command line to 'False'
[0.847s] Level 5:colcon.colcon_core.verb:set package 'lidar_reader' build argument 'cmake_force_configure' from command line to 'False'
[0.847s] Level 5:colcon.colcon_core.verb:set package 'lidar_reader' build argument 'ament_cmake_args' from command line to 'None'
[0.847s] Level 5:colcon.colcon_core.verb:set package 'lidar_reader' build argument 'catkin_cmake_args' from command line to 'None'
[0.847s] Level 5:colcon.colcon_core.verb:set package 'lidar_reader' build argument 'catkin_skip_building_tests' from command line to 'False'
[0.847s] DEBUG:colcon.colcon_core.verb:Building package 'lidar_reader' with the following arguments: {'ament_cmake_args': None, 'build_base': '/home/arwa/ros2_ws/build/lidar_reader', 'catkin_cmake_args': None, 'catkin_skip_building_tests': False, 'cmake_args': None, 'cmake_clean_cache': False, 'cmake_clean_first': False, 'cmake_force_configure': False, 'cmake_target': None, 'cmake_target_skip_unavailable': False, 'install_base': '/home/arwa/ros2_ws/install/lidar_reader', 'merge_install': False, 'path': '/home/arwa/ros2_ws/src/lidar_reader', 'symlink_install': False, 'test_result_base': None}
[0.847s] Level 5:colcon.colcon_core.verb:set package 'obstacle_detection' build argument 'cmake_args' from command line to 'None'
[0.847s] Level 5:colcon.colcon_core.verb:set package 'obstacle_detection' build argument 'cmake_target' from command line to 'None'
[0.847s] Level 5:colcon.colcon_core.verb:set package 'obstacle_detection' build argument 'cmake_target_skip_unavailable' from command line to 'False'
[0.847s] Level 5:colcon.colcon_core.verb:set package 'obstacle_detection' build argument 'cmake_clean_cache' from command line to 'False'
[0.847s] Level 5:colcon.colcon_core.verb:set package 'obstacle_detection' build argument 'cmake_clean_first' from command line to 'False'
[0.847s] Level 5:colcon.colcon_core.verb:set package 'obstacle_detection' build argument 'cmake_force_configure' from command line to 'False'
[0.848s] Level 5:colcon.colcon_core.verb:set package 'obstacle_detection' build argument 'ament_cmake_args' from command line to 'None'
[0.848s] Level 5:colcon.colcon_core.verb:set package 'obstacle_detection' build argument 'catkin_cmake_args' from command line to 'None'
[0.848s] Level 5:colcon.colcon_core.verb:set package 'obstacle_detection' build argument 'catkin_skip_building_tests' from command line to 'False'
[0.848s] DEBUG:colcon.colcon_core.verb:Building package 'obstacle_detection' with the following arguments: {'ament_cmake_args': None, 'build_base': '/home/arwa/ros2_ws/build/obstacle_detection', 'catkin_cmake_args': None, 'catkin_skip_building_tests': False, 'cmake_args': None, 'cmake_clean_cache': False, 'cmake_clean_first': False, 'cmake_force_configure': False, 'cmake_target': None, 'cmake_target_skip_unavailable': False, 'install_base': '/home/arwa/ros2_ws/install/obstacle_detection', 'merge_install': False, 'path': '/home/arwa/ros2_ws/src/obstacle_detection', 'symlink_install': False, 'test_result_base': None}
[0.848s] INFO:colcon.colcon_core.executor:Executing jobs using 'parallel' executor
[0.849s] DEBUG:colcon.colcon_parallel_executor.executor.parallel:run_until_complete
[0.849s] INFO:colcon.colcon_ros.task.ament_cmake.build:Building ROS package in '/home/arwa/ros2_ws/src/AutoProjectPackage/AutoProject' with build type 'ament_cmake'
[0.849s] INFO:colcon.colcon_cmake.task.cmake.build:Building CMake package in '/home/arwa/ros2_ws/src/AutoProjectPackage/AutoProject'
[0.855s] INFO:colcon.colcon_core.plugin_system:Skipping extension 'colcon_core.shell.bat': Not used on non-Windows systems
[0.856s] INFO:colcon.colcon_core.shell:Skip shell extension 'powershell' for command environment: Not usable outside of PowerShell
[0.856s] DEBUG:colcon.colcon_core.shell:Skip shell extension 'dsv' for command environment
[0.868s] INFO:colcon.colcon_ros.task.ament_python.build:Building ROS package in '/home/arwa/ros2_ws/src/AutonomousProject' with build type 'ament_python'
[0.868s] Level 1:colcon.colcon_core.shell:create_environment_hook('AutonomousProject', 'ament_prefix_path')
[0.869s] INFO:colcon.colcon_core.shell:Creating environment hook '/home/arwa/ros2_ws/install/AutonomousProject/share/AutonomousProject/hook/ament_prefix_path.ps1'
[0.873s] INFO:colcon.colcon_core.shell:Creating environment descriptor '/home/arwa/ros2_ws/install/AutonomousProject/share/AutonomousProject/hook/ament_prefix_path.dsv'
[0.874s] INFO:colcon.colcon_core.shell:Creating environment hook '/home/arwa/ros2_ws/install/AutonomousProject/share/AutonomousProject/hook/ament_prefix_path.sh'
[0.876s] INFO:colcon.colcon_core.shell:Skip shell extension 'powershell' for command environment: Not usable outside of PowerShell
[0.876s] DEBUG:colcon.colcon_core.shell:Skip shell extension 'dsv' for command environment
[0.903s] INFO:colcon.colcon_ros.task.ament_python.build:Building ROS package in '/home/arwa/ros2_ws/src/lidar_reader' with build type 'ament_python'
[0.904s] Level 1:colcon.colcon_core.shell:create_environment_hook('lidar_reader', 'ament_prefix_path')
[0.904s] INFO:colcon.colcon_core.shell:Creating environment hook '/home/arwa/ros2_ws/install/lidar_reader/share/lidar_reader/hook/ament_prefix_path.ps1'
[0.907s] INFO:colcon.colcon_core.shell:Creating environment descriptor '/home/arwa/ros2_ws/install/lidar_reader/share/lidar_reader/hook/ament_prefix_path.dsv'
[0.909s] INFO:colcon.colcon_core.shell:Creating environment hook '/home/arwa/ros2_ws/install/lidar_reader/share/lidar_reader/hook/ament_prefix_path.sh'
[0.911s] INFO:colcon.colcon_core.shell:Skip shell extension 'powershell' for command environment: Not usable outside of PowerShell
[0.911s] DEBUG:colcon.colcon_core.shell:Skip shell extension 'dsv' for command environment
[0.937s] INFO:colcon.colcon_ros.task.ament_python.build:Building ROS package in '/home/arwa/ros2_ws/src/obstacle_detection' with build type 'ament_python'
[0.941s] Level 1:colcon.colcon_core.shell:create_environment_hook('obstacle_detection', 'ament_prefix_path')
[0.943s] INFO:colcon.colcon_core.shell:Creating environment hook '/home/arwa/ros2_ws/install/obstacle_detection/share/obstacle_detection/hook/ament_prefix_path.ps1'
[0.944s] INFO:colcon.colcon_core.shell:Creating environment descriptor '/home/arwa/ros2_ws/install/obstacle_detection/share/obstacle_detection/hook/ament_prefix_path.dsv'
[0.945s] INFO:colcon.colcon_core.shell:Creating environment hook '/home/arwa/ros2_ws/install/obstacle_detection/share/obstacle_detection/hook/ament_prefix_path.sh'
[0.947s] INFO:colcon.colcon_core.shell:Skip shell extension 'powershell' for command environment: Not usable outside of PowerShell
[0.947s] DEBUG:colcon.colcon_core.shell:Skip shell extension 'dsv' for command environment
[1.018s] DEBUG:colcon.colcon_core.event_handler.log_command:Invoking command in '/home/arwa/ros2_ws/build/AutoProject': CMAKE_PREFIX_PATH=${CMAKE_PREFIX_PATH}:/opt/ros/jazzy DEBUGINFOD_URLS=https://debuginfod.ubuntu.com /usr/bin/cmake --build /home/arwa/ros2_ws/build/AutoProject -- -j4 -l4
[1.885s] INFO:colcon.colcon_core.task.python.build:Building Python package in '/home/arwa/ros2_ws/src/AutonomousProject'
[1.885s] INFO:colcon.colcon_core.shell:Skip shell extension 'powershell' for command environment: Not usable outside of PowerShell
[1.885s] DEBUG:colcon.colcon_core.shell:Skip shell extension 'dsv' for command environment
[2.746s] INFO:colcon.colcon_core.task.python.build:Building Python package in '/home/arwa/ros2_ws/src/lidar_reader'
[2.747s] INFO:colcon.colcon_core.shell:Skip shell extension 'powershell' for command environment: Not usable outside of PowerShell
[2.747s] DEBUG:colcon.colcon_core.shell:Skip shell extension 'dsv' for command environment
[3.539s] INFO:colcon.colcon_core.task.python.build:Building Python package in '/home/arwa/ros2_ws/src/obstacle_detection'
[3.540s] INFO:colcon.colcon_core.shell:Skip shell extension 'powershell' for command environment: Not usable outside of PowerShell
[3.540s] DEBUG:colcon.colcon_core.shell:Skip shell extension 'dsv' for command environment
[3.563s] DEBUG:colcon.colcon_core.event_handler.log_command:Invoked command in '/home/arwa/ros2_ws/build/AutoProject' returned '0': CMAKE_PREFIX_PATH=${CMAKE_PREFIX_PATH}:/opt/ros/jazzy DEBUGINFOD_URLS=https://debuginfod.ubuntu.com /usr/bin/cmake --build /home/arwa/ros2_ws/build/AutoProject -- -j4 -l4
[3.638s] DEBUG:colcon.colcon_core.event_handler.log_command:Invoking command in '/home/arwa/ros2_ws/build/AutoProject': CMAKE_PREFIX_PATH=${CMAKE_PREFIX_PATH}:/opt/ros/jazzy DEBUGINFOD_URLS=https://debuginfod.ubuntu.com /usr/bin/cmake --install /home/arwa/ros2_ws/build/AutoProject
[3.698s] Level 1:colcon.colcon_core.environment:create_environment_scripts_only(AutoProject)
[3.705s] DEBUG:colcon.colcon_core.event_handler.log_command:Invoked command in '/home/arwa/ros2_ws/build/AutoProject' returned '0': CMAKE_PREFIX_PATH=${CMAKE_PREFIX_PATH}:/opt/ros/jazzy DEBUGINFOD_URLS=https://debuginfod.ubuntu.com /usr/bin/cmake --install /home/arwa/ros2_ws/build/AutoProject
[3.711s] Level 1:colcon.colcon_core.environment:checking '/home/arwa/ros2_ws/install/AutoProject' for CMake module files
[3.717s] Level 1:colcon.colcon_core.environment:checking '/home/arwa/ros2_ws/install/AutoProject' for CMake config files
[3.717s] Level 1:colcon.colcon_core.shell:create_environment_hook('AutoProject', 'cmake_prefix_path')
[3.721s] INFO:colcon.colcon_core.shell:Creating environment hook '/home/arwa/ros2_ws/install/AutoProject/share/AutoProject/hook/cmake_prefix_path.ps1'
[3.727s] INFO:colcon.colcon_core.shell:Creating environment descriptor '/home/arwa/ros2_ws/install/AutoProject/share/AutoProject/hook/cmake_prefix_path.dsv'
[3.728s] INFO:colcon.colcon_core.shell:Creating environment hook '/home/arwa/ros2_ws/install/AutoProject/share/AutoProject/hook/cmake_prefix_path.sh'
[3.731s] Level 1:colcon.colcon_core.environment:checking '/home/arwa/ros2_ws/install/AutoProject/bin'
[3.732s] Level 1:colcon.colcon_core.environment:checking '/home/arwa/ros2_ws/install/AutoProject/lib/pkgconfig/AutoProject.pc'
[3.732s] Level 1:colcon.colcon_core.environment:checking '/home/arwa/ros2_ws/install/AutoProject/lib/python3.12/site-packages'
[3.734s] Level 1:colcon.colcon_core.environment:checking '/home/arwa/ros2_ws/install/AutoProject/bin'
[3.734s] INFO:colcon.colcon_core.shell:Creating package script '/home/arwa/ros2_ws/install/AutoProject/share/AutoProject/package.ps1'
[3.739s] INFO:colcon.colcon_core.shell:Creating package descriptor '/home/arwa/ros2_ws/install/AutoProject/share/AutoProject/package.dsv'
[3.743s] INFO:colcon.colcon_core.shell:Creating package script '/home/arwa/ros2_ws/install/AutoProject/share/AutoProject/package.sh'
[3.746s] INFO:colcon.colcon_core.shell:Creating package script '/home/arwa/ros2_ws/install/AutoProject/share/AutoProject/package.bash'
[3.748s] INFO:colcon.colcon_core.shell:Creating package script '/home/arwa/ros2_ws/install/AutoProject/share/AutoProject/package.zsh'
[3.753s] Level 1:colcon.colcon_core.environment:create_file_with_runtime_dependencies(/home/arwa/ros2_ws/install/AutoProject/share/colcon-core/packages/AutoProject)
[3.754s] Level 1:colcon.colcon_core.environment:create_environment_scripts_only(AutoProject)
[3.755s] Level 1:colcon.colcon_core.environment:checking '/home/arwa/ros2_ws/install/AutoProject' for CMake module files
[3.809s] Level 1:colcon.colcon_core.environment:checking '/home/arwa/ros2_ws/install/AutoProject' for CMake config files
[3.809s] Level 1:colcon.colcon_core.shell:create_environment_hook('AutoProject', 'cmake_prefix_path')
[3.810s] INFO:colcon.colcon_core.shell:Creating environment hook '/home/arwa/ros2_ws/install/AutoProject/share/AutoProject/hook/cmake_prefix_path.ps1'
[3.811s] INFO:colcon.colcon_core.shell:Creating environment descriptor '/home/arwa/ros2_ws/install/AutoProject/share/AutoProject/hook/cmake_prefix_path.dsv'
[3.814s] INFO:colcon.colcon_core.shell:Creating environment hook '/home/arwa/ros2_ws/install/AutoProject/share/AutoProject/hook/cmake_prefix_path.sh'
[3.817s] Level 1:colcon.colcon_core.environment:checking '/home/arwa/ros2_ws/install/AutoProject/bin'
[3.817s] Level 1:colcon.colcon_core.environment:checking '/home/arwa/ros2_ws/install/AutoProject/lib/pkgconfig/AutoProject.pc'
[3.818s] Level 1:colcon.colcon_core.environment:checking '/home/arwa/ros2_ws/install/AutoProject/lib/python3.12/site-packages'
[3.818s] Level 1:colcon.colcon_core.environment:checking '/home/arwa/ros2_ws/install/AutoProject/bin'
[3.821s] INFO:colcon.colcon_core.shell:Creating package script '/home/arwa/ros2_ws/install/AutoProject/share/AutoProject/package.ps1'
[3.825s] INFO:colcon.colcon_core.shell:Creating package descriptor '/home/arwa/ros2_ws/install/AutoProject/share/AutoProject/package.dsv'
[3.830s] INFO:colcon.colcon_core.shell:Creating package script '/home/arwa/ros2_ws/install/AutoProject/share/AutoProject/package.sh'
[3.834s] INFO:colcon.colcon_core.shell:Creating package script '/home/arwa/ros2_ws/install/AutoProject/share/AutoProject/package.bash'
[3.839s] INFO:colcon.colcon_core.shell:Creating package script '/home/arwa/ros2_ws/install/AutoProject/share/AutoProject/package.zsh'
[3.842s] Level 1:colcon.colcon_core.environment:create_file_with_runtime_dependencies(/home/arwa/ros2_ws/install/AutoProject/share/colcon-core/packages/AutoProject)
[6.469s] DEBUG:colcon.colcon_core.event_handler.log_command:Invoking command in '/home/arwa/ros2_ws/src/lidar_reader': DEBUGINFOD_URLS=https://debuginfod.ubuntu.com PYTHONPATH=/home/arwa/ros2_ws/build/lidar_reader/prefix_override:/usr/lib/python3/dist-packages/colcon_core/task/python/colcon_distutils_commands:/home/arwa/ros2_ws/install/lidar_reader/lib/python3.12/site-packages:${PYTHONPATH} /usr/bin/python3 -W ignore:setup.py install is deprecated -W ignore:easy_install command is deprecated setup.py egg_info --egg-base ../../build/lidar_reader build --build-base /home/arwa/ros2_ws/build/lidar_reader/build install --record /home/arwa/ros2_ws/build/lidar_reader/install.log --single-version-externally-managed install_data
[6.639s] DEBUG:colcon.colcon_core.event_handler.log_command:Invoking command in '/home/arwa/ros2_ws/src/obstacle_detection': DEBUGINFOD_URLS=https://debuginfod.ubuntu.com PYTHONPATH=/home/arwa/ros2_ws/build/obstacle_detection/prefix_override:/usr/lib/python3/dist-packages/colcon_core/task/python/colcon_distutils_commands:/home/arwa/ros2_ws/install/obstacle_detection/lib/python3.12/site-packages:${PYTHONPATH} /usr/bin/python3 -W ignore:setup.py install is deprecated -W ignore:easy_install command is deprecated setup.py egg_info --egg-base ../../build/obstacle_detection build --build-base /home/arwa/ros2_ws/build/obstacle_detection/build install --record /home/arwa/ros2_ws/build/obstacle_detection/install.log --single-version-externally-managed install_data
[6.981s] DEBUG:colcon.colcon_core.event_handler.log_command:Invoking command in '/home/arwa/ros2_ws/src/AutonomousProject': DEBUGINFOD_URLS=https://debuginfod.ubuntu.com PYTHONPATH=/home/arwa/ros2_ws/build/AutonomousProject/prefix_override:/usr/lib/python3/dist-packages/colcon_core/task/python/colcon_distutils_commands:/home/arwa/ros2_ws/install/AutonomousProject/lib/python3.12/site-packages:${PYTHONPATH} /usr/bin/python3 -W ignore:setup.py install is deprecated -W ignore:easy_install command is deprecated setup.py egg_info --egg-base ../../build/AutonomousProject build --build-base /home/arwa/ros2_ws/build/AutonomousProject/build install --record /home/arwa/ros2_ws/build/AutonomousProject/install.log --single-version-externally-managed install_data
[9.380s] Level 1:colcon.colcon_core.environment:checking '/home/arwa/ros2_ws/install/AutonomousProject' for CMake module files
[9.381s] Level 1:colcon.colcon_core.environment:checking '/home/arwa/ros2_ws/install/AutonomousProject' for CMake config files
[9.382s] DEBUG:colcon.colcon_core.event_handler.log_command:Invoked command in '/home/arwa/ros2_ws/src/AutonomousProject' returned '0': DEBUGINFOD_URLS=https://debuginfod.ubuntu.com PYTHONPATH=/home/arwa/ros2_ws/build/AutonomousProject/prefix_override:/usr/lib/python3/dist-packages/colcon_core/task/python/colcon_distutils_commands:/home/arwa/ros2_ws/install/AutonomousProject/lib/python3.12/site-packages:${PYTHONPATH} /usr/bin/python3 -W ignore:setup.py install is deprecated -W ignore:easy_install command is deprecated setup.py egg_info --egg-base ../../build/AutonomousProject build --build-base /home/arwa/ros2_ws/build/AutonomousProject/build install --record /home/arwa/ros2_ws/build/AutonomousProject/install.log --single-version-externally-managed install_data
[9.384s] Level 1:colcon.colcon_core.environment:checking '/home/arwa/ros2_ws/install/AutonomousProject/lib'
[9.384s] Level 1:colcon.colcon_core.environment:checking '/home/arwa/ros2_ws/install/AutonomousProject/bin'
[9.384s] Level 1:colcon.colcon_core.environment:checking '/home/arwa/ros2_ws/install/AutonomousProject/lib/pkgconfig/AutonomousProject.pc'
[9.385s] Level 1:colcon.colcon_core.environment:checking '/home/arwa/ros2_ws/install/AutonomousProject/lib/python3.12/site-packages'
[9.385s] Level 1:colcon.colcon_core.shell:create_environment_hook('AutonomousProject', 'pythonpath')
[9.385s] INFO:colcon.colcon_core.shell:Creating environment hook '/home/arwa/ros2_ws/install/AutonomousProject/share/AutonomousProject/hook/pythonpath.ps1'
[9.393s] INFO:colcon.colcon_core.shell:Creating environment descriptor '/home/arwa/ros2_ws/install/AutonomousProject/share/AutonomousProject/hook/pythonpath.dsv'
[9.395s] INFO:colcon.colcon_core.shell:Creating environment hook '/home/arwa/ros2_ws/install/AutonomousProject/share/AutonomousProject/hook/pythonpath.sh'
[9.400s] Level 1:colcon.colcon_core.environment:checking '/home/arwa/ros2_ws/install/AutonomousProject/bin'
[9.400s] Level 1:colcon.colcon_core.environment:create_environment_scripts_only(AutonomousProject)
[9.400s] INFO:colcon.colcon_core.shell:Creating package script '/home/arwa/ros2_ws/install/AutonomousProject/share/AutonomousProject/package.ps1'
[9.405s] INFO:colcon.colcon_core.shell:Creating package descriptor '/home/arwa/ros2_ws/install/AutonomousProject/share/AutonomousProject/package.dsv'
[9.406s] INFO:colcon.colcon_core.shell:Creating package script '/home/arwa/ros2_ws/install/AutonomousProject/share/AutonomousProject/package.sh'
[9.412s] INFO:colcon.colcon_core.shell:Creating package script '/home/arwa/ros2_ws/install/AutonomousProject/share/AutonomousProject/package.bash'
[9.414s] INFO:colcon.colcon_core.shell:Creating package script '/home/arwa/ros2_ws/install/AutonomousProject/share/AutonomousProject/package.zsh'
[9.422s] Level 1:colcon.colcon_core.environment:create_file_with_runtime_dependencies(/home/arwa/ros2_ws/install/AutonomousProject/share/colcon-core/packages/AutonomousProject)
[9.446s] Level 1:colcon.colcon_core.environment:checking '/home/arwa/ros2_ws/install/lidar_reader' for CMake module files
[9.448s] Level 1:colcon.colcon_core.environment:checking '/home/arwa/ros2_ws/install/lidar_reader' for CMake config files
[9.448s] DEBUG:colcon.colcon_core.event_handler.log_command:Invoked command in '/home/arwa/ros2_ws/src/lidar_reader' returned '0': DEBUGINFOD_URLS=https://debuginfod.ubuntu.com PYTHONPATH=/home/arwa/ros2_ws/build/lidar_reader/prefix_override:/usr/lib/python3/dist-packages/colcon_core/task/python/colcon_distutils_commands:/home/arwa/ros2_ws/install/lidar_reader/lib/python3.12/site-packages:${PYTHONPATH} /usr/bin/python3 -W ignore:setup.py install is deprecated -W ignore:easy_install command is deprecated setup.py egg_info --egg-base ../../build/lidar_reader build --build-base /home/arwa/ros2_ws/build/lidar_reader/build install --record /home/arwa/ros2_ws/build/lidar_reader/install.log --single-version-externally-managed install_data
[9.449s] Level 1:colcon.colcon_core.environment:checking '/home/arwa/ros2_ws/install/lidar_reader/lib'
[9.449s] Level 1:colcon.colcon_core.environment:checking '/home/arwa/ros2_ws/install/lidar_reader/bin'
[9.449s] Level 1:colcon.colcon_core.environment:checking '/home/arwa/ros2_ws/install/lidar_reader/lib/pkgconfig/lidar_reader.pc'
[9.450s] Level 1:colcon.colcon_core.environment:checking '/home/arwa/ros2_ws/install/lidar_reader/lib/python3.12/site-packages'
[9.450s] Level 1:colcon.colcon_core.shell:create_environment_hook('lidar_reader', 'pythonpath')
[9.450s] INFO:colcon.colcon_core.shell:Creating environment hook '/home/arwa/ros2_ws/install/lidar_reader/share/lidar_reader/hook/pythonpath.ps1'
[9.462s] INFO:colcon.colcon_core.shell:Creating environment descriptor '/home/arwa/ros2_ws/install/lidar_reader/share/lidar_reader/hook/pythonpath.dsv'
[9.464s] INFO:colcon.colcon_core.shell:Creating environment hook '/home/arwa/ros2_ws/install/lidar_reader/share/lidar_reader/hook/pythonpath.sh'
[9.471s] Level 1:colcon.colcon_core.environment:checking '/home/arwa/ros2_ws/install/lidar_reader/bin'
[9.474s] Level 1:colcon.colcon_core.environment:create_environment_scripts_only(lidar_reader)
[9.475s] INFO:colcon.colcon_core.shell:Creating package script '/home/arwa/ros2_ws/install/lidar_reader/share/lidar_reader/package.ps1'
[9.477s] INFO:colcon.colcon_core.shell:Creating package descriptor '/home/arwa/ros2_ws/install/lidar_reader/share/lidar_reader/package.dsv'
[9.486s] INFO:colcon.colcon_core.shell:Creating package script '/home/arwa/ros2_ws/install/lidar_reader/share/lidar_reader/package.sh'
[9.497s] INFO:colcon.colcon_core.shell:Creating package script '/home/arwa/ros2_ws/install/lidar_reader/share/lidar_reader/package.bash'
[9.501s] INFO:colcon.colcon_core.shell:Creating package script '/home/arwa/ros2_ws/install/lidar_reader/share/lidar_reader/package.zsh'
[9.508s] Level 1:colcon.colcon_core.environment:create_file_with_runtime_dependencies(/home/arwa/ros2_ws/install/lidar_reader/share/colcon-core/packages/lidar_reader)
[9.805s] Level 1:colcon.colcon_core.environment:checking '/home/arwa/ros2_ws/install/obstacle_detection' for CMake module files
[9.806s] DEBUG:colcon.colcon_core.event_handler.log_command:Invoked command in '/home/arwa/ros2_ws/src/obstacle_detection' returned '0': DEBUGINFOD_URLS=https://debuginfod.ubuntu.com PYTHONPATH=/home/arwa/ros2_ws/build/obstacle_detection/prefix_override:/usr/lib/python3/dist-packages/colcon_core/task/python/colcon_distutils_commands:/home/arwa/ros2_ws/install/obstacle_detection/lib/python3.12/site-packages:${PYTHONPATH} /usr/bin/python3 -W ignore:setup.py install is deprecated -W ignore:easy_install command is deprecated setup.py egg_info --egg-base ../../build/obstacle_detection build --build-base /home/arwa/ros2_ws/build/obstacle_detection/build install --record /home/arwa/ros2_ws/build/obstacle_detection/install.log --single-version-externally-managed install_data
[9.808s] Level 1:colcon.colcon_core.environment:checking '/home/arwa/ros2_ws/install/obstacle_detection' for CMake config files
[9.809s] Level 1:colcon.colcon_core.environment:checking '/home/arwa/ros2_ws/install/obstacle_detection/lib'
[9.809s] Level 1:colcon.colcon_core.environment:checking '/home/arwa/ros2_ws/install/obstacle_detection/bin'
[9.809s] Level 1:colcon.colcon_core.environment:checking '/home/arwa/ros2_ws/install/obstacle_detection/lib/pkgconfig/obstacle_detection.pc'
[9.809s] Level 1:colcon.colcon_core.environment:checking '/home/arwa/ros2_ws/install/obstacle_detection/lib/python3.12/site-packages'
[9.809s] Level 1:colcon.colcon_core.shell:create_environment_hook('obstacle_detection', 'pythonpath')
[9.810s] INFO:colcon.colcon_core.shell:Creating environment hook '/home/arwa/ros2_ws/install/obstacle_detection/share/obstacle_detection/hook/pythonpath.ps1'
[9.811s] INFO:colcon.colcon_core.shell:Creating environment descriptor '/home/arwa/ros2_ws/install/obstacle_detection/share/obstacle_detection/hook/pythonpath.dsv'
[9.812s] INFO:colcon.colcon_core.shell:Creating environment hook '/home/arwa/ros2_ws/install/obstacle_detection/share/obstacle_detection/hook/pythonpath.sh'
[9.813s] Level 1:colcon.colcon_core.environment:checking '/home/arwa/ros2_ws/install/obstacle_detection/bin'
[9.814s] Level 1:colcon.colcon_core.environment:create_environment_scripts_only(obstacle_detection)
[9.814s] INFO:colcon.colcon_core.shell:Creating package script '/home/arwa/ros2_ws/install/obstacle_detection/share/obstacle_detection/package.ps1'
[9.815s] INFO:colcon.colcon_core.shell:Creating package descriptor '/home/arwa/ros2_ws/install/obstacle_detection/share/obstacle_detection/package.dsv'
[9.819s] INFO:colcon.colcon_core.shell:Creating package script '/home/arwa/ros2_ws/install/obstacle_detection/share/obstacle_detection/package.sh'
[9.823s] INFO:colcon.colcon_core.shell:Creating package script '/home/arwa/ros2_ws/install/obstacle_detection/share/obstacle_detection/package.bash'
[9.825s] INFO:colcon.colcon_core.shell:Creating package script '/home/arwa/ros2_ws/install/obstacle_detection/share/obstacle_detection/package.zsh'
[9.826s] Level 1:colcon.colcon_core.environment:create_file_with_runtime_dependencies(/home/arwa/ros2_ws/install/obstacle_detection/share/colcon-core/packages/obstacle_detection)
[9.827s] DEBUG:colcon.colcon_parallel_executor.executor.parallel:closing loop
[9.828s] DEBUG:colcon.colcon_parallel_executor.executor.parallel:loop closed
[9.828s] DEBUG:colcon.colcon_parallel_executor.executor.parallel:run_until_complete finished with '0'
[9.828s] DEBUG:colcon.colcon_core.event_reactor:joining thread
[9.849s] INFO:colcon.colcon_core.plugin_system:Skipping extension 'colcon_notification.desktop_notification.terminal_notifier': Not used on non-Darwin systems
[9.849s] INFO:colcon.colcon_core.plugin_system:Skipping extension 'colcon_notification.desktop_notification.win32': Not used on non-Windows systems
[9.849s] INFO:colcon.colcon_notification.desktop_notification:Sending desktop notification using 'notify2'
[9.899s] DEBUG:colcon.colcon_core.event_reactor:joined thread
[9.900s] INFO:colcon.colcon_core.shell:Creating prefix script '/home/arwa/ros2_ws/install/local_setup.ps1'
[9.909s] INFO:colcon.colcon_core.shell:Creating prefix util module '/home/arwa/ros2_ws/install/_local_setup_util_ps1.py'
[9.913s] INFO:colcon.colcon_core.shell:Creating prefix chain script '/home/arwa/ros2_ws/install/setup.ps1'
[9.915s] INFO:colcon.colcon_core.shell:Creating prefix script '/home/arwa/ros2_ws/install/local_setup.sh'
[9.917s] INFO:colcon.colcon_core.shell:Creating prefix util module '/home/arwa/ros2_ws/install/_local_setup_util_sh.py'
[9.922s] INFO:colcon.colcon_core.shell:Creating prefix chain script '/home/arwa/ros2_ws/install/setup.sh'
[9.929s] INFO:colcon.colcon_core.shell:Creating prefix script '/home/arwa/ros2_ws/install/local_setup.bash'
[9.930s] INFO:colcon.colcon_core.shell:Creating prefix chain script '/home/arwa/ros2_ws/install/setup.bash'
[9.932s] INFO:colcon.colcon_core.shell:Creating prefix script '/home/arwa/ros2_ws/install/local_setup.zsh'
[9.934s] INFO:colcon.colcon_core.shell:Creating prefix chain script '/home/arwa/ros2_ws/install/setup.zsh'
