[0.469s] DEBUG:colcon:Command line arguments: ['/usr/bin/colcon', 'build']
[0.469s] DEBUG:colcon:Parsed command line arguments: Namespace(log_base=None, log_level=None, verb_name='build', build_base='build', install_base='install', merge_install=False, symlink_install=False, test_result_base=None, continue_on_error=False, executor='parallel', parallel_workers=4, event_handlers=None, ignore_user_meta=False, metas=['./colcon.meta'], base_paths=['.'], packages_ignore=None, packages_ignore_regex=None, paths=None, packages_up_to=None, packages_up_to_regex=None, packages_above=None, packages_above_and_dependencies=None, packages_above_depth=None, packages_select_by_dep=None, packages_skip_by_dep=None, packages_skip_up_to=None, packages_select_build_failed=False, packages_skip_build_finished=False, packages_select_test_failures=False, packages_skip_test_passed=False, packages_select=None, packages_skip=None, packages_select_regex=None, packages_skip_regex=None, packages_start=None, packages_end=None, allow_overriding=[], cmake_args=None, cmake_target=None, cmake_target_skip_unavailable=False, cmake_clean_cache=False, cmake_clean_first=False, cmake_force_configure=False, ament_cmake_args=None, catkin_cmake_args=None, catkin_skip_building_tests=False, mixin_files=None, mixin=None, verb_parser=<colcon_mixin.mixin.mixin_argument.MixinArgumentDecorator object at 0x7e400e1a90a0>, verb_extension=<colcon_core.verb.build.BuildVerb object at 0x7e400e1a8c80>, main=<bound method BuildVerb.main of <colcon_core.verb.build.BuildVerb object at 0x7e400e1a8c80>>, mixin_verb=('build',))
[0.626s] Level 1:colcon.colcon_core.package_discovery:discover_packages(colcon_meta) check parameters
[0.626s] Level 1:colcon.colcon_core.package_discovery:discover_packages(recursive) check parameters
[0.626s] Level 1:colcon.colcon_core.package_discovery:discover_packages(ignore) check parameters
[0.626s] Level 1:colcon.colcon_core.package_discovery:discover_packages(path) check parameters
[0.626s] Level 1:colcon.colcon_core.package_discovery:discover_packages(colcon_meta) discover
[0.626s] Level 1:colcon.colcon_core.package_discovery:discover_packages(recursive) discover
[0.626s] INFO:colcon.colcon_core.package_discovery:Crawling recursively for packages in '/home/arwa/ros2_ws'
[0.626s] Level 1:colcon.colcon_core.package_identification:_identify(.) by extensions ['ignore', 'ignore_ament_install']
[0.626s] Level 1:colcon.colcon_core.package_identification:_identify(.) by extension 'ignore'
[0.626s] Level 1:colcon.colcon_core.package_identification:_identify(.) by extension 'ignore_ament_install'
[0.626s] Level 1:colcon.colcon_core.package_identification:_identify(.) by extensions ['colcon_pkg']
[0.627s] Level 1:colcon.colcon_core.package_identification:_identify(.) by extension 'colcon_pkg'
[0.627s] Level 1:colcon.colcon_core.package_identification:_identify(.) by extensions ['colcon_meta']
[0.627s] Level 1:colcon.colcon_core.package_identification:_identify(.) by extension 'colcon_meta'
[0.627s] Level 1:colcon.colcon_core.package_identification:_identify(.) by extensions ['ros']
[0.627s] Level 1:colcon.colcon_core.package_identification:_identify(.) by extension 'ros'
[0.686s] Level 1:colcon.colcon_core.package_identification:_identify(.) by extensions ['cmake', 'python']
[0.686s] Level 1:colcon.colcon_core.package_identification:_identify(.) by extension 'cmake'
[0.686s] Level 1:colcon.colcon_core.package_identification:_identify(.) by extension 'python'
[0.686s] Level 1:colcon.colcon_core.package_identification:_identify(.) by extensions ['python_setup_py']
[0.686s] Level 1:colcon.colcon_core.package_identification:_identify(.) by extension 'python_setup_py'
[0.686s] Level 1:colcon.colcon_core.package_identification:_identify(build) by extensions ['ignore', 'ignore_ament_install']
[0.686s] Level 1:colcon.colcon_core.package_identification:_identify(build) by extension 'ignore'
[0.686s] Level 1:colcon.colcon_core.package_identification:_identify(build) ignored
[0.687s] Level 1:colcon.colcon_core.package_identification:_identify(install) by extensions ['ignore', 'ignore_ament_install']
[0.687s] Level 1:colcon.colcon_core.package_identification:_identify(install) by extension 'ignore'
[0.687s] Level 1:colcon.colcon_core.package_identification:_identify(install) ignored
[0.687s] Level 1:colcon.colcon_core.package_identification:_identify(log) by extensions ['ignore', 'ignore_ament_install']
[0.687s] Level 1:colcon.colcon_core.package_identification:_identify(log) by extension 'ignore'
[0.687s] Level 1:colcon.colcon_core.package_identification:_identify(log) ignored
[0.688s] Level 1:colcon.colcon_core.package_identification:_identify(src) by extensions ['ignore', 'ignore_ament_install']
[0.688s] Level 1:colcon.colcon_core.package_identification:_identify(src) by extension 'ignore'
[0.688s] Level 1:colcon.colcon_core.package_identification:_identify(src) by extension 'ignore_ament_install'
[0.688s] Level 1:colcon.colcon_core.package_identification:_identify(src) by extensions ['colcon_pkg']
[0.688s] Level 1:colcon.colcon_core.package_identification:_identify(src) by extension 'colcon_pkg'
[0.688s] Level 1:colcon.colcon_core.package_identification:_identify(src) by extensions ['colcon_meta']
[0.688s] Level 1:colcon.colcon_core.package_identification:_identify(src) by extension 'colcon_meta'
[0.688s] Level 1:colcon.colcon_core.package_identification:_identify(src) by extensions ['ros']
[0.688s] Level 1:colcon.colcon_core.package_identification:_identify(src) by extension 'ros'
[0.688s] Level 1:colcon.colcon_core.package_identification:_identify(src) by extensions ['cmake', 'python']
[0.688s] Level 1:colcon.colcon_core.package_identification:_identify(src) by extension 'cmake'
[0.689s] Level 1:colcon.colcon_core.package_identification:_identify(src) by extension 'python'
[0.689s] Level 1:colcon.colcon_core.package_identification:_identify(src) by extensions ['python_setup_py']
[0.689s] Level 1:colcon.colcon_core.package_identification:_identify(src) by extension 'python_setup_py'
[0.689s] Level 1:colcon.colcon_core.package_identification:_identify(src/lidar_reader) by extensions ['ignore', 'ignore_ament_install']
[0.689s] Level 1:colcon.colcon_core.package_identification:_identify(src/lidar_reader) by extension 'ignore'
[0.689s] Level 1:colcon.colcon_core.package_identification:_identify(src/lidar_reader) by extension 'ignore_ament_install'
[0.689s] Level 1:colcon.colcon_core.package_identification:_identify(src/lidar_reader) by extensions ['colcon_pkg']
[0.690s] Level 1:colcon.colcon_core.package_identification:_identify(src/lidar_reader) by extension 'colcon_pkg'
[0.690s] Level 1:colcon.colcon_core.package_identification:_identify(src/lidar_reader) by extensions ['colcon_meta']
[0.690s] Level 1:colcon.colcon_core.package_identification:_identify(src/lidar_reader) by extension 'colcon_meta'
[0.690s] Level 1:colcon.colcon_core.package_identification:_identify(src/lidar_reader) by extensions ['ros']
[0.690s] Level 1:colcon.colcon_core.package_identification:_identify(src/lidar_reader) by extension 'ros'
[0.699s] DEBUG:colcon.colcon_core.package_identification:Package 'src/lidar_reader' with type 'ros.ament_python' and name 'lidar_reader'
[0.700s] Level 1:colcon.colcon_core.package_identification:_identify(src/obstacle_detection) by extensions ['ignore', 'ignore_ament_install']
[0.701s] Level 1:colcon.colcon_core.package_identification:_identify(src/obstacle_detection) by extension 'ignore'
[0.701s] Level 1:colcon.colcon_core.package_identification:_identify(src/obstacle_detection) by extension 'ignore_ament_install'
[0.701s] Level 1:colcon.colcon_core.package_identification:_identify(src/obstacle_detection) by extensions ['colcon_pkg']
[0.701s] Level 1:colcon.colcon_core.package_identification:_identify(src/obstacle_detection) by extension 'colcon_pkg'
[0.701s] Level 1:colcon.colcon_core.package_identification:_identify(src/obstacle_detection) by extensions ['colcon_meta']
[0.701s] Level 1:colcon.colcon_core.package_identification:_identify(src/obstacle_detection) by extension 'colcon_meta'
[0.701s] Level 1:colcon.colcon_core.package_identification:_identify(src/obstacle_detection) by extensions ['ros']
[0.701s] Level 1:colcon.colcon_core.package_identification:_identify(src/obstacle_detection) by extension 'ros'
[0.703s] DEBUG:colcon.colcon_core.package_identification:Package 'src/obstacle_detection' with type 'ros.ament_python' and name 'obstacle_detection'
[0.703s] Level 1:colcon.colcon_core.package_discovery:discover_packages(recursive) using defaults
[0.703s] Level 1:colcon.colcon_core.package_discovery:discover_packages(ignore) discover
[0.703s] Level 1:colcon.colcon_core.package_discovery:discover_packages(ignore) using defaults
[0.703s] Level 1:colcon.colcon_core.package_discovery:discover_packages(path) discover
[0.704s] Level 1:colcon.colcon_core.package_discovery:discover_packages(path) using defaults
[0.761s] Level 1:colcon.colcon_core.package_discovery:discover_packages(prefix_path) check parameters
[0.761s] Level 1:colcon.colcon_core.package_discovery:discover_packages(prefix_path) discover
[0.775s] DEBUG:colcon.colcon_installed_package_information.package_discovery:Found 483 installed packages in /opt/ros/jazzy
[0.780s] Level 1:colcon.colcon_core.package_discovery:discover_packages(prefix_path) using defaults
[0.895s] Level 5:colcon.colcon_core.verb:set package 'lidar_reader' build argument 'cmake_args' from command line to 'None'
[0.895s] Level 5:colcon.colcon_core.verb:set package 'lidar_reader' build argument 'cmake_target' from command line to 'None'
[0.895s] Level 5:colcon.colcon_core.verb:set package 'lidar_reader' build argument 'cmake_target_skip_unavailable' from command line to 'False'
[0.895s] Level 5:colcon.colcon_core.verb:set package 'lidar_reader' build argument 'cmake_clean_cache' from command line to 'False'
[0.895s] Level 5:colcon.colcon_core.verb:set package 'lidar_reader' build argument 'cmake_clean_first' from command line to 'False'
[0.895s] Level 5:colcon.colcon_core.verb:set package 'lidar_reader' build argument 'cmake_force_configure' from command line to 'False'
[0.895s] Level 5:colcon.colcon_core.verb:set package 'lidar_reader' build argument 'ament_cmake_args' from command line to 'None'
[0.895s] Level 5:colcon.colcon_core.verb:set package 'lidar_reader' build argument 'catkin_cmake_args' from command line to 'None'
[0.895s] Level 5:colcon.colcon_core.verb:set package 'lidar_reader' build argument 'catkin_skip_building_tests' from command line to 'False'
[0.895s] DEBUG:colcon.colcon_core.verb:Building package 'lidar_reader' with the following arguments: {'ament_cmake_args': None, 'build_base': '/home/arwa/ros2_ws/build/lidar_reader', 'catkin_cmake_args': None, 'catkin_skip_building_tests': False, 'cmake_args': None, 'cmake_clean_cache': False, 'cmake_clean_first': False, 'cmake_force_configure': False, 'cmake_target': None, 'cmake_target_skip_unavailable': False, 'install_base': '/home/arwa/ros2_ws/install/lidar_reader', 'merge_install': False, 'path': '/home/arwa/ros2_ws/src/lidar_reader', 'symlink_install': False, 'test_result_base': None}
[0.895s] Level 5:colcon.colcon_core.verb:set package 'obstacle_detection' build argument 'cmake_args' from command line to 'None'
[0.896s] Level 5:colcon.colcon_core.verb:set package 'obstacle_detection' build argument 'cmake_target' from command line to 'None'
[0.896s] Level 5:colcon.colcon_core.verb:set package 'obstacle_detection' build argument 'cmake_target_skip_unavailable' from command line to 'False'
[0.896s] Level 5:colcon.colcon_core.verb:set package 'obstacle_detection' build argument 'cmake_clean_cache' from command line to 'False'
[0.896s] Level 5:colcon.colcon_core.verb:set package 'obstacle_detection' build argument 'cmake_clean_first' from command line to 'False'
[0.896s] Level 5:colcon.colcon_core.verb:set package 'obstacle_detection' build argument 'cmake_force_configure' from command line to 'False'
[0.896s] Level 5:colcon.colcon_core.verb:set package 'obstacle_detection' build argument 'ament_cmake_args' from command line to 'None'
[0.896s] Level 5:colcon.colcon_core.verb:set package 'obstacle_detection' build argument 'catkin_cmake_args' from command line to 'None'
[0.896s] Level 5:colcon.colcon_core.verb:set package 'obstacle_detection' build argument 'catkin_skip_building_tests' from command line to 'False'
[0.896s] DEBUG:colcon.colcon_core.verb:Building package 'obstacle_detection' with the following arguments: {'ament_cmake_args': None, 'build_base': '/home/arwa/ros2_ws/build/obstacle_detection', 'catkin_cmake_args': None, 'catkin_skip_building_tests': False, 'cmake_args': None, 'cmake_clean_cache': False, 'cmake_clean_first': False, 'cmake_force_configure': False, 'cmake_target': None, 'cmake_target_skip_unavailable': False, 'install_base': '/home/arwa/ros2_ws/install/obstacle_detection', 'merge_install': False, 'path': '/home/arwa/ros2_ws/src/obstacle_detection', 'symlink_install': False, 'test_result_base': None}
[0.896s] INFO:colcon.colcon_core.executor:Executing jobs using 'parallel' executor
[0.897s] DEBUG:colcon.colcon_parallel_executor.executor.parallel:run_until_complete
[0.897s] INFO:colcon.colcon_ros.task.ament_python.build:Building ROS package in '/home/arwa/ros2_ws/src/lidar_reader' with build type 'ament_python'
[0.897s] Level 1:colcon.colcon_core.shell:create_environment_hook('lidar_reader', 'ament_prefix_path')
[0.914s] INFO:colcon.colcon_core.plugin_system:Skipping extension 'colcon_core.shell.bat': Not used on non-Windows systems
[0.914s] INFO:colcon.colcon_core.shell:Creating environment hook '/home/arwa/ros2_ws/install/lidar_reader/share/lidar_reader/hook/ament_prefix_path.ps1'
[0.917s] INFO:colcon.colcon_core.shell:Creating environment descriptor '/home/arwa/ros2_ws/install/lidar_reader/share/lidar_reader/hook/ament_prefix_path.dsv'
[0.919s] INFO:colcon.colcon_core.shell:Creating environment hook '/home/arwa/ros2_ws/install/lidar_reader/share/lidar_reader/hook/ament_prefix_path.sh'
[0.922s] INFO:colcon.colcon_core.shell:Skip shell extension 'powershell' for command environment: Not usable outside of PowerShell
[0.922s] DEBUG:colcon.colcon_core.shell:Skip shell extension 'dsv' for command environment
[0.933s] INFO:colcon.colcon_ros.task.ament_python.build:Building ROS package in '/home/arwa/ros2_ws/src/obstacle_detection' with build type 'ament_python'
[0.933s] Level 1:colcon.colcon_core.shell:create_environment_hook('obstacle_detection', 'ament_prefix_path')
[0.934s] INFO:colcon.colcon_core.shell:Creating environment hook '/home/arwa/ros2_ws/install/obstacle_detection/share/obstacle_detection/hook/ament_prefix_path.ps1'
[0.935s] INFO:colcon.colcon_core.shell:Creating environment descriptor '/home/arwa/ros2_ws/install/obstacle_detection/share/obstacle_detection/hook/ament_prefix_path.dsv'
[0.937s] INFO:colcon.colcon_core.shell:Creating environment hook '/home/arwa/ros2_ws/install/obstacle_detection/share/obstacle_detection/hook/ament_prefix_path.sh'
[0.943s] INFO:colcon.colcon_core.shell:Skip shell extension 'powershell' for command environment: Not usable outside of PowerShell
[0.945s] DEBUG:colcon.colcon_core.shell:Skip shell extension 'dsv' for command environment
[1.499s] INFO:colcon.colcon_core.task.python.build:Building Python package in '/home/arwa/ros2_ws/src/lidar_reader'
[1.499s] INFO:colcon.colcon_core.shell:Skip shell extension 'powershell' for command environment: Not usable outside of PowerShell
[1.499s] DEBUG:colcon.colcon_core.shell:Skip shell extension 'dsv' for command environment
[2.018s] INFO:colcon.colcon_core.task.python.build:Building Python package in '/home/arwa/ros2_ws/src/obstacle_detection'
[2.018s] INFO:colcon.colcon_core.shell:Skip shell extension 'powershell' for command environment: Not usable outside of PowerShell
[2.019s] DEBUG:colcon.colcon_core.shell:Skip shell extension 'dsv' for command environment
[4.235s] DEBUG:colcon.colcon_core.event_handler.log_command:Invoking command in '/home/arwa/ros2_ws/src/lidar_reader': DEBUGINFOD_URLS=https://debuginfod.ubuntu.com PYTHONPATH=/home/arwa/ros2_ws/build/lidar_reader/prefix_override:/usr/lib/python3/dist-packages/colcon_core/task/python/colcon_distutils_commands:/home/arwa/ros2_ws/install/lidar_reader/lib/python3.12/site-packages:${PYTHONPATH} /usr/bin/python3 -W ignore:setup.py install is deprecated -W ignore:easy_install command is deprecated setup.py egg_info --egg-base ../../build/lidar_reader build --build-base /home/arwa/ros2_ws/build/lidar_reader/build install --record /home/arwa/ros2_ws/build/lidar_reader/install.log --single-version-externally-managed install_data
[4.240s] DEBUG:colcon.colcon_core.event_handler.log_command:Invoking command in '/home/arwa/ros2_ws/src/obstacle_detection': DEBUGINFOD_URLS=https://debuginfod.ubuntu.com PYTHONPATH=/home/arwa/ros2_ws/build/obstacle_detection/prefix_override:/usr/lib/python3/dist-packages/colcon_core/task/python/colcon_distutils_commands:/home/arwa/ros2_ws/install/obstacle_detection/lib/python3.12/site-packages:${PYTHONPATH} /usr/bin/python3 -W ignore:setup.py install is deprecated -W ignore:easy_install command is deprecated setup.py egg_info --egg-base ../../build/obstacle_detection build --build-base /home/arwa/ros2_ws/build/obstacle_detection/build install --record /home/arwa/ros2_ws/build/obstacle_detection/install.log --single-version-externally-managed install_data
[5.357s] DEBUG:colcon.colcon_core.event_handler.log_command:Invoked command in '/home/arwa/ros2_ws/src/obstacle_detection' returned '0': DEBUGINFOD_URLS=https://debuginfod.ubuntu.com PYTHONPATH=/home/arwa/ros2_ws/build/obstacle_detection/prefix_override:/usr/lib/python3/dist-packages/colcon_core/task/python/colcon_distutils_commands:/home/arwa/ros2_ws/install/obstacle_detection/lib/python3.12/site-packages:${PYTHONPATH} /usr/bin/python3 -W ignore:setup.py install is deprecated -W ignore:easy_install command is deprecated setup.py egg_info --egg-base ../../build/obstacle_detection build --build-base /home/arwa/ros2_ws/build/obstacle_detection/build install --record /home/arwa/ros2_ws/build/obstacle_detection/install.log --single-version-externally-managed install_data
[5.389s] Level 1:colcon.colcon_core.environment:checking '/home/arwa/ros2_ws/install/obstacle_detection' for CMake module files
[5.390s] Level 1:colcon.colcon_core.environment:checking '/home/arwa/ros2_ws/install/obstacle_detection' for CMake config files
[5.391s] Level 1:colcon.colcon_core.environment:checking '/home/arwa/ros2_ws/install/obstacle_detection/lib'
[5.392s] Level 1:colcon.colcon_core.environment:checking '/home/arwa/ros2_ws/install/obstacle_detection/bin'
[5.392s] Level 1:colcon.colcon_core.environment:checking '/home/arwa/ros2_ws/install/obstacle_detection/lib/pkgconfig/obstacle_detection.pc'
[5.392s] Level 1:colcon.colcon_core.environment:checking '/home/arwa/ros2_ws/install/obstacle_detection/lib/python3.12/site-packages'
[5.392s] Level 1:colcon.colcon_core.shell:create_environment_hook('obstacle_detection', 'pythonpath')
[5.393s] INFO:colcon.colcon_core.shell:Creating environment hook '/home/arwa/ros2_ws/install/obstacle_detection/share/obstacle_detection/hook/pythonpath.ps1'
[5.393s] INFO:colcon.colcon_core.shell:Creating environment descriptor '/home/arwa/ros2_ws/install/obstacle_detection/share/obstacle_detection/hook/pythonpath.dsv'
[5.394s] INFO:colcon.colcon_core.shell:Creating environment hook '/home/arwa/ros2_ws/install/obstacle_detection/share/obstacle_detection/hook/pythonpath.sh'
[5.395s] Level 1:colcon.colcon_core.environment:checking '/home/arwa/ros2_ws/install/obstacle_detection/bin'
[5.395s] Level 1:colcon.colcon_core.environment:create_environment_scripts_only(obstacle_detection)
[5.396s] INFO:colcon.colcon_core.shell:Creating package script '/home/arwa/ros2_ws/install/obstacle_detection/share/obstacle_detection/package.ps1'
[5.399s] INFO:colcon.colcon_core.shell:Creating package descriptor '/home/arwa/ros2_ws/install/obstacle_detection/share/obstacle_detection/package.dsv'
[5.402s] INFO:colcon.colcon_core.shell:Creating package script '/home/arwa/ros2_ws/install/obstacle_detection/share/obstacle_detection/package.sh'
[5.404s] INFO:colcon.colcon_core.shell:Creating package script '/home/arwa/ros2_ws/install/obstacle_detection/share/obstacle_detection/package.bash'
[5.407s] INFO:colcon.colcon_core.shell:Creating package script '/home/arwa/ros2_ws/install/obstacle_detection/share/obstacle_detection/package.zsh'
[5.410s] Level 1:colcon.colcon_core.environment:create_file_with_runtime_dependencies(/home/arwa/ros2_ws/install/obstacle_detection/share/colcon-core/packages/obstacle_detection)
[5.434s] Level 1:colcon.colcon_core.environment:checking '/home/arwa/ros2_ws/install/lidar_reader' for CMake module files
[5.435s] DEBUG:colcon.colcon_core.event_handler.log_command:Invoked command in '/home/arwa/ros2_ws/src/lidar_reader' returned '0': DEBUGINFOD_URLS=https://debuginfod.ubuntu.com PYTHONPATH=/home/arwa/ros2_ws/build/lidar_reader/prefix_override:/usr/lib/python3/dist-packages/colcon_core/task/python/colcon_distutils_commands:/home/arwa/ros2_ws/install/lidar_reader/lib/python3.12/site-packages:${PYTHONPATH} /usr/bin/python3 -W ignore:setup.py install is deprecated -W ignore:easy_install command is deprecated setup.py egg_info --egg-base ../../build/lidar_reader build --build-base /home/arwa/ros2_ws/build/lidar_reader/build install --record /home/arwa/ros2_ws/build/lidar_reader/install.log --single-version-externally-managed install_data
[5.435s] Level 1:colcon.colcon_core.environment:checking '/home/arwa/ros2_ws/install/lidar_reader' for CMake config files
[5.436s] Level 1:colcon.colcon_core.environment:checking '/home/arwa/ros2_ws/install/lidar_reader/lib'
[5.436s] Level 1:colcon.colcon_core.environment:checking '/home/arwa/ros2_ws/install/lidar_reader/bin'
[5.436s] Level 1:colcon.colcon_core.environment:checking '/home/arwa/ros2_ws/install/lidar_reader/lib/pkgconfig/lidar_reader.pc'
[5.437s] Level 1:colcon.colcon_core.environment:checking '/home/arwa/ros2_ws/install/lidar_reader/lib/python3.12/site-packages'
[5.437s] Level 1:colcon.colcon_core.shell:create_environment_hook('lidar_reader', 'pythonpath')
[5.437s] INFO:colcon.colcon_core.shell:Creating environment hook '/home/arwa/ros2_ws/install/lidar_reader/share/lidar_reader/hook/pythonpath.ps1'
[5.438s] INFO:colcon.colcon_core.shell:Creating environment descriptor '/home/arwa/ros2_ws/install/lidar_reader/share/lidar_reader/hook/pythonpath.dsv'
[5.439s] INFO:colcon.colcon_core.shell:Creating environment hook '/home/arwa/ros2_ws/install/lidar_reader/share/lidar_reader/hook/pythonpath.sh'
[5.443s] Level 1:colcon.colcon_core.environment:checking '/home/arwa/ros2_ws/install/lidar_reader/bin'
[5.444s] Level 1:colcon.colcon_core.environment:create_environment_scripts_only(lidar_reader)
[5.444s] INFO:colcon.colcon_core.shell:Creating package script '/home/arwa/ros2_ws/install/lidar_reader/share/lidar_reader/package.ps1'
[5.445s] INFO:colcon.colcon_core.shell:Creating package descriptor '/home/arwa/ros2_ws/install/lidar_reader/share/lidar_reader/package.dsv'
[5.446s] INFO:colcon.colcon_core.shell:Creating package script '/home/arwa/ros2_ws/install/lidar_reader/share/lidar_reader/package.sh'
[5.447s] INFO:colcon.colcon_core.shell:Creating package script '/home/arwa/ros2_ws/install/lidar_reader/share/lidar_reader/package.bash'
[5.448s] INFO:colcon.colcon_core.shell:Creating package script '/home/arwa/ros2_ws/install/lidar_reader/share/lidar_reader/package.zsh'
[5.448s] Level 1:colcon.colcon_core.environment:create_file_with_runtime_dependencies(/home/arwa/ros2_ws/install/lidar_reader/share/colcon-core/packages/lidar_reader)
[5.449s] DEBUG:colcon.colcon_parallel_executor.executor.parallel:closing loop
[5.450s] DEBUG:colcon.colcon_parallel_executor.executor.parallel:loop closed
[5.450s] DEBUG:colcon.colcon_parallel_executor.executor.parallel:run_until_complete finished with '0'
[5.450s] DEBUG:colcon.colcon_core.event_reactor:joining thread
[5.497s] INFO:colcon.colcon_core.plugin_system:Skipping extension 'colcon_notification.desktop_notification.terminal_notifier': Not used on non-Darwin systems
[5.497s] INFO:colcon.colcon_core.plugin_system:Skipping extension 'colcon_notification.desktop_notification.win32': Not used on non-Windows systems
[5.497s] INFO:colcon.colcon_notification.desktop_notification:Sending desktop notification using 'notify2'
[5.620s] DEBUG:colcon.colcon_core.event_reactor:joined thread
[5.621s] INFO:colcon.colcon_core.shell:Creating prefix script '/home/arwa/ros2_ws/install/local_setup.ps1'
[5.623s] INFO:colcon.colcon_core.shell:Creating prefix util module '/home/arwa/ros2_ws/install/_local_setup_util_ps1.py'
[5.626s] INFO:colcon.colcon_core.shell:Creating prefix chain script '/home/arwa/ros2_ws/install/setup.ps1'
[5.628s] INFO:colcon.colcon_core.shell:Creating prefix script '/home/arwa/ros2_ws/install/local_setup.sh'
[5.630s] INFO:colcon.colcon_core.shell:Creating prefix util module '/home/arwa/ros2_ws/install/_local_setup_util_sh.py'
[5.631s] INFO:colcon.colcon_core.shell:Creating prefix chain script '/home/arwa/ros2_ws/install/setup.sh'
[5.634s] INFO:colcon.colcon_core.shell:Creating prefix script '/home/arwa/ros2_ws/install/local_setup.bash'
[5.638s] INFO:colcon.colcon_core.shell:Creating prefix chain script '/home/arwa/ros2_ws/install/setup.bash'
[5.641s] INFO:colcon.colcon_core.shell:Creating prefix script '/home/arwa/ros2_ws/install/local_setup.zsh'
[5.643s] INFO:colcon.colcon_core.shell:Creating prefix chain script '/home/arwa/ros2_ws/install/setup.zsh'
