[2.684s] Invoking command in '/home/arwa/ros2_ws/src/lidar_reader': DEBUGINFOD_URLS=https://debuginfod.ubuntu.com PYTHONPATH=/home/arwa/ros2_ws/src/build/lidar_reader/prefix_override:/usr/lib/python3/dist-packages/colcon_core/task/python/colcon_distutils_commands:/home/arwa/ros2_ws/src/install/lidar_reader/lib/python3.12/site-packages:${PYTHONPATH} /usr/bin/python3 -W ignore:setup.py install is deprecated -W ignore:easy_install command is deprecated setup.py egg_info --egg-base ../build/lidar_reader build --build-base /home/arwa/ros2_ws/src/build/lidar_reader/build install --record /home/arwa/ros2_ws/src/build/lidar_reader/install.log --single-version-externally-managed install_data
[3.354s] running egg_info
[3.354s] creating ../build/lidar_reader/lidar_reader.egg-info
[3.416s] writing ../build/lidar_reader/lidar_reader.egg-info/PKG-INFO
[3.417s] writing dependency_links to ../build/lidar_reader/lidar_reader.egg-info/dependency_links.txt
[3.417s] writing requirements to ../build/lidar_reader/lidar_reader.egg-info/requires.txt
[3.417s] writing top-level names to ../build/lidar_reader/lidar_reader.egg-info/top_level.txt
[3.418s] writing manifest file '../build/lidar_reader/lidar_reader.egg-info/SOURCES.txt'
[3.492s] reading manifest file '../build/lidar_reader/lidar_reader.egg-info/SOURCES.txt'
[3.494s] writing manifest file '../build/lidar_reader/lidar_reader.egg-info/SOURCES.txt'
[3.494s] running build
[3.495s] running install
[3.515s] running install_data
[3.515s] creating /home/arwa/ros2_ws/src/install/lidar_reader/share/ament_index
[3.515s] creating /home/arwa/ros2_ws/src/install/lidar_reader/share/ament_index/resource_index
[3.516s] creating /home/arwa/ros2_ws/src/install/lidar_reader/share/ament_index/resource_index/packages
[3.516s] copying resource/lidar_reader -> /home/arwa/ros2_ws/src/install/lidar_reader/share/ament_index/resource_index/packages
[3.516s] copying package.xml -> /home/arwa/ros2_ws/src/install/lidar_reader/share/lidar_reader
[3.516s] running install_egg_info
[3.616s] Copying ../build/lidar_reader/lidar_reader.egg-info to /home/arwa/ros2_ws/src/install/lidar_reader/lib/python3.12/site-packages/lidar_reader-0.0.0-py3.12.egg-info
[3.617s] running install_scripts
[3.919s] writing list of installed files to '/home/arwa/ros2_ws/src/build/lidar_reader/install.log'
[3.995s] Invoked command in '/home/arwa/ros2_ws/src/lidar_reader' returned '0': DEBUGINFOD_URLS=https://debuginfod.ubuntu.com PYTHONPATH=/home/arwa/ros2_ws/src/build/lidar_reader/prefix_override:/usr/lib/python3/dist-packages/colcon_core/task/python/colcon_distutils_commands:/home/arwa/ros2_ws/src/install/lidar_reader/lib/python3.12/site-packages:${PYTHONPATH} /usr/bin/python3 -W ignore:setup.py install is deprecated -W ignore:easy_install command is deprecated setup.py egg_info --egg-base ../build/lidar_reader build --build-base /home/arwa/ros2_ws/src/build/lidar_reader/build install --record /home/arwa/ros2_ws/src/build/lidar_reader/install.log --single-version-externally-managed install_data
