-- The C compiler identification is GNU 13.3.0
-- The CXX compiler identification is GNU 13.3.0
-- Detecting C compiler ABI info
-- Detecting C compiler ABI info - done
-- Check for working C compiler: /usr/bin/cc - skipped
-- Detecting C compile features
-- Detecting C compile features - done
-- Detecting CXX compiler ABI info
-- Detecting CXX compiler ABI info - done
-- Check for working CXX compiler: /usr/bin/c++ - skipped
-- Detecting CXX compile features
-- Detecting CXX compile features - done
-- Found ament_cmake: 2.5.4 (/opt/ros/jazzy/share/ament_cmake/cmake)
-- Found Python3: /usr/bin/python3 (found version "3.12.3") found components: Interpreter 
-- Found ament_lint_auto: 0.17.3 (/opt/ros/jazzy/share/ament_lint_auto/cmake)
WARNING: Package name "AutoProject" does not follow the naming conventions. It should start with a lower case letter and only contain lower case letters, digits, underscores, and dashes.
-- Added test 'flake8' to check Python code syntax and style conventions
-- Configured 'flake8' exclude dirs and/or files: 
-- Added test 'lint_cmake' to check CMake code style
-- Added test 'pep257' to check Python code against some of the docstring style conventions in PEP 257
-- Added test 'xmllint' to check XML markup files
-- Configuring done (7.4s)
-- Generating done (0.0s)
-- Build files have been written to: /home/youss/auto_ws/build/AutoProject
-- Install configuration: ""
-- Installing: /home/youss/auto_ws/install/AutoProject/share/AutoProject/launch
-- Installing: /home/youss/auto_ws/install/AutoProject/share/AutoProject/launch/tb4_simulation.launch.py:Zone.Identifier
-- Installing: /home/youss/auto_ws/install/AutoProject/share/AutoProject/launch/sim.launch.py:Zone.Identifier
-- Installing: /home/youss/auto_ws/install/AutoProject/share/AutoProject/launch/sim.launch.py
-- Installing: /home/youss/auto_ws/install/AutoProject/share/AutoProject/launch/tb4_simulation.launch.py
-- Installing: /home/youss/auto_ws/install/AutoProject/share/AutoProject/worlds
-- Installing: /home/youss/auto_ws/install/AutoProject/share/AutoProject/worlds/lane_visual.sdf
-- Installing: /home/youss/auto_ws/install/AutoProject/share/AutoProject/worlds/doubleLane.sdf:Zone.Identifier
-- Installing: /home/youss/auto_ws/install/AutoProject/share/AutoProject/worlds/doubleLane.sdf
-- Installing: /home/youss/auto_ws/install/AutoProject/share/AutoProject/worlds/lane_visual.sdf:Zone.Identifier
-- Installing: /home/youss/auto_ws/install/AutoProject/share/ament_index/resource_index/package_run_dependencies/AutoProject
-- Installing: /home/youss/auto_ws/install/AutoProject/share/ament_index/resource_index/parent_prefix_path/AutoProject
-- Installing: /home/youss/auto_ws/install/AutoProject/share/AutoProject/environment/ament_prefix_path.sh
-- Installing: /home/youss/auto_ws/install/AutoProject/share/AutoProject/environment/ament_prefix_path.dsv
-- Installing: /home/youss/auto_ws/install/AutoProject/share/AutoProject/environment/path.sh
-- Installing: /home/youss/auto_ws/install/AutoProject/share/AutoProject/environment/path.dsv
-- Installing: /home/youss/auto_ws/install/AutoProject/share/AutoProject/local_setup.bash
-- Installing: /home/youss/auto_ws/install/AutoProject/share/AutoProject/local_setup.sh
-- Installing: /home/youss/auto_ws/install/AutoProject/share/AutoProject/local_setup.zsh
-- Installing: /home/youss/auto_ws/install/AutoProject/share/AutoProject/local_setup.dsv
-- Installing: /home/youss/auto_ws/install/AutoProject/share/AutoProject/package.dsv
-- Installing: /home/youss/auto_ws/install/AutoProject/share/ament_index/resource_index/packages/AutoProject
-- Installing: /home/youss/auto_ws/install/AutoProject/share/AutoProject/cmake/AutoProjectConfig.cmake
-- Installing: /home/youss/auto_ws/install/AutoProject/share/AutoProject/cmake/AutoProjectConfig-version.cmake
-- Installing: /home/youss/auto_ws/install/AutoProject/share/AutoProject/package.xml
