[5.702s] Invoking command in '/home/arwa/ros2_ws/src/obstacle_detection': DEBUGINFOD_URLS=https://debuginfod.ubuntu.com PYTHONPATH=/home/arwa/ros2_ws/build/obstacle_detection/prefix_override:/usr/lib/python3/dist-packages/colcon_core/task/python/colcon_distutils_commands:/home/arwa/ros2_ws/install/obstacle_detection/lib/python3.12/site-packages:${PYTHONPATH} /usr/bin/python3 -W ignore:setup.py install is deprecated -W ignore:easy_install command is deprecated setup.py egg_info --egg-base ../../build/obstacle_detection build --build-base /home/arwa/ros2_ws/build/obstacle_detection/build install --record /home/arwa/ros2_ws/build/obstacle_detection/install.log --single-version-externally-managed install_data
[7.384s] running egg_info
[7.574s] writing ../../build/obstacle_detection/obstacle_detection.egg-info/PKG-INFO
[7.575s] writing dependency_links to ../../build/obstacle_detection/obstacle_detection.egg-info/dependency_links.txt
[7.576s] writing entry points to ../../build/obstacle_detection/obstacle_detection.egg-info/entry_points.txt
[7.585s] writing requirements to ../../build/obstacle_detection/obstacle_detection.egg-info/requires.txt
[7.587s] writing top-level names to ../../build/obstacle_detection/obstacle_detection.egg-info/top_level.txt
[7.859s] reading manifest file '../../build/obstacle_detection/obstacle_detection.egg-info/SOURCES.txt'
[7.864s] writing manifest file '../../build/obstacle_detection/obstacle_detection.egg-info/SOURCES.txt'
[7.869s] running build
[7.869s] running build_py
[7.869s] running install
[7.885s] running install_lib
[8.022s] running install_data
[8.022s] running install_egg_info
[8.132s] removing '/home/arwa/ros2_ws/install/obstacle_detection/lib/python3.12/site-packages/obstacle_detection-0.0.0-py3.12.egg-info' (and everything under it)
[8.135s] Copying ../../build/obstacle_detection/obstacle_detection.egg-info to /home/arwa/ros2_ws/install/obstacle_detection/lib/python3.12/site-packages/obstacle_detection-0.0.0-py3.12.egg-info
[8.143s] running install_scripts
[8.784s] Installing obstacle_node script to /home/arwa/ros2_ws/install/obstacle_detection/lib/obstacle_detection
[8.787s] writing list of installed files to '/home/arwa/ros2_ws/build/obstacle_detection/install.log'
[8.868s] Invoked command in '/home/arwa/ros2_ws/src/obstacle_detection' returned '0': DEBUGINFOD_URLS=https://debuginfod.ubuntu.com PYTHONPATH=/home/arwa/ros2_ws/build/obstacle_detection/prefix_override:/usr/lib/python3/dist-packages/colcon_core/task/python/colcon_distutils_commands:/home/arwa/ros2_ws/install/obstacle_detection/lib/python3.12/site-packages:${PYTHONPATH} /usr/bin/python3 -W ignore:setup.py install is deprecated -W ignore:easy_install command is deprecated setup.py egg_info --egg-base ../../build/obstacle_detection build --build-base /home/arwa/ros2_ws/build/obstacle_detection/build install --record /home/arwa/ros2_ws/build/obstacle_detection/install.log --single-version-externally-managed install_data
