running egg_info
writing ../../build/AutonomousProject/AutonomousProject.egg-info/PKG-INFO
writing dependency_links to ../../build/AutonomousProject/AutonomousProject.egg-info/dependency_links.txt
writing entry points to ../../build/AutonomousProject/AutonomousProject.egg-info/entry_points.txt
writing requirements to ../../build/AutonomousProject/AutonomousProject.egg-info/requires.txt
writing top-level names to ../../build/AutonomousProject/AutonomousProject.egg-info/top_level.txt
reading manifest file '../../build/AutonomousProject/AutonomousProject.egg-info/SOURCES.txt'
writing manifest file '../../build/AutonomousProject/AutonomousProject.egg-info/SOURCES.txt'
running build
running build_py
running install
running install_lib
running install_data
creating /home/arwa/ros2_ws/install/AutonomousProject/share/AutonomousProject/launch
copying launch/simulation.launch.py -> /home/arwa/ros2_ws/install/AutonomousProject/share/AutonomousProject/launch
copying worlds/doubleLane.sdf -> /home/arwa/ros2_ws/install/AutonomousProject/share/AutonomousProject/worlds
running install_egg_info
removing '/home/arwa/ros2_ws/install/AutonomousProject/lib/python3.12/site-packages/AutonomousProject-0.0.0-py3.12.egg-info' (and everything under it)
Copying ../../build/AutonomousProject/AutonomousProject.egg-info to /home/arwa/ros2_ws/install/AutonomousProject/lib/python3.12/site-packages/AutonomousProject-0.0.0-py3.12.egg-info
running install_scripts
Installing lane_perception script to /home/arwa/ros2_ws/install/AutonomousProject/lib/AutonomousProject
Installing lidar_obstacle script to /home/arwa/ros2_ws/install/AutonomousProject/lib/AutonomousProject
Installing pid_controller script to /home/arwa/ros2_ws/install/AutonomousProject/lib/AutonomousProject
writing list of installed files to '/home/arwa/ros2_ws/build/AutonomousProject/install.log'
